quark@quarkpi-ca2:~/My_Projects/IMX415optimizer$ ./run_streams.sh rtsp 1
Streaming config:
  RTMP    : 0 (rtmp://192.168.137.1/live/livestream)
  RTSP    : 1 (rtsp://192.168.137.1:8554/mystream)
  GB28181 : 0 (/home/quark/My_Projects/IMX415optimizer/gb28181.conf)

StreamLoaderManager created
H.264 extradata from MPP, size: 38 bytes
Loading model id = 0
Loading model id = 1
Streaming started
VIDIOC_S_PARM failed, errno=25
IMX415 opened: /dev/video33, 1920x1080, format=0x3231564e, plane=1
rga_api version 1.10.1_[0]
loadLabelName /home/quark/My_Projects/IMX415optimizer/assets/models/coco_80_labels_list.txt
[IMX415] total=90, fps=27.1401, read_avg_ms=6.12235 ms, read_max_ms=198.917 ms, dqbuf_avg_ms=2.72094, dqbuf_max_ms=191.866, cvt_avg_ms=3.17982, cvt_max_ms=6.71146, qbuf_avg_ms=0.211682, qbuf_max_ms=0.514516, person_interval=6, person_infer_count=15, person_reuse_count=75, person_infer_avg_ms=33.089, person_infer_max_ms=46.4455, person_infer_last_ms=34.6852, helmet_interval=12, helmet_infer_count=8, helmet_reuse_count=82, helmet_infer_avg_ms=32.8547, helmet_infer_max_ms=39.7921, helmet_infer_last_ms=32.6372
[RTSP_WORKER] total=90, fps=26.8238, wait_avg_ms=8.15443, wait_max_ms=32.4276, clone_avg_ms=3.28518, clone_max_ms=14.2618, draw_avg_ms=0.735477, draw_max_ms=1.54238, resize_avg_ms=0, resize_max_ms=0, last_clone_avg_ms=3.06691, last_clone_max_ms=10.6433, encode_avg_ms=10.4864, encode_max_ms=17.5767, write_avg_ms=0.181747, write_max_ms=2.73359, total_avg_ms=25.935, total_max_ms=68.3062, reuse_last=0, encode_ok=90, write_ok=90
Added frame to streaming queue, queue size: 1
Sent frame 100 to RTSP (MPP encoded, size=4574 bytes)
[IMX415] total=180, fps=29.0143, read_avg_ms=3.13297 ms, read_max_ms=5.7011 ms, dqbuf_avg_ms=0.0141851, dqbuf_max_ms=0.034709, cvt_avg_ms=2.84879, cvt_max_ms=5.03345, qbuf_avg_ms=0.259717, qbuf_max_ms=0.653645, person_interval=6, person_infer_count=15, person_reuse_count=75, person_infer_avg_ms=33.8246, person_infer_max_ms=44.5234, person_infer_last_ms=35.2932, helmet_interval=12, helmet_infer_count=7, helmet_reuse_count=83, helmet_infer_avg_ms=33.4835, helmet_infer_max_ms=38.0298, helmet_infer_last_ms=36.2492
[RTSP_WORKER] total=180, fps=29.0341, wait_avg_ms=6.64504, wait_max_ms=33.0365, clone_avg_ms=4.09226, clone_max_ms=18.3975, draw_avg_ms=0.652194, draw_max_ms=1.47938, resize_avg_ms=0, resize_max_ms=0, last_clone_avg_ms=3.43547, last_clone_max_ms=9.24496, encode_avg_ms=10.3715, encode_max_ms=16.8767, write_avg_ms=0.146878, write_max_ms=1.11099, total_avg_ms=25.3562, total_max_ms=59.2202, reuse_last=0, encode_ok=90, write_ok=90
Added frame to streaming queue, queue size: 1
Sent frame 200 to RTSP (MPP encoded, size=2266 bytes)
[IMX415] total=270, fps=29.0529, read_avg_ms=3.16583 ms, read_max_ms=5.41234 ms, dqbuf_avg_ms=0.0133944, dqbuf_max_ms=0.028293, cvt_avg_ms=2.91327, cvt_max_ms=4.96782, qbuf_avg_ms=0.225213, qbuf_max_ms=0.58656, person_interval=6, person_infer_count=15, person_reuse_count=75, person_infer_avg_ms=33.0986, person_infer_max_ms=37.4183, person_infer_last_ms=37.4183, helmet_interval=12, helmet_infer_count=8, helmet_reuse_count=82, helmet_infer_avg_ms=34.4449, helmet_infer_max_ms=38.7141, helmet_infer_last_ms=37.7411
[RTSP_WORKER] total=270, fps=28.9799, wait_avg_ms=5.13942, wait_max_ms=22.1259, clone_avg_ms=3.96952, clone_max_ms=10.1174, draw_avg_ms=0.739581, draw_max_ms=1.55405, resize_avg_ms=0, resize_max_ms=0, last_clone_avg_ms=3.80846, last_clone_max_ms=11.54, encode_avg_ms=10.7095, encode_max_ms=16.9607, write_avg_ms=0.166242, write_max_ms=1.77106, total_avg_ms=24.5463, total_max_ms=47.8598, reuse_last=0, encode_ok=90, write_ok=90
Added frame to streaming queue, queue size: 1
Sent frame 300 to RTSP (MPP encoded, size=2273 bytes)
[IMX415] total=360, fps=29.0441, read_avg_ms=3.53486 ms, read_max_ms=7.49461 ms, dqbuf_avg_ms=0.0140394, dqbuf_max_ms=0.04171, cvt_avg_ms=3.26536, cvt_max_ms=7.32952, qbuf_avg_ms=0.245631, qbuf_max_ms=0.999573, person_interval=6, person_infer_count=15, person_reuse_count=75, person_infer_avg_ms=32.8806, person_infer_max_ms=42.2411, person_infer_last_ms=29.8545, helmet_interval=12, helmet_infer_count=7, helmet_reuse_count=83, helmet_infer_avg_ms=33.7193, helmet_infer_max_ms=42.1767, helmet_infer_last_ms=30.9794
[RTSP_WORKER] total=360, fps=29.1092, wait_avg_ms=5.90808, wait_max_ms=28.1254, clone_avg_ms=4.24555, clone_max_ms=20.1994, draw_avg_ms=0.707783, draw_max_ms=2.23074, resize_avg_ms=0, resize_max_ms=0, last_clone_avg_ms=3.60378, last_clone_max_ms=9.10787, encode_avg_ms=10.6518, encode_max_ms=16.37, write_avg_ms=0.18194, write_max_ms=1.54413, total_avg_ms=25.3133, total_max_ms=67.3045, reuse_last=0, encode_ok=90, write_ok=90
Added frame to streaming queue, queue size: 1
Sent frame 400 to RTSP (MPP encoded, size=3757 bytes)
[IMX415] total=450, fps=28.8637, read_avg_ms=3.24615 ms, read_max_ms=7.01539 ms, dqbuf_avg_ms=0.0126685, dqbuf_max_ms=0.03121, cvt_avg_ms=2.99083, cvt_max_ms=6.57729, qbuf_avg_ms=0.232822, qbuf_max_ms=0.944738, person_interval=6, person_infer_count=15, person_reuse_count=75, person_infer_avg_ms=32.58, person_infer_max_ms=44.4543, person_infer_last_ms=33.9276, helmet_interval=12, helmet_infer_count=8, helmet_reuse_count=82, helmet_infer_avg_ms=35.7371, helmet_infer_max_ms=40.8214, helmet_infer_last_ms=38.1908
[RTSP_WORKER] total=450, fps=28.8692, wait_avg_ms=6.27189, wait_max_ms=32.9754, clone_avg_ms=4.02, clone_max_ms=12.9612, draw_avg_ms=0.638128, draw_max_ms=1.11391, resize_avg_ms=0, resize_max_ms=0, last_clone_avg_ms=3.46216, last_clone_max_ms=9.54072, encode_avg_ms=10.0728, encode_max_ms=14.2227, write_avg_ms=0.275704, write_max_ms=2.69888, total_avg_ms=24.7539, total_max_ms=48.0352, reuse_last=0, encode_ok=90, write_ok=90
Added frame to streaming queue, queue size: 1
Sent frame 500 to RTSP (MPP encoded, size=2753 bytes)
[IMX415] total=540, fps=28.5111, read_avg_ms=3.44279 ms, read_max_ms=7.41936 ms, dqbuf_avg_ms=0.0146777, dqbuf_max_ms=0.030042, cvt_avg_ms=3.15591, cvt_max_ms=7.23502, qbuf_avg_ms=0.262126, qbuf_max_ms=0.642854, person_interval=6, person_infer_count=15, person_reuse_count=75, person_infer_avg_ms=35.199, person_infer_max_ms=41.3875, person_infer_last_ms=34.0333, helmet_interval=12, helmet_infer_count=7, helmet_reuse_count=83, helmet_infer_avg_ms=37.5452, helmet_infer_max_ms=40.3856, helmet_infer_last_ms=37.0801
[RTSP_WORKER] total=540, fps=28.4566, wait_avg_ms=7.05748, wait_max_ms=32.9509, clone_avg_ms=3.98568, clone_max_ms=13.4124, draw_avg_ms=0.686201, draw_max_ms=1.52605, resize_avg_ms=0, resize_max_ms=0, last_clone_avg_ms=3.47936, last_clone_max_ms=9.56068, encode_avg_ms=10.4604, encode_max_ms=15.3506, write_avg_ms=0.172282, write_max_ms=3.0098, total_avg_ms=25.8543, total_max_ms=58.2687, reuse_last=0, encode_ok=90, write_ok=90
Added frame to streaming queue, queue size: 1
Sent frame 600 to RTSP (MPP encoded, size=1970 bytes)
[IMX415] total=630, fps=29.1934, read_avg_ms=3.18582 ms, read_max_ms=6.27132 ms, dqbuf_avg_ms=0.013456, dqbuf_max_ms=0.035001, cvt_avg_ms=2.93604, cvt_max_ms=5.97469, qbuf_avg_ms=0.226846, qbuf_max_ms=0.618936, person_interval=6, person_infer_count=15, person_reuse_count=75, person_infer_avg_ms=31.6658, person_infer_max_ms=38.1355, person_infer_last_ms=31.0432, helmet_interval=12, helmet_infer_count=8, helmet_reuse_count=82, helmet_infer_avg_ms=34.0916, helmet_infer_max_ms=41.4922, helmet_infer_last_ms=31.7037
[RTSP_WORKER] total=630, fps=29.1668, wait_avg_ms=6.45627, wait_max_ms=31.6018, clone_avg_ms=3.77963, clone_max_ms=12.3636, draw_avg_ms=0.641539, draw_max_ms=1.51467, resize_avg_ms=0, resize_max_ms=0, last_clone_avg_ms=3.36485, last_clone_max_ms=9.23621, encode_avg_ms=10.2662, encode_max_ms=17.0689, write_avg_ms=0.142996, write_max_ms=1.15766, total_avg_ms=24.6641, total_max_ms=45.3963, reuse_last=0, encode_ok=90, write_ok=90
Added frame to streaming queue, queue size: 1
Sent frame 700 to RTSP (MPP encoded, size=2766 bytes)
[IMX415] total=720, fps=29.2065, read_avg_ms=3.2615 ms, read_max_ms=6.2022 ms, dqbuf_avg_ms=0.0126685, dqbuf_max_ms=0.027709, cvt_avg_ms=3.02523, cvt_max_ms=5.98081, qbuf_avg_ms=0.21415, qbuf_max_ms=0.599686, person_interval=6, person_infer_count=15, person_reuse_count=75, person_infer_avg_ms=32.0196, person_infer_max_ms=40.7389, person_infer_last_ms=34.426, helmet_interval=12, helmet_infer_count=7, helmet_reuse_count=83, helmet_infer_avg_ms=33.5711, helmet_infer_max_ms=36.0052, helmet_infer_last_ms=36.0052
[RTSP_WORKER] total=720, fps=29.3044, wait_avg_ms=5.87443, wait_max_ms=28.2578, clone_avg_ms=3.81743, clone_max_ms=10.0184, draw_avg_ms=0.666153, draw_max_ms=1.53334, resize_avg_ms=0, resize_max_ms=0, last_clone_avg_ms=3.51096, last_clone_max_ms=7.63724, encode_avg_ms=10.6417, encode_max_ms=18.5281, write_avg_ms=0.170321, write_max_ms=2.08782, total_avg_ms=24.694, total_max_ms=48.0183, reuse_last=0, encode_ok=90, write_ok=90
Added frame to streaming queue, queue size: 1
Sent frame 800 to RTSP (MPP encoded, size=8711 bytes)
[IMX415] total=810, fps=29.1487, read_avg_ms=3.46878 ms, read_max_ms=7.0393 ms, dqbuf_avg_ms=0.0139843, dqbuf_max_ms=0.102087, cvt_avg_ms=3.20608, cvt_max_ms=6.74355, qbuf_avg_ms=0.238689, qbuf_max_ms=0.63352, person_interval=6, person_infer_count=15, person_reuse_count=75, person_infer_avg_ms=31.151, person_infer_max_ms=36.2247, person_infer_last_ms=30.7747, helmet_interval=12, helmet_infer_count=8, helmet_reuse_count=82, helmet_infer_avg_ms=35.3046, helmet_infer_max_ms=39.1828, helmet_infer_last_ms=31.3996
[RTSP_WORKER] total=810, fps=29.1345, wait_avg_ms=5.93398, wait_max_ms=30.0777, clone_avg_ms=3.81979, clone_max_ms=12.4362, draw_avg_ms=0.691224, draw_max_ms=1.6783, resize_avg_ms=0, resize_max_ms=0, last_clone_avg_ms=3.52571, last_clone_max_ms=9.69064, encode_avg_ms=10.4051, encode_max_ms=17.8628, write_avg_ms=0.30162, write_max_ms=2.41508, total_avg_ms=24.6912, total_max_ms=52.1363, reuse_last=0, encode_ok=90, write_ok=90
[IMX415] total=900, fps=28.7042, read_avg_ms=3.31624 ms, read_max_ms=9.62968 ms, dqbuf_avg_ms=0.0211789, dqbuf_max_ms=0.699439, cvt_avg_ms=3.0434, cvt_max_ms=9.19625, qbuf_avg_ms=0.242144, qbuf_max_ms=0.994032, person_interval=6, person_infer_count=15, person_reuse_count=75, person_infer_avg_ms=33.2327, person_infer_max_ms=41.4641, person_infer_last_ms=39.9249, helmet_interval=12, helmet_infer_count=7, helmet_reuse_count=83, helmet_infer_avg_ms=37.6204, helmet_infer_max_ms=45.4891, helmet_infer_last_ms=39.401
Added frame to streaming queue, queue size: 1
Sent frame 900 to RTSP (MPP encoded, size=4175 bytes)
[RTSP_WORKER] total=900, fps=28.7005, wait_avg_ms=7.13025, wait_max_ms=31.1842, clone_avg_ms=4.00147, clone_max_ms=13.6452, draw_avg_ms=0.68922, draw_max_ms=1.55347, resize_avg_ms=0, resize_max_ms=0, last_clone_avg_ms=3.60178, last_clone_max_ms=13.8671, encode_avg_ms=10.3129, encode_max_ms=17.1747, write_avg_ms=0.178963, write_max_ms=1.26646, total_avg_ms=25.928, total_max_ms=52.6705, reuse_last=0, encode_ok=90, write_ok=90
[IMX415] total=990, fps=28.9281, read_avg_ms=3.41147 ms, read_max_ms=9.25429 ms, dqbuf_avg_ms=0.0141528, dqbuf_max_ms=0.033542, cvt_avg_ms=3.14279, cvt_max_ms=8.75319, qbuf_avg_ms=0.244267, qbuf_max_ms=0.958738, person_interval=6, person_infer_count=15, person_reuse_count=75, person_infer_avg_ms=33.5117, person_infer_max_ms=42.3598, person_infer_last_ms=33.1802, helmet_interval=12, helmet_infer_count=8, helmet_reuse_count=82, helmet_infer_avg_ms=32.6235, helmet_infer_max_ms=42.0071, helmet_infer_last_ms=32.018
[RTSP_WORKER] total=990, fps=28.9362, wait_avg_ms=5.32615, wait_max_ms=26.3754, clone_avg_ms=3.96547, clone_max_ms=9.99923, draw_avg_ms=0.638098, draw_max_ms=1.41784, resize_avg_ms=0, resize_max_ms=0, last_clone_avg_ms=3.60369, last_clone_max_ms=10.3606, encode_avg_ms=10.6415, encode_max_ms=17.0076, write_avg_ms=0.204031, write_max_ms=2.76159, total_avg_ms=24.3926, total_max_ms=49.9253, reuse_last=0, encode_ok=90, write_ok=90
Added frame to streaming queue, queue size: 1
Sent frame 1000 to RTSP (MPP encoded, size=3243 bytes)
[IMX415] total=1080, fps=29.1151, read_avg_ms=3.43831 ms, read_max_ms=14.0715 ms, dqbuf_avg_ms=0.0132162, dqbuf_max_ms=0.059502, cvt_avg_ms=3.19399, cvt_max_ms=13.9052, qbuf_avg_ms=0.221756, qbuf_max_ms=0.594727, person_interval=6, person_infer_count=15, person_reuse_count=75, person_infer_avg_ms=30.9722, person_infer_max_ms=36.3146, person_infer_last_ms=32.4998, helmet_interval=12, helmet_infer_count=7, helmet_reuse_count=83, helmet_infer_avg_ms=35.301, helmet_infer_max_ms=47.4097, helmet_infer_last_ms=31.8256
[RTSP_WORKER] total=1080, fps=29.0955, wait_avg_ms=6.55901, wait_max_ms=31.4609, clone_avg_ms=3.91579, clone_max_ms=9.85573, draw_avg_ms=0.669303, draw_max_ms=1.419, resize_avg_ms=0, resize_max_ms=0, last_clone_avg_ms=3.5275, last_clone_max_ms=9.99165, encode_avg_ms=10.4388, encode_max_ms=17.0219, write_avg_ms=0.187856, write_max_ms=1.73722, total_avg_ms=25.3118, total_max_ms=49.4528, reuse_last=0, encode_ok=90, write_ok=90
Added frame to streaming queue, queue size: 1
Sent frame 1100 to RTSP (MPP encoded, size=3454 bytes)
[IMX415] total=1170, fps=29.1024, read_avg_ms=3.53349 ms, read_max_ms=22.1193 ms, dqbuf_avg_ms=0.014694, dqbuf_max_ms=0.089544, cvt_avg_ms=3.26622, cvt_max_ms=21.8565, qbuf_avg_ms=0.242681, qbuf_max_ms=0.605519, person_interval=6, person_infer_count=15, person_reuse_count=75, person_infer_avg_ms=32.6118, person_infer_max_ms=41.6878, person_infer_last_ms=32.3314, helmet_interval=12, helmet_infer_count=8, helmet_reuse_count=82, helmet_infer_avg_ms=33.1297, helmet_infer_max_ms=41.3962, helmet_infer_last_ms=31.2898
[RTSP_WORKER] total=1170, fps=29.087, wait_avg_ms=6.09135, wait_max_ms=29.3449, clone_avg_ms=3.98298, clone_max_ms=13.3553, draw_avg_ms=0.654197, draw_max_ms=1.44671, resize_avg_ms=0, resize_max_ms=0, last_clone_avg_ms=3.62709, last_clone_max_ms=12.1279, encode_avg_ms=10.312, encode_max_ms=15.3437, write_avg_ms=0.160843, write_max_ms=1.36213, total_avg_ms=24.8412, total_max_ms=65.4214, reuse_last=0, encode_ok=90, write_ok=90
Added frame to streaming queue, queue size: 1
Sent frame 1200 to RTSP (MPP encoded, size=2523 bytes)
[IMX415] total=1260, fps=28.6452, read_avg_ms=3.36101 ms, read_max_ms=6.88005 ms, dqbuf_avg_ms=0.0136732, dqbuf_max_ms=0.026542, cvt_avg_ms=3.10468, cvt_max_ms=6.43758, qbuf_avg_ms=0.232782, qbuf_max_ms=0.426722, person_interval=6, person_infer_count=15, person_reuse_count=75, person_infer_avg_ms=35.5171, person_infer_max_ms=48.0343, person_infer_last_ms=31.8032, helmet_interval=12, helmet_infer_count=7, helmet_reuse_count=83, helmet_infer_avg_ms=33.3432, helmet_infer_max_ms=39.7479, helmet_infer_last_ms=27.3601
[RTSP_WORKER] total=1260, fps=28.6487, wait_avg_ms=7.62872, wait_max_ms=32.8533, clone_avg_ms=3.99637, clone_max_ms=13.5737, draw_avg_ms=0.681856, draw_max_ms=1.49688, resize_avg_ms=0, resize_max_ms=0, last_clone_avg_ms=3.51755, last_clone_max_ms=11.2135, encode_avg_ms=10.4941, encode_max_ms=16.1658, write_avg_ms=0.174609, write_max_ms=1.88364, total_avg_ms=26.5063, total_max_ms=65.3724, reuse_last=0, encode_ok=90, write_ok=90
Added frame to streaming queue, queue size: 1
Sent frame 1300 to RTSP (MPP encoded, size=13071 bytes)
[IMX415] total=1350, fps=29.4231, read_avg_ms=3.33416 ms, read_max_ms=7.07314 ms, dqbuf_avg_ms=0.0126509, dqbuf_max_ms=0.02246, cvt_avg_ms=3.09601, cvt_max_ms=6.60879, qbuf_avg_ms=0.215965, qbuf_max_ms=0.517433, person_interval=6, person_infer_count=15, person_reuse_count=75, person_infer_avg_ms=31.6185, person_infer_max_ms=38.4728, person_infer_last_ms=31.567, helmet_interval=12, helmet_infer_count=8, helmet_reuse_count=82, helmet_infer_avg_ms=31.2585, helmet_infer_max_ms=34.936, helmet_infer_last_ms=32.5937
[RTSP_WORKER] total=1350, fps=29.4391, wait_avg_ms=5.97239, wait_max_ms=32.2477, clone_avg_ms=3.97963, clone_max_ms=13.5425, draw_avg_ms=0.687555, draw_max_ms=1.50651, resize_avg_ms=0, resize_max_ms=0, last_clone_avg_ms=3.56164, last_clone_max_ms=12.0354, encode_avg_ms=10.3931, encode_max_ms=17.2297, write_avg_ms=0.232748, write_max_ms=4.49356, total_avg_ms=24.8403, total_max_ms=56.5452, reuse_last=0, encode_ok=90, write_ok=90
Added frame to streaming queue, queue size: 1
Sent frame 1400 to RTSP (MPP encoded, size=10137 bytes)
[IMX415] total=1440, fps=29.0113, read_avg_ms=3.34929 ms, read_max_ms=14.874 ms, dqbuf_avg_ms=0.0138449, dqbuf_max_ms=0.063585, cvt_avg_ms=3.09511, cvt_max_ms=14.7145, qbuf_avg_ms=0.230696, qbuf_max_ms=0.655687, person_interval=6, person_infer_count=15, person_reuse_count=75, person_infer_avg_ms=31.0557, person_infer_max_ms=37.771, person_infer_last_ms=37.771, helmet_interval=12, helmet_infer_count=7, helmet_reuse_count=83, helmet_infer_avg_ms=35.6198, helmet_infer_max_ms=38.8992, helmet_infer_last_ms=30.6862
[RTSP_WORKER] total=1440, fps=28.9562, wait_avg_ms=6.58198, wait_max_ms=29.5166, clone_avg_ms=3.67387, clone_max_ms=13.5594, draw_avg_ms=0.663406, draw_max_ms=1.64709, resize_avg_ms=0, resize_max_ms=0, last_clone_avg_ms=3.49476, last_clone_max_ms=13.2444, encode_avg_ms=10.7697, encode_max_ms=17.7528, write_avg_ms=0.258506, write_max_ms=1.98252, total_avg_ms=25.4559, total_max_ms=58.0942, reuse_last=0, encode_ok=90, write_ok=90
Added frame to streaming queue, queue size: 1
Sent frame 1500 to RTSP (MPP encoded, size=4418 bytes)
[IMX415] total=1530, fps=29.2421, read_avg_ms=3.2044 ms, read_max_ms=8.009 ms, dqbuf_avg_ms=0.0143213, dqbuf_max_ms=0.069419, cvt_avg_ms=2.92592, cvt_max_ms=7.85733, qbuf_avg_ms=0.254343, qbuf_max_ms=0.94678, person_interval=6, person_infer_count=15, person_reuse_count=75, person_infer_avg_ms=32.2303, person_infer_max_ms=37.8266, person_infer_last_ms=30.3441, helmet_interval=12, helmet_infer_count=8, helmet_reuse_count=82, helmet_infer_avg_ms=33.0409, helmet_infer_max_ms=39.4708, helmet_infer_last_ms=33.3095
[RTSP_WORKER] total=1530, fps=29.3166, wait_avg_ms=6.68119, wait_max_ms=31.1731, clone_avg_ms=3.95363, clone_max_ms=10.3312, draw_avg_ms=0.629064, draw_max_ms=1.24254, resize_avg_ms=0, resize_max_ms=0, last_clone_avg_ms=3.43389, last_clone_max_ms=9.73089, encode_avg_ms=10.3296, encode_max_ms=15.5102, write_avg_ms=0.265451, write_max_ms=5.21079, total_avg_ms=25.3056, total_max_ms=60.8789, reuse_last=0, encode_ok=90, write_ok=90
Added frame to streaming queue, queue size: 1
Sent frame 1600 to RTSP (MPP encoded, size=4101 bytes)
[IMX415] total=1620, fps=28.719, read_avg_ms=3.25973 ms, read_max_ms=9.1455 ms, dqbuf_avg_ms=0.0145402, dqbuf_max_ms=0.044335, cvt_avg_ms=2.98358, cvt_max_ms=8.43468, qbuf_avg_ms=0.251707, qbuf_max_ms=0.665312, person_interval=6, person_infer_count=15, person_reuse_count=75, person_infer_avg_ms=35.1338, person_infer_max_ms=50.0525, person_infer_last_ms=29.7719, helmet_interval=12, helmet_infer_count=7, helmet_reuse_count=83, helmet_infer_avg_ms=34.941, helmet_infer_max_ms=41.6805, helmet_infer_last_ms=33.6752
[RTSP_WORKER] total=1620, fps=28.713, wait_avg_ms=7.35879, wait_max_ms=33.0463, clone_avg_ms=4.08452, clone_max_ms=20.4316, draw_avg_ms=0.66228, draw_max_ms=1.49863, resize_avg_ms=0, resize_max_ms=0, last_clone_avg_ms=3.46688, last_clone_max_ms=9.17904, encode_avg_ms=10.5964, encode_max_ms=16.2878, write_avg_ms=0.167493, write_max_ms=1.82181, total_avg_ms=26.3493, total_max_ms=56.6338, reuse_last=0, encode_ok=90, write_ok=90
Added frame to streaming queue, queue size: 1
Sent frame 1700 to RTSP (MPP encoded, size=3012 bytes)
[IMX415] total=1710, fps=29.1205, read_avg_ms=3.28425 ms, read_max_ms=7.17814 ms, dqbuf_avg_ms=0.0128111, dqbuf_max_ms=0.040251, cvt_avg_ms=3.05578, cvt_max_ms=7.01889, qbuf_avg_ms=0.206407, qbuf_max_ms=0.424389, person_interval=6, person_infer_count=15, person_reuse_count=75, person_infer_avg_ms=32.2644, person_infer_max_ms=37.0882, person_infer_last_ms=32.7633, helmet_interval=12, helmet_infer_count=8, helmet_reuse_count=82, helmet_infer_avg_ms=34.7264, helmet_infer_max_ms=44.6548, helmet_infer_last_ms=33.11
[RTSP_WORKER] total=1710, fps=29.0615, wait_avg_ms=5.84594, wait_max_ms=32.9572, clone_avg_ms=3.94759, clone_max_ms=13.5075, draw_avg_ms=0.717776, draw_max_ms=1.61384, resize_avg_ms=0, resize_max_ms=0, last_clone_avg_ms=3.66781, last_clone_max_ms=9.2145, encode_avg_ms=10.7749, encode_max_ms=17.6874, write_avg_ms=0.189889, write_max_ms=1.88364, total_avg_ms=25.1578, total_max_ms=48.711, reuse_last=0, encode_ok=90, write_ok=90
[IMX415] total=1800, fps=28.9616, read_avg_ms=3.30177 ms, read_max_ms=7.13964 ms, dqbuf_avg_ms=0.0143763, dqbuf_max_ms=0.030334, cvt_avg_ms=3.02714, cvt_max_ms=6.85088, qbuf_avg_ms=0.250498, qbuf_max_ms=0.59356, person_interval=6, person_infer_count=15, person_reuse_count=75, person_infer_avg_ms=33.9612, person_infer_max_ms=42.1865, person_infer_last_ms=29.2591, helmet_interval=12, helmet_infer_count=7, helmet_reuse_count=83, helmet_infer_avg_ms=34.6803, helmet_infer_max_ms=38.924, helmet_infer_last_ms=30.0136
Added frame to streaming queue, queue size: 1
Sent frame 1800 to RTSP (MPP encoded, size=2224 bytes)
[RTSP_WORKER] total=1800, fps=29.0153, wait_avg_ms=7.1897, wait_max_ms=31.8223, clone_avg_ms=3.99372, clone_max_ms=13.6743, draw_avg_ms=0.649364, draw_max_ms=1.50621, resize_avg_ms=0, resize_max_ms=0, last_clone_avg_ms=3.46863, last_clone_max_ms=8.94687, encode_avg_ms=10.618, encode_max_ms=18.9709, write_avg_ms=0.200524, write_max_ms=2.4247, total_avg_ms=26.1334, total_max_ms=58.4896, reuse_last=0, encode_ok=90, write_ok=90
[IMX415] total=1890, fps=29.1779, read_avg_ms=3.22961 ms, read_max_ms=6.35182 ms, dqbuf_avg_ms=0.0140297, dqbuf_max_ms=0.030918, cvt_avg_ms=2.97837, cvt_max_ms=5.99336, qbuf_avg_ms=0.227484, qbuf_max_ms=0.598227, person_interval=6, person_infer_count=15, person_reuse_count=75, person_infer_avg_ms=31.8318, person_infer_max_ms=35.2635, person_infer_last_ms=31.9748, helmet_interval=12, helmet_infer_count=8, helmet_reuse_count=82, helmet_infer_avg_ms=33.7691, helmet_infer_max_ms=37.8154, helmet_infer_last_ms=32.9437
[RTSP_WORKER] total=1890, fps=29.1737, wait_avg_ms=6.73361, wait_max_ms=32.177, clone_avg_ms=3.91987, clone_max_ms=9.83306, draw_avg_ms=0.634174, draw_max_ms=2.02569, resize_avg_ms=0, resize_max_ms=0, last_clone_avg_ms=3.58567, last_clone_max_ms=8.90853, encode_avg_ms=10.7603, encode_max_ms=18.2266, write_avg_ms=0.175579, write_max_ms=2.0534, total_avg_ms=25.8228, total_max_ms=54.7228, reuse_last=0, encode_ok=90, write_ok=90
Added frame to streaming queue, queue size: 1
Sent frame 1900 to RTSP (MPP encoded, size=2408 bytes)
[IMX415] total=1980, fps=28.8945, read_avg_ms=3.17425 ms, read_max_ms=4.90949 ms, dqbuf_avg_ms=0.0130768, dqbuf_max_ms=0.030626, cvt_avg_ms=2.93514, cvt_max_ms=4.74032, qbuf_avg_ms=0.216673, qbuf_max_ms=0.601144, person_interval=6, person_infer_count=15, person_reuse_count=75, person_infer_avg_ms=34.0512, person_infer_max_ms=46.8956, person_infer_last_ms=37.728, helmet_interval=12, helmet_infer_count=7, helmet_reuse_count=83, helmet_infer_avg_ms=34.5242, helmet_infer_max_ms=39.4994, helmet_infer_last_ms=36.1245
[RTSP_WORKER] total=1980, fps=28.8459, wait_avg_ms=6.83569, wait_max_ms=28.3072, clone_avg_ms=3.8689, clone_max_ms=12.1082, draw_avg_ms=0.615689, draw_max_ms=1.34725, resize_avg_ms=0, resize_max_ms=0, last_clone_avg_ms=3.50227, last_clone_max_ms=9.68801, encode_avg_ms=10.2297, encode_max_ms=17.8456, write_avg_ms=0.217055, write_max_ms=3.90846, total_avg_ms=25.2828, total_max_ms=53.4126, reuse_last=0, encode_ok=90, write_ok=90
Added frame to streaming queue, queue size: 1
Sent frame 2000 to RTSP (MPP encoded, size=2405 bytes)
[IMX415] total=2070, fps=28.8049, read_avg_ms=3.53884 ms, read_max_ms=9.20383 ms, dqbuf_avg_ms=0.014075, dqbuf_max_ms=0.081961, cvt_avg_ms=3.2786, cvt_max_ms=8.99382, qbuf_avg_ms=0.236509, qbuf_max_ms=0.672605, person_interval=6, person_infer_count=15, person_reuse_count=75, person_infer_avg_ms=34.3454, person_infer_max_ms=42.7394, person_infer_last_ms=34.5126, helmet_interval=12, helmet_infer_count=8, helmet_reuse_count=82, helmet_infer_avg_ms=34.3031, helmet_infer_max_ms=45.7776, helmet_infer_last_ms=30.0967
[RTSP_WORKER] total=2070, fps=28.8441, wait_avg_ms=6.95249, wait_max_ms=32.6969, clone_avg_ms=3.78509, clone_max_ms=13.4568, draw_avg_ms=0.632354, draw_max_ms=1.56834, resize_avg_ms=0, resize_max_ms=0, last_clone_avg_ms=3.4713, last_clone_max_ms=10.4615, encode_avg_ms=10.3374, encode_max_ms=17.3008, write_avg_ms=0.260204, write_max_ms=1.49834, total_avg_ms=25.4518, total_max_ms=55.3027, reuse_last=0, encode_ok=90, write_ok=90
Added frame to streaming queue, queue size: 1
Sent frame 2100 to RTSP (MPP encoded, size=17058 bytes)
[IMX415] total=2160, fps=29.3038, read_avg_ms=3.35787 ms, read_max_ms=6.62338 ms, dqbuf_avg_ms=0.0137768, dqbuf_max_ms=0.035001, cvt_avg_ms=3.08668, cvt_max_ms=6.13715, qbuf_avg_ms=0.247416, qbuf_max_ms=0.668813, person_interval=6, person_infer_count=15, person_reuse_count=75, person_infer_avg_ms=31.0845, person_infer_max_ms=35.8767, person_infer_last_ms=30.5562, helmet_interval=12, helmet_infer_count=7, helmet_reuse_count=83, helmet_infer_avg_ms=32.1951, helmet_infer_max_ms=37.317, helmet_infer_last_ms=37.317
[RTSP_WORKER] total=2160, fps=29.3226, wait_avg_ms=5.47939, wait_max_ms=29.5359, clone_avg_ms=4.12611, clone_max_ms=16.1387, draw_avg_ms=0.648778, draw_max_ms=1.53859, resize_avg_ms=0, resize_max_ms=0, last_clone_avg_ms=3.65561, last_clone_max_ms=9.59497, encode_avg_ms=10.5585, encode_max_ms=17.3121, write_avg_ms=0.259588, write_max_ms=1.57884, total_avg_ms=24.7421, total_max_ms=53.053, reuse_last=0, encode_ok=90, write_ok=90
Added frame to streaming queue, queue size: 1
Sent frame 2200 to RTSP (MPP encoded, size=9215 bytes)
[IMX415] total=2250, fps=28.9132, read_avg_ms=3.56117 ms, read_max_ms=11.5679 ms, dqbuf_avg_ms=0.0134731, dqbuf_max_ms=0.03596, cvt_avg_ms=3.29077, cvt_max_ms=11.105, qbuf_avg_ms=0.247007, qbuf_max_ms=1.85535, person_interval=6, person_infer_count=15, person_reuse_count=75, person_infer_avg_ms=32.8612, person_infer_max_ms=44.3516, person_infer_last_ms=25.9499, helmet_interval=12, helmet_infer_count=8, helmet_reuse_count=82, helmet_infer_avg_ms=35.0178, helmet_infer_max_ms=45.7396, helmet_infer_last_ms=35.0245
[RTSP_WORKER] total=2250, fps=28.9051, wait_avg_ms=5.77943, wait_max_ms=32.5189, clone_avg_ms=3.82209, clone_max_ms=9.48355, draw_avg_ms=0.726026, draw_max_ms=2.00673, resize_avg_ms=0, resize_max_ms=0, last_clone_avg_ms=3.74695, last_clone_max_ms=9.42346, encode_avg_ms=10.891, encode_max_ms=20.3463, write_avg_ms=0.237979, write_max_ms=1.02874, total_avg_ms=25.2174, total_max_ms=57.4961, reuse_last=0, encode_ok=90, write_ok=90
Added frame to streaming queue, queue size: 1
Sent frame 2300 to RTSP (MPP encoded, size=3515 bytes)
[IMX415] total=2340, fps=29.1501, read_avg_ms=3.38638 ms, read_max_ms=8.37285 ms, dqbuf_avg_ms=0.0136245, dqbuf_max_ms=0.02771, cvt_avg_ms=3.12429, cvt_max_ms=8.17742, qbuf_avg_ms=0.239308, qbuf_max_ms=0.639645, person_interval=6, person_infer_count=15, person_reuse_count=75, person_infer_avg_ms=32.1157, person_infer_max_ms=43.1512, person_infer_last_ms=26.4019, helmet_interval=12, helmet_infer_count=7, helmet_reuse_count=83, helmet_infer_avg_ms=33.6536, helmet_infer_max_ms=37.4717, helmet_infer_last_ms=31.73
[RTSP_WORKER] total=2340, fps=29.0903, wait_avg_ms=6.25456, wait_max_ms=32.8138, clone_avg_ms=3.93365, clone_max_ms=10.6263, draw_avg_ms=0.699219, draw_max_ms=1.58905, resize_avg_ms=0, resize_max_ms=0, last_clone_avg_ms=3.6174, last_clone_max_ms=9.41646, encode_avg_ms=10.7087, encode_max_ms=18.1211, write_avg_ms=0.232829, write_max_ms=3.79937, total_avg_ms=25.4605, total_max_ms=53.9394, reuse_last=0, encode_ok=90, write_ok=90
Added frame to streaming queue, queue size: 1
Sent frame 2400 to RTSP (MPP encoded, size=2893 bytes)
[IMX415] total=2430, fps=28.8832, read_avg_ms=3.28705 ms, read_max_ms=6.31041 ms, dqbuf_avg_ms=0.0135046, dqbuf_max_ms=0.040251, cvt_avg_ms=3.02737, cvt_max_ms=5.57976, qbuf_avg_ms=0.23709, qbuf_max_ms=0.684563, person_interval=6, person_infer_count=15, person_reuse_count=75, person_infer_avg_ms=35.1999, person_infer_max_ms=44.8032, person_infer_last_ms=26.5108, helmet_interval=12, helmet_infer_count=8, helmet_reuse_count=82, helmet_infer_avg_ms=32.6283, helmet_infer_max_ms=36.5348, helmet_infer_last_ms=31.0635
[RTSP_WORKER] total=2430, fps=28.9883, wait_avg_ms=5.97284, wait_max_ms=31.2492, clone_avg_ms=3.96624, clone_max_ms=13.4842, draw_avg_ms=0.638732, draw_max_ms=1.38925, resize_avg_ms=0, resize_max_ms=0, last_clone_avg_ms=3.45308, last_clone_max_ms=9.18166, encode_avg_ms=10.3667, encode_max_ms=16.3677, write_avg_ms=0.174036, write_max_ms=1.88831, total_avg_ms=24.5844, total_max_ms=56.446, reuse_last=0, encode_ok=90, write_ok=90
Added frame to streaming queue, queue size: 1
Sent frame 2500 to RTSP (MPP encoded, size=4640 bytes)
[IMX415] total=2520, fps=28.8122, read_avg_ms=3.23806 ms, read_max_ms=5.51938 ms, dqbuf_avg_ms=0.013255, dqbuf_max_ms=0.041126, cvt_avg_ms=2.97785, cvt_max_ms=5.34758, qbuf_avg_ms=0.237544, qbuf_max_ms=0.594727, person_interval=6, person_infer_count=15, person_reuse_count=75, person_infer_avg_ms=34.4349, person_infer_max_ms=44.0231, person_infer_last_ms=25.4074, helmet_interval=12, helmet_infer_count=7, helmet_reuse_count=83, helmet_infer_avg_ms=33.6326, helmet_infer_max_ms=46.1687, helmet_infer_last_ms=29.7229
[RTSP_WORKER] total=2520, fps=28.7802, wait_avg_ms=7.80458, wait_max_ms=32.4801, clone_avg_ms=4.03041, clone_max_ms=9.79485, draw_avg_ms=0.673773, draw_max_ms=3.04918, resize_avg_ms=0, resize_max_ms=0, last_clone_avg_ms=3.52552, last_clone_max_ms=9.41676, encode_avg_ms=10.6807, encode_max_ms=21.5406, write_avg_ms=0.205917, write_max_ms=2.64375, total_avg_ms=26.9344, total_max_ms=56.9226, reuse_last=0, encode_ok=90, write_ok=90
Added frame to streaming queue, queue size: 1
Sent frame 2600 to RTSP (MPP encoded, size=3008 bytes)
[IMX415] total=2610, fps=28.7628, read_avg_ms=3.35038 ms, read_max_ms=6.05898 ms, dqbuf_avg_ms=0.0144639, dqbuf_max_ms=0.043459, cvt_avg_ms=3.08931, cvt_max_ms=5.86706, qbuf_avg_ms=0.236754, qbuf_max_ms=0.590352, person_interval=6, person_infer_count=15, person_reuse_count=75, person_infer_avg_ms=34.3112, person_infer_max_ms=39.093, person_infer_last_ms=30.7639, helmet_interval=12, helmet_infer_count=8, helmet_reuse_count=82, helmet_infer_avg_ms=33.7292, helmet_infer_max_ms=35.8453, helmet_infer_last_ms=27.2359
[RTSP_WORKER] total=2610, fps=28.758, wait_avg_ms=6.06184, wait_max_ms=30.8799, clone_avg_ms=3.99836, clone_max_ms=13.5145, draw_avg_ms=0.652883, draw_max_ms=1.61151, resize_avg_ms=0, resize_max_ms=0, last_clone_avg_ms=3.56224, last_clone_max_ms=11.0953, encode_avg_ms=10.5885, encode_max_ms=17.9518, write_avg_ms=0.170932, write_max_ms=1.42542, total_avg_ms=25.0478, total_max_ms=54.0136, reuse_last=0, encode_ok=90, write_ok=90
[IMX415] total=2700, fps=29.0085, read_avg_ms=3.23086 ms, read_max_ms=10.6934 ms, dqbuf_avg_ms=0.0149857, dqbuf_max_ms=0.081378, cvt_avg_ms=2.96783, cvt_max_ms=10.0439, qbuf_avg_ms=0.23844, qbuf_max_ms=0.602602, person_interval=6, person_infer_count=15, person_reuse_count=75, person_infer_avg_ms=33.2951, person_infer_max_ms=43.9892, person_infer_last_ms=35.2105, helmet_interval=12, helmet_infer_count=7, helmet_reuse_count=83, helmet_infer_avg_ms=34.2051, helmet_infer_max_ms=40.4999, helmet_infer_last_ms=33.9006
Added frame to streaming queue, queue size: 1
Sent frame 2700 to RTSP (MPP encoded, size=10161 bytes)
[RTSP_WORKER] total=2700, fps=28.9919, wait_avg_ms=6.10621, wait_max_ms=26.6125, clone_avg_ms=4.03367, clone_max_ms=11.982, draw_avg_ms=0.653047, draw_max_ms=1.46975, resize_avg_ms=0, resize_max_ms=0, last_clone_avg_ms=3.6303, last_clone_max_ms=9.7131, encode_avg_ms=10.4732, encode_max_ms=15.852, write_avg_ms=0.18356, write_max_ms=1.14745, total_avg_ms=25.0988, total_max_ms=49.0563, reuse_last=0, encode_ok=90, write_ok=90
[IMX415] total=2790, fps=29.0638, read_avg_ms=3.33602 ms, read_max_ms=6.42766 ms, dqbuf_avg_ms=0.0139421, dqbuf_max_ms=0.04871, cvt_avg_ms=3.06733, cvt_max_ms=5.97236, qbuf_avg_ms=0.245025, qbuf_max_ms=1.01007, person_interval=6, person_infer_count=15, person_reuse_count=75, person_infer_avg_ms=31.5295, person_infer_max_ms=37.4133, person_infer_last_ms=32.1769, helmet_interval=12, helmet_infer_count=8, helmet_reuse_count=82, helmet_infer_avg_ms=35.9875, helmet_infer_max_ms=57.367, helmet_infer_last_ms=32.4529
[RTSP_WORKER] total=2790, fps=29.0695, wait_avg_ms=5.19999, wait_max_ms=31.7218, clone_avg_ms=3.97709, clone_max_ms=13.5871, draw_avg_ms=0.674747, draw_max_ms=1.40354, resize_avg_ms=0, resize_max_ms=0, last_clone_avg_ms=3.81082, last_clone_max_ms=13.6676, encode_avg_ms=10.5438, encode_max_ms=15.7032, write_avg_ms=0.188165, write_max_ms=1.79439, total_avg_ms=24.4076, total_max_ms=62.8136, reuse_last=0, encode_ok=90, write_ok=90
Added frame to streaming queue, queue size: 1
Sent frame 2800 to RTSP (MPP encoded, size=4839 bytes)
[IMX415] total=2880, fps=29.1155, read_avg_ms=3.13363 ms, read_max_ms=6.16311 ms, dqbuf_avg_ms=0.013887, dqbuf_max_ms=0.11142, cvt_avg_ms=2.88635, cvt_max_ms=5.96973, qbuf_avg_ms=0.22437, qbuf_max_ms=0.474265, person_interval=6, person_infer_count=15, person_reuse_count=75, person_infer_avg_ms=32.6482, person_infer_max_ms=38.1922, person_infer_last_ms=33.7057, helmet_interval=12, helmet_infer_count=7, helmet_reuse_count=83, helmet_infer_avg_ms=34.8855, helmet_infer_max_ms=38.1738, helmet_infer_last_ms=38.1738
[RTSP_WORKER] total=2880, fps=29.1235, wait_avg_ms=6.35907, wait_max_ms=27.3505, clone_avg_ms=3.86741, clone_max_ms=9.79514, draw_avg_ms=0.663777, draw_max_ms=1.59488, resize_avg_ms=0, resize_max_ms=0, last_clone_avg_ms=3.78032, last_clone_max_ms=9.80177, encode_avg_ms=10.6448, encode_max_ms=15.1424, write_avg_ms=0.192652, write_max_ms=1.38488, total_avg_ms=25.5212, total_max_ms=49.3383, reuse_last=0, encode_ok=90, write_ok=90
Added frame to streaming queue, queue size: 1
Sent frame 2900 to RTSP (MPP encoded, size=3094 bytes)
[IMX415] total=2970, fps=28.9766, read_avg_ms=3.48027 ms, read_max_ms=6.74092 ms, dqbuf_avg_ms=0.0170728, dqbuf_max_ms=0.293134, cvt_avg_ms=3.20505, cvt_max_ms=6.27395, qbuf_avg_ms=0.247474, qbuf_max_ms=0.697105, person_interval=6, person_infer_count=15, person_reuse_count=75, person_infer_avg_ms=31.6717, person_infer_max_ms=35.0554, person_infer_last_ms=33.7921, helmet_interval=12, helmet_infer_count=8, helmet_reuse_count=82, helmet_infer_avg_ms=36.1249, helmet_infer_max_ms=44.8264, helmet_infer_last_ms=34.027
[RTSP_WORKER] total=2970, fps=28.9823, wait_avg_ms=5.25269, wait_max_ms=25.8485, clone_avg_ms=3.95715, clone_max_ms=14.104, draw_avg_ms=0.651581, draw_max_ms=1.31079, resize_avg_ms=0, resize_max_ms=0, last_clone_avg_ms=3.58105, last_clone_max_ms=9.89219, encode_avg_ms=10.8255, encode_max_ms=16.7626, write_avg_ms=0.183253, write_max_ms=1.81539, total_avg_ms=24.4666, total_max_ms=52.9743, reuse_last=0, encode_ok=90, write_ok=90
Added frame to streaming queue, queue size: 1
Sent frame 3000 to RTSP (MPP encoded, size=3500 bytes)
[IMX415] total=3060, fps=29.1693, read_avg_ms=3.46384 ms, read_max_ms=11.9338 ms, dqbuf_avg_ms=0.0134833, dqbuf_max_ms=0.037043, cvt_avg_ms=3.20776, cvt_max_ms=11.7276, qbuf_avg_ms=0.233224, qbuf_max_ms=0.731523, person_interval=6, person_infer_count=15, person_reuse_count=75, person_infer_avg_ms=31.9699, person_infer_max_ms=39.6468, person_infer_last_ms=28.6537, helmet_interval=12, helmet_infer_count=7, helmet_reuse_count=83, helmet_infer_avg_ms=34.0607, helmet_infer_max_ms=40.1144, helmet_infer_last_ms=40.1144
[RTSP_WORKER] total=3060, fps=29.1667, wait_avg_ms=6.22156, wait_max_ms=31.8086, clone_avg_ms=3.97886, clone_max_ms=9.6501, draw_avg_ms=0.631008, draw_max_ms=1.47005, resize_avg_ms=0, resize_max_ms=0, last_clone_avg_ms=3.45185, last_clone_max_ms=10.624, encode_avg_ms=10.357, encode_max_ms=17.0832, write_avg_ms=0.190282, write_max_ms=2.02627, total_avg_ms=24.8433, total_max_ms=57.4053, reuse_last=0, encode_ok=90, write_ok=90
Added frame to streaming queue, queue size: 1
Sent frame 3100 to RTSP (MPP encoded, size=5122 bytes)