quark@quarkpi-ca2:~/My_Projects/IMX415optimizer$ ./run_streams.sh rtsp 1
Streaming config:
  RTMP    : 0 (rtmp://192.168.137.1/live/livestream)
  RTSP    : 1 (rtsp://192.168.137.1:8554/mystream)
  GB28181 : 0 (/home/quark/My_Projects/IMX415optimizer/gb28181.conf)

StreamLoaderManager created
H.264 extradata from MPP, size: 37 bytes
Loading model id = 0
Loading model id = 1
Streaming started
VIDIOC_S_PARM failed, errno=25
IMX415 opened: /dev/video33, 1920x1080, format=0x3231564e, plane=1
rga_api version 1.10.1_[0]
loadLabelName /home/quark/My_Projects/IMX415optimizer/assets/models/coco_80_labels_list.txt
[IMX415] total=90, fps=27.1297, read_avg_ms=7.6061 ms, read_max_ms=195.518 ms, dqbuf_avg_ms=2.83225, dqbuf_max_ms=192.995, cvt_avg_ms=4.57636, cvt_max_ms=26.9986, qbuf_avg_ms=0.189518, qbuf_max_ms=0.433722, person_interval=6, person_infer_count=15, person_reuse_count=75, person_infer_avg_ms=31.2991, person_infer_max_ms=39.4887, person_infer_last_ms=24.7812, helmet_interval=12, helmet_infer_count=8, helmet_reuse_count=82, helmet_infer_avg_ms=31.5692, helmet_infer_max_ms=39.5829, helmet_infer_last_ms=30.5716
[RTSP_WORKER] total=90, fps=26.8462, wait_avg_ms=8.31829, wait_max_ms=26.4583, clone_avg_ms=1.32447, clone_max_ms=5.0842, draw_avg_ms=0.586307, draw_max_ms=1.19237, resize_avg_ms=11.8533, resize_max_ms=44.955, last_clone_avg_ms=0.475923, last_clone_max_ms=2.12602, encode_avg_ms=4.59696, encode_max_ms=7.81283, write_avg_ms=0.101293, write_max_ms=1.50126, total_avg_ms=27.2688, total_max_ms=76.1779, reuse_last=0, encode_ok=90, write_ok=90
Added frame to streaming queue, queue size: 1
Sent frame 100 to RTSP (MPP encoded, size=398 bytes)
[IMX415] total=180, fps=29.0091, read_avg_ms=4.51742 ms, read_max_ms=23.2359 ms, dqbuf_avg_ms=0.0132097, dqbuf_max_ms=0.055711, cvt_avg_ms=4.28386, cvt_max_ms=22.9358, qbuf_avg_ms=0.212153, qbuf_max_ms=0.47689, person_interval=6, person_infer_count=15, person_reuse_count=75, person_infer_avg_ms=31.9592, person_infer_max_ms=38.3995, person_infer_last_ms=38.1105, helmet_interval=12, helmet_infer_count=7, helmet_reuse_count=83, helmet_infer_avg_ms=33.3615, helmet_infer_max_ms=40.407, helmet_infer_last_ms=36.4229
[RTSP_WORKER] total=180, fps=28.878, wait_avg_ms=10.5563, wait_max_ms=29.8697, clone_avg_ms=1.19259, clone_max_ms=5.02791, draw_avg_ms=0.530251, draw_max_ms=1.4508, resize_avg_ms=10.6943, resize_max_ms=42.3786, last_clone_avg_ms=0.437919, last_clone_max_ms=0.752524, encode_avg_ms=4.47556, encode_max_ms=5.6938, write_avg_ms=0.0959549, write_max_ms=1.01212, total_avg_ms=27.9935, total_max_ms=70.6541, reuse_last=0, encode_ok=90, write_ok=90
Added frame to streaming queue, queue size: 1
Sent frame 200 to RTSP (MPP encoded, size=543 bytes)
[IMX415] total=270, fps=29.2257, read_avg_ms=4.92458 ms, read_max_ms=24.1825 ms, dqbuf_avg_ms=0.0126425, dqbuf_max_ms=0.073502, cvt_avg_ms=4.71642, cvt_max_ms=23.8853, qbuf_avg_ms=0.187275, qbuf_max_ms=0.436931, person_interval=6, person_infer_count=15, person_reuse_count=75, person_infer_avg_ms=30.3134, person_infer_max_ms=35.1539, person_infer_last_ms=21.3752, helmet_interval=12, helmet_infer_count=8, helmet_reuse_count=82, helmet_infer_avg_ms=32.5491, helmet_infer_max_ms=43.3929, helmet_infer_last_ms=29.1595
[RTSP_WORKER] total=270, fps=29.3842, wait_avg_ms=9.69374, wait_max_ms=32.7327, clone_avg_ms=1.17176, clone_max_ms=3.00951, draw_avg_ms=0.523391, draw_max_ms=1.49746, resize_avg_ms=10.7446, resize_max_ms=52.3306, last_clone_avg_ms=0.446901, last_clone_max_ms=0.753399, encode_avg_ms=4.58286, encode_max_ms=9.46738, write_avg_ms=0.114668, write_max_ms=1.01999, total_avg_ms=27.2889, total_max_ms=79.5817, reuse_last=0, encode_ok=90, write_ok=90
Added frame to streaming queue, queue size: 1
Sent frame 300 to RTSP (MPP encoded, size=4801 bytes)
[IMX415] total=360, fps=29.1308, read_avg_ms=3.75364 ms, read_max_ms=22.3514 ms, dqbuf_avg_ms=0.0126101, dqbuf_max_ms=0.030042, cvt_avg_ms=3.49835, cvt_max_ms=22.1367, qbuf_avg_ms=0.233965, qbuf_max_ms=1.7626, person_interval=6, person_infer_count=15, person_reuse_count=75, person_infer_avg_ms=31.6081, person_infer_max_ms=38.0416, person_infer_last_ms=28.6467, helmet_interval=12, helmet_infer_count=7, helmet_reuse_count=83, helmet_infer_avg_ms=31.3567, helmet_infer_max_ms=38.5326, helmet_infer_last_ms=25.2429
[RTSP_WORKER] total=360, fps=28.7156, wait_avg_ms=10.0343, wait_max_ms=25.7005, clone_avg_ms=1.43446, clone_max_ms=6.49725, draw_avg_ms=0.619887, draw_max_ms=1.58117, resize_avg_ms=10.2413, resize_max_ms=47.9174, last_clone_avg_ms=0.523417, last_clone_max_ms=1.31983, encode_avg_ms=4.7693, encode_max_ms=9.52234, write_avg_ms=0.144961, write_max_ms=0.573143, total_avg_ms=27.78, total_max_ms=75.6784, reuse_last=0, encode_ok=90, write_ok=90
Added frame to streaming queue, queue size: 1
Sent frame 400 to RTSP (MPP encoded, size=2191 bytes)
[IMX415] total=450, fps=29.045, read_avg_ms=5.21711 ms, read_max_ms=23.3101 ms, dqbuf_avg_ms=0.012675, dqbuf_max_ms=0.028876, cvt_avg_ms=5.00578, cvt_max_ms=23.0126, qbuf_avg_ms=0.18965, qbuf_max_ms=0.405722, person_interval=6, person_infer_count=15, person_reuse_count=75, person_infer_avg_ms=31.4221, person_infer_max_ms=36.1259, person_infer_last_ms=31.7985, helmet_interval=12, helmet_infer_count=8, helmet_reuse_count=82, helmet_infer_avg_ms=32.092, helmet_infer_max_ms=36.9986, helmet_infer_last_ms=36.9986
[RTSP_WORKER] total=450, fps=29.3438, wait_avg_ms=8.22698, wait_max_ms=31.4514, clone_avg_ms=1.18022, clone_max_ms=2.29899, draw_avg_ms=0.550176, draw_max_ms=1.16, resize_avg_ms=11.5157, resize_max_ms=48.1628, last_clone_avg_ms=0.434, last_clone_max_ms=0.729189, encode_avg_ms=4.60206, encode_max_ms=8.3721, write_avg_ms=0.125012, write_max_ms=1.20304, total_avg_ms=26.6451, total_max_ms=73.8672, reuse_last=0, encode_ok=90, write_ok=90
Added frame to streaming queue, queue size: 1
Sent frame 500 to RTSP (MPP encoded, size=913 bytes)
[IMX415] total=540, fps=28.8557, read_avg_ms=4.07562 ms, read_max_ms=23.3622 ms, dqbuf_avg_ms=0.0128272, dqbuf_max_ms=0.03296, cvt_avg_ms=3.85096, cvt_max_ms=23.0647, qbuf_avg_ms=0.203553, qbuf_max_ms=0.603477, person_interval=6, person_infer_count=15, person_reuse_count=75, person_infer_avg_ms=30.6493, person_infer_max_ms=38.2372, person_infer_last_ms=31.2146, helmet_interval=12, helmet_infer_count=7, helmet_reuse_count=83, helmet_infer_avg_ms=34.923, helmet_infer_max_ms=40.6211, helmet_infer_last_ms=40.6211
[RTSP_WORKER] total=540, fps=28.8709, wait_avg_ms=10.4022, wait_max_ms=30.9038, clone_avg_ms=1.18741, clone_max_ms=2.21615, draw_avg_ms=0.556318, draw_max_ms=1.39071, resize_avg_ms=10.546, resize_max_ms=45.2646, last_clone_avg_ms=0.433267, last_clone_max_ms=0.863861, encode_avg_ms=4.71465, encode_max_ms=15.6165, write_avg_ms=0.0935511, write_max_ms=0.872986, total_avg_ms=27.9443, total_max_ms=78.1722, reuse_last=0, encode_ok=90, write_ok=90
Added frame to streaming queue, queue size: 1
Sent frame 600 to RTSP (MPP encoded, size=1680 bytes)
[IMX415] total=630, fps=29.1576, read_avg_ms=4.42609 ms, read_max_ms=31.1721 ms, dqbuf_avg_ms=0.0124999, dqbuf_max_ms=0.027417, cvt_avg_ms=4.22189, cvt_max_ms=30.9819, qbuf_avg_ms=0.183973, qbuf_max_ms=0.313843, person_interval=6, person_infer_count=15, person_reuse_count=75, person_infer_avg_ms=32.3293, person_infer_max_ms=37.4972, person_infer_last_ms=30.0132, helmet_interval=12, helmet_infer_count=8, helmet_reuse_count=82, helmet_infer_avg_ms=33.372, helmet_infer_max_ms=38.0382, helmet_infer_last_ms=32.317
[RTSP_WORKER] total=630, fps=29.0515, wait_avg_ms=8.4756, wait_max_ms=26.5535, clone_avg_ms=1.10811, clone_max_ms=1.83027, draw_avg_ms=0.508922, draw_max_ms=1.13579, resize_avg_ms=11.3712, resize_max_ms=43.7533, last_clone_avg_ms=0.407886, last_clone_max_ms=0.823984, encode_avg_ms=4.61064, encode_max_ms=11.4019, write_avg_ms=0.0863069, write_max_ms=0.412138, total_avg_ms=26.5788, total_max_ms=73.4981, reuse_last=0, encode_ok=90, write_ok=90
Added frame to streaming queue, queue size: 1
Sent frame 700 to RTSP (MPP encoded, size=1705 bytes)
[IMX415] total=720, fps=29.2619, read_avg_ms=3.97727 ms, read_max_ms=23.6395 ms, dqbuf_avg_ms=0.0117934, dqbuf_max_ms=0.030042, cvt_avg_ms=3.76876, cvt_max_ms=23.3382, qbuf_avg_ms=0.188913, qbuf_max_ms=0.597061, person_interval=6, person_infer_count=15, person_reuse_count=75, person_infer_avg_ms=30.6792, person_infer_max_ms=37.2145, person_infer_last_ms=33.0629, helmet_interval=12, helmet_infer_count=7, helmet_reuse_count=83, helmet_infer_avg_ms=31.0295, helmet_infer_max_ms=35.2137, helmet_infer_last_ms=35.2137
[RTSP_WORKER] total=720, fps=29.2929, wait_avg_ms=9.43262, wait_max_ms=26.9834, clone_avg_ms=1.25926, clone_max_ms=1.92856, draw_avg_ms=0.606969, draw_max_ms=1.1527, resize_avg_ms=11.9694, resize_max_ms=56.4649, last_clone_avg_ms=0.463638, last_clone_max_ms=0.889028, encode_avg_ms=4.68905, encode_max_ms=8.86024, write_avg_ms=0.112104, write_max_ms=0.961364, total_avg_ms=28.5453, total_max_ms=78.9669, reuse_last=0, encode_ok=90, write_ok=90
Added frame to streaming queue, queue size: 2
Sent frame 800 to RTSP (MPP encoded, size=18035 bytes)
[IMX415] total=810, fps=29.0901, read_avg_ms=4.85023 ms, read_max_ms=23.7452 ms, dqbuf_avg_ms=0.0215549, dqbuf_max_ms=0.800067, cvt_avg_ms=4.63092, cvt_max_ms=23.548, qbuf_avg_ms=0.189415, qbuf_max_ms=0.454139, person_interval=6, person_infer_count=15, person_reuse_count=75, person_infer_avg_ms=30.3894, person_infer_max_ms=37.6831, person_infer_last_ms=29.3376, helmet_interval=12, helmet_infer_count=8, helmet_reuse_count=82, helmet_infer_avg_ms=31.6691, helmet_infer_max_ms=34.9587, helmet_infer_last_ms=32.0698
[RTSP_WORKER] total=810, fps=29.2793, wait_avg_ms=8.62684, wait_max_ms=30.5398, clone_avg_ms=1.22025, clone_max_ms=2.11932, draw_avg_ms=0.578903, draw_max_ms=1.33733, resize_avg_ms=12.1341, resize_max_ms=47.885, last_clone_avg_ms=0.46646, last_clone_max_ms=1.51876, encode_avg_ms=4.66285, encode_max_ms=8.32551, write_avg_ms=0.120252, write_max_ms=0.896611, total_avg_ms=27.8211, total_max_ms=73.9121, reuse_last=0, encode_ok=90, write_ok=90
[IMX415] total=900, fps=29.1991, read_avg_ms=4.76591 ms, read_max_ms=21.7986 ms, dqbuf_avg_ms=0.0115892, dqbuf_max_ms=0.026834, cvt_avg_ms=4.56132, cvt_max_ms=21.5037, qbuf_avg_ms=0.185408, qbuf_max_ms=0.468432, person_interval=6, person_infer_count=15, person_reuse_count=75, person_infer_avg_ms=31.6645, person_infer_max_ms=36.6098, person_infer_last_ms=34.304, helmet_interval=12, helmet_infer_count=7, helmet_reuse_count=83, helmet_infer_avg_ms=29.4152, helmet_infer_max_ms=34.9259, helmet_infer_last_ms=29.1475
Added frame to streaming queue, queue size: 1
Sent frame 900 to RTSP (MPP encoded, size=1397 bytes)
[RTSP_WORKER] total=900, fps=28.9327, wait_avg_ms=10.6912, wait_max_ms=32.9032, clone_avg_ms=1.18753, clone_max_ms=2.49724, draw_avg_ms=0.563051, draw_max_ms=1.30729, resize_avg_ms=10.4174, resize_max_ms=53.9852, last_clone_avg_ms=0.45978, last_clone_max_ms=1.0407, encode_avg_ms=4.78336, encode_max_ms=10.6917, write_avg_ms=0.113206, write_max_ms=0.359636, total_avg_ms=28.227, total_max_ms=86.4246, reuse_last=0, encode_ok=90, write_ok=90
[IMX415] total=990, fps=29.0704, read_avg_ms=4.17815 ms, read_max_ms=30.1558 ms, dqbuf_avg_ms=0.0171796, dqbuf_max_ms=0.425264, cvt_avg_ms=3.96652, cvt_max_ms=29.8603, qbuf_avg_ms=0.186444, qbuf_max_ms=0.434305, person_interval=6, person_infer_count=15, person_reuse_count=75, person_infer_avg_ms=31.0178, person_infer_max_ms=36.112, person_infer_last_ms=31.9414, helmet_interval=12, helmet_infer_count=8, helmet_reuse_count=82, helmet_infer_avg_ms=33.8784, helmet_infer_max_ms=40.9439, helmet_infer_last_ms=32.1378
[RTSP_WORKER] total=990, fps=29.1858, wait_avg_ms=9.62864, wait_max_ms=29.7339, clone_avg_ms=1.18505, clone_max_ms=1.98077, draw_avg_ms=0.616659, draw_max_ms=5.354, resize_avg_ms=11.7323, resize_max_ms=50.5295, last_clone_avg_ms=0.433738, last_clone_max_ms=0.753982, encode_avg_ms=4.60419, encode_max_ms=8.52248, write_avg_ms=0.126033, write_max_ms=0.630604, total_avg_ms=28.3387, total_max_ms=83.4367, reuse_last=0, encode_ok=90, write_ok=90
Added frame to streaming queue, queue size: 1
Sent frame 1000 to RTSP (MPP encoded, size=1819 bytes)
[IMX415] total=1080, fps=28.9002, read_avg_ms=4.0567 ms, read_max_ms=23.0607 ms, dqbuf_avg_ms=0.011437, dqbuf_max_ms=0.022751, cvt_avg_ms=3.8463, cvt_max_ms=22.8416, qbuf_avg_ms=0.189206, qbuf_max_ms=0.42468, person_interval=6, person_infer_count=15, person_reuse_count=75, person_infer_avg_ms=32.4552, person_infer_max_ms=38.0121, person_infer_last_ms=35.349, helmet_interval=12, helmet_infer_count=7, helmet_reuse_count=83, helmet_infer_avg_ms=33.6198, helmet_infer_max_ms=35.6419, helmet_infer_last_ms=35.2344
[RTSP_WORKER] total=1080, fps=28.6892, wait_avg_ms=9.08433, wait_max_ms=25.0345, clone_avg_ms=1.16085, clone_max_ms=2.02248, draw_avg_ms=0.538385, draw_max_ms=1.13141, resize_avg_ms=11.2904, resize_max_ms=48.661, last_clone_avg_ms=0.434534, last_clone_max_ms=0.823109, encode_avg_ms=4.46374, encode_max_ms=8.04996, write_avg_ms=0.100917, write_max_ms=0.979448, total_avg_ms=27.0835, total_max_ms=74.0705, reuse_last=0, encode_ok=90, write_ok=90
Added frame to streaming queue, queue size: 2
Sent frame 1100 to RTSP (MPP encoded, size=26129 bytes)
[IMX415] total=1170, fps=28.9967, read_avg_ms=3.78012 ms, read_max_ms=22.3908 ms, dqbuf_avg_ms=0.0134981, dqbuf_max_ms=0.040543, cvt_avg_ms=3.54301, cvt_max_ms=22.1817, qbuf_avg_ms=0.215236, qbuf_max_ms=0.638479, person_interval=6, person_infer_count=15, person_reuse_count=75, person_infer_avg_ms=32.2644, person_infer_max_ms=41.6794, person_infer_last_ms=26.6114, helmet_interval=12, helmet_infer_count=8, helmet_reuse_count=82, helmet_infer_avg_ms=35.1057, helmet_infer_max_ms=43.2352, helmet_infer_last_ms=34.0732
[RTSP_WORKER] total=1170, fps=29.3074, wait_avg_ms=6.95565, wait_max_ms=28.6593, clone_avg_ms=1.24905, clone_max_ms=3.03401, draw_avg_ms=0.57537, draw_max_ms=1.14162, resize_avg_ms=12.199, resize_max_ms=45.8096, last_clone_avg_ms=0.458275, last_clone_max_ms=0.967197, encode_avg_ms=4.75773, encode_max_ms=12.1498, write_avg_ms=0.10981, write_max_ms=1.02028, total_avg_ms=26.3158, total_max_ms=72.5687, reuse_last=0, encode_ok=90, write_ok=90
Added frame to streaming queue, queue size: 1
Sent frame 1200 to RTSP (MPP encoded, size=867 bytes)
[IMX415] total=1260, fps=28.9725, read_avg_ms=4.94656 ms, read_max_ms=20.7581 ms, dqbuf_avg_ms=0.0126944, dqbuf_max_ms=0.026251, cvt_avg_ms=4.73825, cvt_max_ms=20.5531, qbuf_avg_ms=0.187385, qbuf_max_ms=0.535809, person_interval=6, person_infer_count=15, person_reuse_count=75, person_infer_avg_ms=30.842, person_infer_max_ms=36.8895, person_infer_last_ms=34.2616, helmet_interval=12, helmet_infer_count=7, helmet_reuse_count=83, helmet_infer_avg_ms=32.4134, helmet_infer_max_ms=40.0383, helmet_infer_last_ms=32.2701
[RTSP_WORKER] total=1260, fps=28.658, wait_avg_ms=10.0162, wait_max_ms=31.3146, clone_avg_ms=1.21774, clone_max_ms=3.19443, draw_avg_ms=0.578826, draw_max_ms=1.51934, resize_avg_ms=10.8566, resize_max_ms=46.6811, last_clone_avg_ms=0.453718, last_clone_max_ms=0.766525, encode_avg_ms=4.63391, encode_max_ms=7.77112, write_avg_ms=0.0996137, write_max_ms=0.632354, total_avg_ms=27.8682, total_max_ms=74.3965, reuse_last=0, encode_ok=90, write_ok=90
Added frame to streaming queue, queue size: 1
Sent frame 1300 to RTSP (MPP encoded, size=1022 bytes)
[IMX415] total=1350, fps=29.1775, read_avg_ms=4.22558 ms, read_max_ms=20.1217 ms, dqbuf_avg_ms=0.0130962, dqbuf_max_ms=0.028876, cvt_avg_ms=4.01267, cvt_max_ms=19.816, qbuf_avg_ms=0.191551, qbuf_max_ms=0.434014, person_interval=6, person_infer_count=15, person_reuse_count=75, person_infer_avg_ms=30.601, person_infer_max_ms=44.2506, person_infer_last_ms=23.0669, helmet_interval=12, helmet_infer_count=8, helmet_reuse_count=82, helmet_infer_avg_ms=33.8416, helmet_infer_max_ms=48.384, helmet_infer_last_ms=30.6207
[RTSP_WORKER] total=1350, fps=29.5408, wait_avg_ms=9.24849, wait_max_ms=30.1861, clone_avg_ms=1.16368, clone_max_ms=2.07061, draw_avg_ms=0.512061, draw_max_ms=1.18012, resize_avg_ms=11.1021, resize_max_ms=59.3758, last_clone_avg_ms=0.440676, last_clone_max_ms=1.01445, encode_avg_ms=4.61145, encode_max_ms=8.84449, write_avg_ms=0.0958025, write_max_ms=0.516266, total_avg_ms=27.1851, total_max_ms=75.65, reuse_last=0, encode_ok=90, write_ok=90
Added frame to streaming queue, queue size: 1
Sent frame 1400 to RTSP (MPP encoded, size=3075 bytes)
[IMX415] total=1440, fps=29.0504, read_avg_ms=4.27225 ms, read_max_ms=19.7201 ms, dqbuf_avg_ms=0.0113494, dqbuf_max_ms=0.025084, cvt_avg_ms=4.06065, cvt_max_ms=19.4252, qbuf_avg_ms=0.192398, qbuf_max_ms=0.426138, person_interval=6, person_infer_count=15, person_reuse_count=75, person_infer_avg_ms=30.9739, person_infer_max_ms=36.1204, person_infer_last_ms=28.0367, helmet_interval=12, helmet_infer_count=7, helmet_reuse_count=83, helmet_infer_avg_ms=32.163, helmet_infer_max_ms=35.5755, helmet_infer_last_ms=34.3876
[RTSP_WORKER] total=1440, fps=28.7212, wait_avg_ms=9.7881, wait_max_ms=30.013, clone_avg_ms=1.25227, clone_max_ms=5.60813, draw_avg_ms=0.609687, draw_max_ms=1.11237, resize_avg_ms=10.9873, resize_max_ms=49.8191, last_clone_avg_ms=0.46753, last_clone_max_ms=0.888445, encode_avg_ms=4.56918, encode_max_ms=8.67273, write_avg_ms=0.120757, write_max_ms=0.427597, total_avg_ms=27.8065, total_max_ms=75.29, reuse_last=0, encode_ok=90, write_ok=90
Added frame to streaming queue, queue size: 1
Sent frame 1500 to RTSP (MPP encoded, size=557 bytes)
[IMX415] total=1530, fps=29.2962, read_avg_ms=4.48634 ms, read_max_ms=32.0593 ms, dqbuf_avg_ms=0.0125582, dqbuf_max_ms=0.043751, cvt_avg_ms=4.27335, cvt_max_ms=31.8558, qbuf_avg_ms=0.192502, qbuf_max_ms=0.411846, person_interval=6, person_infer_count=15, person_reuse_count=75, person_infer_avg_ms=31.2217, person_infer_max_ms=37.1243, person_infer_last_ms=34.711, helmet_interval=12, helmet_infer_count=8, helmet_reuse_count=82, helmet_infer_avg_ms=30.7136, helmet_infer_max_ms=36.4804, helmet_infer_last_ms=24.7716
[RTSP_WORKER] total=1530, fps=29.5848, wait_avg_ms=9.36037, wait_max_ms=29.5638, clone_avg_ms=1.19299, clone_max_ms=4.78728, draw_avg_ms=0.52149, draw_max_ms=1.14554, resize_avg_ms=10.6926, resize_max_ms=48.8287, last_clone_avg_ms=0.448883, last_clone_max_ms=0.854027, encode_avg_ms=4.4684, encode_max_ms=6.9966, write_avg_ms=0.0892138, write_max_ms=1.17925, total_avg_ms=26.7861, total_max_ms=78.2577, reuse_last=0, encode_ok=90, write_ok=90
Added frame to streaming queue, queue size: 1
Sent frame 1600 to RTSP (MPP encoded, size=484 bytes)
[IMX415] total=1620, fps=28.9528, read_avg_ms=4.14445 ms, read_max_ms=26.0853 ms, dqbuf_avg_ms=0.013174, dqbuf_max_ms=0.030335, cvt_avg_ms=3.92468, cvt_max_ms=25.7892, qbuf_avg_ms=0.198168, qbuf_max_ms=0.479515, person_interval=6, person_infer_count=15, person_reuse_count=75, person_infer_avg_ms=32.0394, person_infer_max_ms=44.1926, person_infer_last_ms=27.6676, helmet_interval=12, helmet_infer_count=7, helmet_reuse_count=83, helmet_infer_avg_ms=31.5679, helmet_infer_max_ms=38.0903, helmet_infer_last_ms=31.8368
[RTSP_WORKER] total=1620, fps=29.0117, wait_avg_ms=9.76793, wait_max_ms=28.2304, clone_avg_ms=1.14769, clone_max_ms=2.36258, draw_avg_ms=0.511182, draw_max_ms=1.16408, resize_avg_ms=11.9208, resize_max_ms=54.6712, last_clone_avg_ms=0.425177, last_clone_max_ms=0.922571, encode_avg_ms=4.64043, encode_max_ms=17.2535, write_avg_ms=0.0772616, write_max_ms=0.455014, total_avg_ms=28.5015, total_max_ms=83.9934, reuse_last=0, encode_ok=90, write_ok=90
Added frame to streaming queue, queue size: 1
Sent frame 1700 to RTSP (MPP encoded, size=498 bytes)
[IMX415] total=1710, fps=28.9924, read_avg_ms=5.12568 ms, read_max_ms=28.8968 ms, dqbuf_avg_ms=0.0126342, dqbuf_max_ms=0.029459, cvt_avg_ms=4.91372, cvt_max_ms=28.7592, qbuf_avg_ms=0.191049, qbuf_max_ms=0.486807, person_interval=6, person_infer_count=15, person_reuse_count=75, person_infer_avg_ms=30.2063, person_infer_max_ms=36.2362, person_infer_last_ms=24.1471, helmet_interval=12, helmet_infer_count=8, helmet_reuse_count=82, helmet_infer_avg_ms=29.677, helmet_infer_max_ms=37.3685, helmet_infer_last_ms=37.3685
[RTSP_WORKER] total=1710, fps=28.9631, wait_avg_ms=9.56912, wait_max_ms=26.9768, clone_avg_ms=1.29244, clone_max_ms=3.11102, draw_avg_ms=0.601626, draw_max_ms=1.56747, resize_avg_ms=10.3063, resize_max_ms=52.3354, last_clone_avg_ms=0.499581, last_clone_max_ms=1.03749, encode_avg_ms=4.702, encode_max_ms=9.49142, write_avg_ms=0.0890972, write_max_ms=0.738815, total_avg_ms=27.0724, total_max_ms=80.2519, reuse_last=0, encode_ok=90, write_ok=90
[IMX415] total=1800, fps=29.2194, read_avg_ms=4.3725 ms, read_max_ms=21.6562 ms, dqbuf_avg_ms=0.0132194, dqbuf_max_ms=0.051918, cvt_avg_ms=4.15272, cvt_max_ms=21.546, qbuf_avg_ms=0.198296, qbuf_max_ms=0.693605, person_interval=6, person_infer_count=15, person_reuse_count=75, person_infer_avg_ms=33.3831, person_infer_max_ms=42.1947, person_infer_last_ms=39.0901, helmet_interval=12, helmet_infer_count=7, helmet_reuse_count=83, helmet_infer_avg_ms=31.6027, helmet_infer_max_ms=33.9464, helmet_infer_last_ms=31.0229
Added frame to streaming queue, queue size: 1
Sent frame 1800 to RTSP (MPP encoded, size=449 bytes)
[RTSP_WORKER] total=1800, fps=29.1966, wait_avg_ms=8.52747, wait_max_ms=35.2097, clone_avg_ms=1.24841, clone_max_ms=2.66008, draw_avg_ms=0.61459, draw_max_ms=1.32917, resize_avg_ms=11.6732, resize_max_ms=50.403, last_clone_avg_ms=0.476878, last_clone_max_ms=0.900695, encode_avg_ms=4.86081, encode_max_ms=10.2285, write_avg_ms=0.101928, write_max_ms=0.973905, total_avg_ms=27.5149, total_max_ms=74.502, reuse_last=0, encode_ok=90, write_ok=90
[IMX415] total=1890, fps=29.1948, read_avg_ms=3.66904 ms, read_max_ms=17.1295 ms, dqbuf_avg_ms=0.0135338, dqbuf_max_ms=0.062711, cvt_avg_ms=3.44895, cvt_max_ms=16.9198, qbuf_avg_ms=0.198502, qbuf_max_ms=0.431972, person_interval=6, person_infer_count=15, person_reuse_count=75, person_infer_avg_ms=31.3245, person_infer_max_ms=35.315, person_infer_last_ms=30.3806, helmet_interval=12, helmet_infer_count=8, helmet_reuse_count=82, helmet_infer_avg_ms=35.2123, helmet_infer_max_ms=39.1194, helmet_infer_last_ms=39.1194
[RTSP_WORKER] total=1890, fps=29.1124, wait_avg_ms=8.66929, wait_max_ms=32.1123, clone_avg_ms=1.16498, clone_max_ms=2.10269, draw_avg_ms=0.552146, draw_max_ms=1.00424, resize_avg_ms=11.412, resize_max_ms=46.7187, last_clone_avg_ms=0.416521, last_clone_max_ms=0.719856, encode_avg_ms=4.6138, encode_max_ms=8.55339, write_avg_ms=0.0883389, write_max_ms=1.00453, total_avg_ms=26.9282, total_max_ms=74.8707, reuse_last=0, encode_ok=90, write_ok=90
Added frame to streaming queue, queue size: 1
Sent frame 1900 to RTSP (MPP encoded, size=487 bytes)
[IMX415] total=1980, fps=29.2346, read_avg_ms=4.69548 ms, read_max_ms=24.5609 ms, dqbuf_avg_ms=0.0114564, dqbuf_max_ms=0.023043, cvt_avg_ms=4.48954, cvt_max_ms=24.4346, qbuf_avg_ms=0.186857, qbuf_max_ms=0.702064, person_interval=6, person_infer_count=15, person_reuse_count=75, person_infer_avg_ms=30.7852, person_infer_max_ms=35.5489, person_infer_last_ms=25.283, helmet_interval=12, helmet_infer_count=7, helmet_reuse_count=83, helmet_infer_avg_ms=30.6282, helmet_infer_max_ms=36.7497, helmet_infer_last_ms=27.7091
[RTSP_WORKER] total=1980, fps=29.3665, wait_avg_ms=10.4538, wait_max_ms=32.1879, clone_avg_ms=1.18285, clone_max_ms=2.18873, draw_avg_ms=0.577318, draw_max_ms=1.24487, resize_avg_ms=10.8043, resize_max_ms=46.9934, last_clone_avg_ms=0.449085, last_clone_max_ms=0.721023, encode_avg_ms=4.54187, encode_max_ms=7.05126, write_avg_ms=0.0867846, write_max_ms=0.948071, total_avg_ms=28.107, total_max_ms=73.9739, reuse_last=0, encode_ok=90, write_ok=90
Added frame to streaming queue, queue size: 2
Sent frame 2000 to RTSP (MPP encoded, size=351 bytes)
[IMX415] total=2070, fps=29.1943, read_avg_ms=4.03743 ms, read_max_ms=23.1972 ms, dqbuf_avg_ms=0.013456, dqbuf_max_ms=0.052793, cvt_avg_ms=3.81167, cvt_max_ms=22.8976, qbuf_avg_ms=0.203935, qbuf_max_ms=0.473098, person_interval=6, person_infer_count=15, person_reuse_count=75, person_infer_avg_ms=31.3815, person_infer_max_ms=37.0466, person_infer_last_ms=29.5325, helmet_interval=12, helmet_infer_count=8, helmet_reuse_count=82, helmet_infer_avg_ms=34.4874, helmet_infer_max_ms=39.8838, helmet_infer_last_ms=34.0434
[RTSP_WORKER] total=2070, fps=29.2067, wait_avg_ms=8.69248, wait_max_ms=26.1689, clone_avg_ms=1.24883, clone_max_ms=3.03955, draw_avg_ms=0.570801, draw_max_ms=1.52838, resize_avg_ms=10.3265, resize_max_ms=46.4202, last_clone_avg_ms=0.462911, last_clone_max_ms=0.999573, encode_avg_ms=4.69575, encode_max_ms=10.0042, write_avg_ms=0.100152, write_max_ms=1.04333, total_avg_ms=26.109, total_max_ms=77.4111, reuse_last=0, encode_ok=90, write_ok=90
Added frame to streaming queue, queue size: 1
Sent frame 2100 to RTSP (MPP encoded, size=705 bytes)
[IMX415] total=2160, fps=29.3269, read_avg_ms=4.02745 ms, read_max_ms=23.6396 ms, dqbuf_avg_ms=0.012098, dqbuf_max_ms=0.02625, cvt_avg_ms=3.82681, cvt_max_ms=23.5107, qbuf_avg_ms=0.180641, qbuf_max_ms=0.408054, person_interval=6, person_infer_count=15, person_reuse_count=75, person_infer_avg_ms=30.2552, person_infer_max_ms=38.8782, person_infer_last_ms=30.8751, helmet_interval=12, helmet_infer_count=7, helmet_reuse_count=83, helmet_infer_avg_ms=32.1879, helmet_infer_max_ms=35.8161, helmet_infer_last_ms=31.6602
[RTSP_WORKER] total=2160, fps=29.1727, wait_avg_ms=9.90863, wait_max_ms=24.0525, clone_avg_ms=1.21788, clone_max_ms=2.35762, draw_avg_ms=0.580194, draw_max_ms=1.44234, resize_avg_ms=10.9113, resize_max_ms=46.288, last_clone_avg_ms=0.473472, last_clone_max_ms=0.937446, encode_avg_ms=4.72097, encode_max_ms=10.2754, write_avg_ms=0.0879403, write_max_ms=0.581893, total_avg_ms=27.9119, total_max_ms=73.2766, reuse_last=0, encode_ok=90, write_ok=90
Added frame to streaming queue, queue size: 1
Sent frame 2200 to RTSP (MPP encoded, size=578 bytes)
[IMX415] total=2250, fps=28.6436, read_avg_ms=4.76952 ms, read_max_ms=23.9727 ms, dqbuf_avg_ms=0.0126198, dqbuf_max_ms=0.024209, cvt_avg_ms=4.54742, cvt_max_ms=23.6367, qbuf_avg_ms=0.197403, qbuf_max_ms=0.410096, person_interval=6, person_infer_count=15, person_reuse_count=75, person_infer_avg_ms=31.5099, person_infer_max_ms=39.4032, person_infer_last_ms=32.286, helmet_interval=12, helmet_infer_count=8, helmet_reuse_count=82, helmet_infer_avg_ms=34.06, helmet_infer_max_ms=38.226, helmet_infer_last_ms=38.226
[RTSP_WORKER] total=2250, fps=28.6256, wait_avg_ms=9.14285, wait_max_ms=32.5966, clone_avg_ms=1.21225, clone_max_ms=3.01651, draw_avg_ms=0.587087, draw_max_ms=1.52751, resize_avg_ms=11.483, resize_max_ms=49.245, last_clone_avg_ms=0.441497, last_clone_max_ms=0.862486, encode_avg_ms=4.55711, encode_max_ms=7.56316, write_avg_ms=0.081708, write_max_ms=0.481265, total_avg_ms=27.5168, total_max_ms=85.7215, reuse_last=0, encode_ok=90, write_ok=90
Added frame to streaming queue, queue size: 1
Sent frame 2300 to RTSP (MPP encoded, size=566 bytes)
[IMX415] total=2340, fps=29.0078, read_avg_ms=4.80554 ms, read_max_ms=24.2118 ms, dqbuf_avg_ms=0.0119296, dqbuf_max_ms=0.023917, cvt_avg_ms=4.59528, cvt_max_ms=23.8863, qbuf_avg_ms=0.190792, qbuf_max_ms=0.428764, person_interval=6, person_infer_count=15, person_reuse_count=75, person_infer_avg_ms=32.5833, person_infer_max_ms=40.6167, person_infer_last_ms=40.6167, helmet_interval=12, helmet_infer_count=7, helmet_reuse_count=83, helmet_infer_avg_ms=34.17, helmet_infer_max_ms=38.2729, helmet_infer_last_ms=37.236
[RTSP_WORKER] total=2340, fps=28.8405, wait_avg_ms=9.32449, wait_max_ms=32.8127, clone_avg_ms=1.14941, clone_max_ms=2.0429, draw_avg_ms=0.572966, draw_max_ms=1.06403, resize_avg_ms=11.1084, resize_max_ms=40.6249, last_clone_avg_ms=0.424244, last_clone_max_ms=0.722773, encode_avg_ms=4.6124, encode_max_ms=9.06062, write_avg_ms=0.0900297, write_max_ms=0.904112, total_avg_ms=27.2929, total_max_ms=75.5739, reuse_last=0, encode_ok=90, write_ok=90
Added frame to streaming queue, queue size: 1
Sent frame 2400 to RTSP (MPP encoded, size=1575 bytes)
[IMX415] total=2430, fps=28.9241, read_avg_ms=3.74763 ms, read_max_ms=20.7556 ms, dqbuf_avg_ms=0.0123282, dqbuf_max_ms=0.030043, cvt_avg_ms=3.51728, cvt_max_ms=20.4791, qbuf_avg_ms=0.209851, qbuf_max_ms=0.484182, person_interval=6, person_infer_count=15, person_reuse_count=75, person_infer_avg_ms=33.2677, person_infer_max_ms=40.0397, person_infer_last_ms=28.2233, helmet_interval=12, helmet_infer_count=8, helmet_reuse_count=82, helmet_infer_avg_ms=33.9378, helmet_infer_max_ms=39.94, helmet_infer_last_ms=29.0085
[RTSP_WORKER] total=2430, fps=28.8503, wait_avg_ms=9.80863, wait_max_ms=31.7823, clone_avg_ms=1.28228, clone_max_ms=2.59037, draw_avg_ms=0.594298, draw_max_ms=1.15504, resize_avg_ms=11.3438, resize_max_ms=47.4525, last_clone_avg_ms=0.489052, last_clone_max_ms=1.01999, encode_avg_ms=4.69157, encode_max_ms=8.76632, write_avg_ms=0.102121, write_max_ms=0.98353, total_avg_ms=28.3242, total_max_ms=76.9931, reuse_last=0, encode_ok=90, write_ok=90
Added frame to streaming queue, queue size: 1
Sent frame 2500 to RTSP (MPP encoded, size=495 bytes)
[IMX415] total=2520, fps=28.8731, read_avg_ms=4.48453 ms, read_max_ms=22.7713 ms, dqbuf_avg_ms=0.0129731, dqbuf_max_ms=0.038793, cvt_avg_ms=4.2615, cvt_max_ms=22.5788, qbuf_avg_ms=0.201891, qbuf_max_ms=0.732107, person_interval=6, person_infer_count=15, person_reuse_count=75, person_infer_avg_ms=33.4983, person_infer_max_ms=41.378, person_infer_last_ms=38.3635, helmet_interval=12, helmet_infer_count=7, helmet_reuse_count=83, helmet_infer_avg_ms=32.8406, helmet_infer_max_ms=36.0174, helmet_infer_last_ms=31.8087
[RTSP_WORKER] total=2520, fps=29.1402, wait_avg_ms=8.56485, wait_max_ms=31.3508, clone_avg_ms=1.21098, clone_max_ms=1.88093, draw_avg_ms=0.596736, draw_max_ms=1.37817, resize_avg_ms=11.7631, resize_max_ms=46.3757, last_clone_avg_ms=0.432776, last_clone_max_ms=0.765649, encode_avg_ms=4.57266, encode_max_ms=8.72694, write_avg_ms=0.0977633, write_max_ms=0.993448, total_avg_ms=27.2497, total_max_ms=74.0809, reuse_last=0, encode_ok=90, write_ok=90
Added frame to streaming queue, queue size: 2
Sent frame 2600 to RTSP (MPP encoded, size=412 bytes)
[IMX415] total=2610, fps=29.3982, read_avg_ms=3.92915 ms, read_max_ms=21.9231 ms, dqbuf_avg_ms=0.0118194, dqbuf_max_ms=0.023043, cvt_avg_ms=3.72984, cvt_max_ms=21.7546, qbuf_avg_ms=0.179706, qbuf_max_ms=0.406304, person_interval=6, person_infer_count=15, person_reuse_count=75, person_infer_avg_ms=31.8758, person_infer_max_ms=40.3423, person_infer_last_ms=29.7342, helmet_interval=12, helmet_infer_count=8, helmet_reuse_count=82, helmet_infer_avg_ms=29.4856, helmet_infer_max_ms=34.3256, helmet_infer_last_ms=30.2684
[RTSP_WORKER] total=2610, fps=29.3993, wait_avg_ms=8.61263, wait_max_ms=29.5335, clone_avg_ms=1.16533, clone_max_ms=2.18524, draw_avg_ms=0.541879, draw_max_ms=1.2227, resize_avg_ms=11.5466, resize_max_ms=52.9212, last_clone_avg_ms=0.455123, last_clone_max_ms=0.894862, encode_avg_ms=4.55481, encode_max_ms=7.96508, write_avg_ms=0.0840332, write_max_ms=0.975573, total_avg_ms=26.9714, total_max_ms=84.4239, reuse_last=0, encode_ok=90, write_ok=90
[IMX415] total=2700, fps=29.1113, read_avg_ms=4.70907 ms, read_max_ms=20.7434 ms, dqbuf_avg_ms=0.0128435, dqbuf_max_ms=0.033251, cvt_avg_ms=4.48268, cvt_max_ms=20.5442, qbuf_avg_ms=0.205392, qbuf_max_ms=0.487098, person_interval=6, person_infer_count=15, person_reuse_count=75, person_infer_avg_ms=31.136, person_infer_max_ms=38.4803, person_infer_last_ms=34.8301, helmet_interval=12, helmet_infer_count=7, helmet_reuse_count=83, helmet_infer_avg_ms=33.0301, helmet_infer_max_ms=41.8127, helmet_infer_last_ms=30.7946
Added frame to streaming queue, queue size: 1
Sent frame 2700 to RTSP (MPP encoded, size=369 bytes)
[RTSP_WORKER] total=2700, fps=29.1286, wait_avg_ms=10.227, wait_max_ms=32.735, clone_avg_ms=1.2716, clone_max_ms=3.34231, draw_avg_ms=0.624989, draw_max_ms=1.55696, resize_avg_ms=10.1678, resize_max_ms=31.3746, last_clone_avg_ms=0.493726, last_clone_max_ms=0.995489, encode_avg_ms=4.71175, encode_max_ms=8.51831, write_avg_ms=0.0918964, write_max_ms=0.924029, total_avg_ms=27.6014, total_max_ms=58.4507, reuse_last=0, encode_ok=90, write_ok=90
[IMX415] total=2790, fps=29.1787, read_avg_ms=4.33817 ms, read_max_ms=22.1904 ms, dqbuf_avg_ms=0.0129504, dqbuf_max_ms=0.029459, cvt_avg_ms=4.11746, cvt_max_ms=22.0032, qbuf_avg_ms=0.199247, qbuf_max_ms=0.573727, person_interval=6, person_infer_count=15, person_reuse_count=75, person_infer_avg_ms=31.0871, person_infer_max_ms=43.7299, person_infer_last_ms=37.7074, helmet_interval=12, helmet_infer_count=8, helmet_reuse_count=82, helmet_infer_avg_ms=31.084, helmet_infer_max_ms=32.9459, helmet_infer_last_ms=31.3105
[RTSP_WORKER] total=2790, fps=29.1715, wait_avg_ms=9.78401, wait_max_ms=32.8894, clone_avg_ms=1.28047, clone_max_ms=2.52737, draw_avg_ms=0.607392, draw_max_ms=1.17458, resize_avg_ms=10.2437, resize_max_ms=47.4645, last_clone_avg_ms=0.50034, last_clone_max_ms=1.04041, encode_avg_ms=4.70323, encode_max_ms=7.88721, write_avg_ms=0.0876292, write_max_ms=0.627978, total_avg_ms=27.2184, total_max_ms=85.1561, reuse_last=0, encode_ok=90, write_ok=90
Added frame to streaming queue, queue size: 1
Sent frame 2800 to RTSP (MPP encoded, size=796 bytes)
[IMX415] total=2880, fps=28.9664, read_avg_ms=3.76017 ms, read_max_ms=20.1435 ms, dqbuf_avg_ms=0.0123087, dqbuf_max_ms=0.026834, cvt_avg_ms=3.54487, cvt_max_ms=19.8667, qbuf_avg_ms=0.194985, qbuf_max_ms=0.413596, person_interval=6, person_infer_count=15, person_reuse_count=75, person_infer_avg_ms=33.1661, person_infer_max_ms=40.6642, person_infer_last_ms=39.0037, helmet_interval=12, helmet_infer_count=7, helmet_reuse_count=83, helmet_infer_avg_ms=34.2257, helmet_infer_max_ms=39.3947, helmet_infer_last_ms=29.9943
[RTSP_WORKER] total=2880, fps=28.975, wait_avg_ms=9.45922, wait_max_ms=32.1043, clone_avg_ms=1.21904, clone_max_ms=2.06769, draw_avg_ms=0.594635, draw_max_ms=1.19354, resize_avg_ms=11.4152, resize_max_ms=49.8097, last_clone_avg_ms=0.463521, last_clone_max_ms=1.06753, encode_avg_ms=4.54489, encode_max_ms=6.92614, write_avg_ms=0.0883097, write_max_ms=0.887278, total_avg_ms=27.796, total_max_ms=84.2186, reuse_last=0, encode_ok=90, write_ok=90
Added frame to streaming queue, queue size: 1
Sent frame 2900 to RTSP (MPP encoded, size=444 bytes)
[IMX415] total=2970, fps=29.2385, read_avg_ms=5.3573 ms, read_max_ms=23.6481 ms, dqbuf_avg_ms=0.0134949, dqbuf_max_ms=0.028001, cvt_avg_ms=5.14038, cvt_max_ms=23.4095, qbuf_avg_ms=0.195518, qbuf_max_ms=0.411263, person_interval=6, person_infer_count=15, person_reuse_count=75, person_infer_avg_ms=32.7111, person_infer_max_ms=38.367, person_infer_last_ms=25.7321, helmet_interval=12, helmet_infer_count=8, helmet_reuse_count=82, helmet_infer_avg_ms=31.8757, helmet_infer_max_ms=35.8308, helmet_infer_last_ms=31.4622
[RTSP_WORKER] total=2970, fps=29.3396, wait_avg_ms=9.82355, wait_max_ms=33.107, clone_avg_ms=1.16251, clone_max_ms=2.24153, draw_avg_ms=0.561649, draw_max_ms=1.1915, resize_avg_ms=10.5749, resize_max_ms=42.4088, last_clone_avg_ms=0.441878, last_clone_max_ms=0.870653, encode_avg_ms=4.68599, encode_max_ms=7.79504, write_avg_ms=0.0880504, write_max_ms=0.860443, total_avg_ms=27.3497, total_max_ms=68.4744, reuse_last=0, encode_ok=90, write_ok=90
Added frame to streaming queue, queue size: 1
Sent frame 3000 to RTSP (MPP encoded, size=504 bytes)
[IMX415] total=3060, fps=29.0841, read_avg_ms=4.85877 ms, read_max_ms=23.5018 ms, dqbuf_avg_ms=0.0120236, dqbuf_max_ms=0.030334, cvt_avg_ms=4.64756, cvt_max_ms=23.1944, qbuf_avg_ms=0.191193, qbuf_max_ms=0.405138, person_interval=6, person_infer_count=15, person_reuse_count=75, person_infer_avg_ms=31.9772, person_infer_max_ms=38.3648, person_infer_last_ms=32.5384, helmet_interval=12, helmet_infer_count=7, helmet_reuse_count=83, helmet_infer_avg_ms=32.3577, helmet_infer_max_ms=36.7104, helmet_infer_last_ms=33.5625
[RTSP_WORKER] total=3060, fps=29.0862, wait_avg_ms=9.54429, wait_max_ms=32.7226, clone_avg_ms=1.20365, clone_max_ms=2.18086, draw_avg_ms=0.572472, draw_max_ms=1.13249, resize_avg_ms=11.4689, resize_max_ms=46.8437, last_clone_avg_ms=0.461746, last_clone_max_ms=0.788108, encode_avg_ms=4.67823, encode_max_ms=9.29192, write_avg_ms=0.0938937, write_max_ms=0.860444, total_avg_ms=28.0344, total_max_ms=73.8148, reuse_last=0, encode_ok=90, write_ok=90
Added frame to streaming queue, queue size: 1
Sent frame 3100 to RTSP (MPP encoded, size=482 bytes)
[IMX415] total=3150, fps=28.9936, read_avg_ms=4.61405 ms, read_max_ms=23.9276 ms, dqbuf_avg_ms=0.0127643, dqbuf_max_ms=0.024501, cvt_avg_ms=4.39269, cvt_max_ms=23.5983, qbuf_avg_ms=0.200122, qbuf_max_ms=0.441305, person_interval=6, person_infer_count=15, person_reuse_count=75, person_infer_avg_ms=33.2122, person_infer_max_ms=45.9573, person_infer_last_ms=28.786, helmet_interval=12, helmet_infer_count=8, helmet_reuse_count=82, helmet_infer_avg_ms=30.9339, helmet_infer_max_ms=33.0743, helmet_infer_last_ms=32.5041
[RTSP_WORKER] total=3150, fps=28.9995, wait_avg_ms=7.91137, wait_max_ms=30.0869, clone_avg_ms=1.23462, clone_max_ms=3.02935, draw_avg_ms=0.589512, draw_max_ms=1.50388, resize_avg_ms=12.4717, resize_max_ms=52.9738, last_clone_avg_ms=0.444428, last_clone_max_ms=0.786358, encode_avg_ms=4.67346, encode_max_ms=8.63798, write_avg_ms=0.0904195, write_max_ms=0.874736, total_avg_ms=27.4267, total_max_ms=79.843, reuse_last=0, encode_ok=90, write_ok=90
Added frame to streaming queue, queue size: 1
Sent frame 3200 to RTSP (MPP encoded, size=468 bytes)
[IMX415] total=3240, fps=29.2029, read_avg_ms=4.137 ms, read_max_ms=24.6465 ms, dqbuf_avg_ms=0.0130185, dqbuf_max_ms=0.042293, cvt_avg_ms=3.91206, cvt_max_ms=24.4411, qbuf_avg_ms=0.203668, qbuf_max_ms=0.453556, person_interval=6, person_infer_count=15, person_reuse_count=75, person_infer_avg_ms=32.2986, person_infer_max_ms=40.7719, person_infer_last_ms=31.5748, helmet_interval=12, helmet_infer_count=7, helmet_reuse_count=83, helmet_infer_avg_ms=33.5037, helmet_infer_max_ms=37.7077, helmet_infer_last_ms=35.8288
[RTSP_WORKER] total=3240, fps=29.169, wait_avg_ms=8.75373, wait_max_ms=29.6135, clone_avg_ms=1.16209, clone_max_ms=3.27785, draw_avg_ms=0.572076, draw_max_ms=1.26012, resize_avg_ms=11.5332, resize_max_ms=30.8506, last_clone_avg_ms=0.459341, last_clone_max_ms=0.784608, encode_avg_ms=4.71402, encode_max_ms=8.92849, write_avg_ms=0.0753107, write_max_ms=0.355844, total_avg_ms=27.2809, total_max_ms=61.4001, reuse_last=0, encode_ok=90, write_ok=90
Added frame to streaming queue, queue size: 1
Sent frame 3300 to RTSP (MPP encoded, size=384 bytes)
[IMX415] total=3330, fps=29.1401, read_avg_ms=4.47861 ms, read_max_ms=21.2603 ms, dqbuf_avg_ms=0.0122972, dqbuf_max_ms=0.028876, cvt_avg_ms=4.26757, cvt_max_ms=21.0963, qbuf_avg_ms=0.190453, qbuf_max_ms=0.687772, person_interval=6, person_infer_count=15, person_reuse_count=75, person_infer_avg_ms=30.704, person_infer_max_ms=40.179, person_infer_last_ms=28.6698, helmet_interval=12, helmet_infer_count=8, helmet_reuse_count=82, helmet_infer_avg_ms=30.8088, helmet_infer_max_ms=33.4643, helmet_infer_last_ms=31.3922
[RTSP_WORKER] total=3330, fps=29.1791, wait_avg_ms=9.16894, wait_max_ms=26.634, clone_avg_ms=1.26575, clone_max_ms=3.01709, draw_avg_ms=0.559948, draw_max_ms=1.41696, resize_avg_ms=10.6864, resize_max_ms=52.6541, last_clone_avg_ms=0.464843, last_clone_max_ms=1.04245, encode_avg_ms=4.53929, encode_max_ms=9.0987, write_avg_ms=0.0962628, write_max_ms=0.919071, total_avg_ms=26.7928, total_max_ms=77.137, reuse_last=0, encode_ok=90, write_ok=90
Added frame to streaming queue, queue size: 1
Sent frame 3400 to RTSP (MPP encoded, size=420 bytes)
[IMX415] total=3420, fps=29.2276, read_avg_ms=4.65783 ms, read_max_ms=20.4915 ms, dqbuf_avg_ms=0.0124222, dqbuf_max_ms=0.028585, cvt_avg_ms=4.45076, cvt_max_ms=20.2823, qbuf_avg_ms=0.186654, qbuf_max_ms=0.427888, person_interval=6, person_infer_count=15, person_reuse_count=75, person_infer_avg_ms=31.412, person_infer_max_ms=44.1, person_infer_last_ms=30.4141, helmet_interval=12, helmet_infer_count=7, helmet_reuse_count=83, helmet_infer_avg_ms=30.6391, helmet_infer_max_ms=33.0555, helmet_infer_last_ms=33.0555
[RTSP_WORKER] total=3420, fps=29.1235, wait_avg_ms=10.176, wait_max_ms=28.8306, clone_avg_ms=1.18996, clone_max_ms=2.37628, draw_avg_ms=0.525968, draw_max_ms=1.10458, resize_avg_ms=10.6325, resize_max_ms=48.2118, last_clone_avg_ms=0.461271, last_clone_max_ms=1.1737, encode_avg_ms=4.58812, encode_max_ms=8.63331, write_avg_ms=0.0784641, write_max_ms=0.417389, total_avg_ms=27.6633, total_max_ms=69.7878, reuse_last=0, encode_ok=90, write_ok=90
Added frame to streaming queue, queue size: 1
Sent frame 3500 to RTSP (MPP encoded, size=432 bytes)
[IMX415] total=3510, fps=29.3594, read_avg_ms=4.73962 ms, read_max_ms=23.1465 ms, dqbuf_avg_ms=0.013038, dqbuf_max_ms=0.048418, cvt_avg_ms=4.53984, cvt_max_ms=22.8455, qbuf_avg_ms=0.178835, qbuf_max_ms=0.331052, person_interval=6, person_infer_count=15, person_reuse_count=75, person_infer_avg_ms=31.7245, person_infer_max_ms=39.6615, person_infer_last_ms=28.203, helmet_interval=12, helmet_infer_count=8, helmet_reuse_count=82, helmet_infer_avg_ms=30.3934, helmet_infer_max_ms=35.7547, helmet_infer_last_ms=32.0429
[RTSP_WORKER] total=3510, fps=29.3406, wait_avg_ms=9.48003, wait_max_ms=27.5657, clone_avg_ms=1.17365, clone_max_ms=2.45241, draw_avg_ms=0.552593, draw_max_ms=1.06608, resize_avg_ms=10.9822, resize_max_ms=45.6639, last_clone_avg_ms=0.436848, last_clone_max_ms=0.742024, encode_avg_ms=4.62938, encode_max_ms=8.46585, write_avg_ms=0.08191, write_max_ms=0.613103, total_avg_ms=27.3479, total_max_ms=72.0537, reuse_last=0, encode_ok=90, write_ok=90
[IMX415] total=3600, fps=29.0617, read_avg_ms=4.49466 ms, read_max_ms=23.1788 ms, dqbuf_avg_ms=0.0116573, dqbuf_max_ms=0.027418, cvt_avg_ms=4.28522, cvt_max_ms=22.8836, qbuf_avg_ms=0.189963, qbuf_max_ms=0.688063, person_interval=6, person_infer_count=15, person_reuse_count=75, person_infer_avg_ms=31.31, person_infer_max_ms=37.234, person_infer_last_ms=30.7255, helmet_interval=12, helmet_infer_count=7, helmet_reuse_count=83, helmet_infer_avg_ms=35.2316, helmet_infer_max_ms=39.9713, helmet_infer_last_ms=38.1517
Added frame to streaming queue, queue size: 1
Sent frame 3600 to RTSP (MPP encoded, size=363 bytes)
[RTSP_WORKER] total=3600, fps=28.976, wait_avg_ms=9.36324, wait_max_ms=28.6397, clone_avg_ms=1.16776, clone_max_ms=2.27857, draw_avg_ms=0.542176, draw_max_ms=1.18887, resize_avg_ms=11.7943, resize_max_ms=46.4528, last_clone_avg_ms=0.425298, last_clone_max_ms=1.03603, encode_avg_ms=4.46293, encode_max_ms=6.22107, write_avg_ms=0.0898242, write_max_ms=0.997032, total_avg_ms=27.8563, total_max_ms=78.1602, reuse_last=0, encode_ok=90, write_ok=90
[IMX415] total=3690, fps=29.169, read_avg_ms=4.10738 ms, read_max_ms=21.0262 ms, dqbuf_avg_ms=0.0111875, dqbuf_max_ms=0.025084, cvt_avg_ms=3.90155, cvt_max_ms=20.8552, qbuf_avg_ms=0.186868, qbuf_max_ms=0.435472, person_interval=6, person_infer_count=15, person_reuse_count=75, person_infer_avg_ms=31.4947, person_infer_max_ms=35.4351, person_infer_last_ms=31.5807, helmet_interval=12, helmet_infer_count=8, helmet_reuse_count=82, helmet_infer_avg_ms=34.6213, helmet_infer_max_ms=41.9732, helmet_infer_last_ms=34.6972
[RTSP_WORKER] total=3690, fps=29.2664, wait_avg_ms=9.90935, wait_max_ms=32.7453, clone_avg_ms=1.13044, clone_max_ms=1.73372, draw_avg_ms=0.523232, draw_max_ms=1.1627, resize_avg_ms=10.8404, resize_max_ms=45.7454, last_clone_avg_ms=0.456459, last_clone_max_ms=0.756608, encode_avg_ms=4.57554, encode_max_ms=7.4214, write_avg_ms=0.0975008, write_max_ms=0.96253, total_avg_ms=27.5441, total_max_ms=76.7331, reuse_last=0, encode_ok=90, write_ok=90
Added frame to streaming queue, queue size: 1
Sent frame 3700 to RTSP (MPP encoded, size=401 bytes)
[IMX415] total=3780, fps=28.9614, read_avg_ms=3.98198 ms, read_max_ms=20.3834 ms, dqbuf_avg_ms=0.0126295, dqbuf_max_ms=0.028585, cvt_avg_ms=3.75271, cvt_max_ms=20.0083, qbuf_avg_ms=0.208805, qbuf_max_ms=0.425847, person_interval=6, person_infer_count=15, person_reuse_count=75, person_infer_avg_ms=32.6681, person_infer_max_ms=41.1043, person_infer_last_ms=27.3924, helmet_interval=12, helmet_infer_count=7, helmet_reuse_count=83, helmet_infer_avg_ms=34.3261, helmet_infer_max_ms=38.1455, helmet_infer_last_ms=34.668
[RTSP_WORKER] total=3780, fps=28.9005, wait_avg_ms=9.25633, wait_max_ms=30.0006, clone_avg_ms=1.17292, clone_max_ms=3.20552, draw_avg_ms=0.552287, draw_max_ms=1.50971, resize_avg_ms=11.3419, resize_max_ms=40.0162, last_clone_avg_ms=0.428222, last_clone_max_ms=0.738814, encode_avg_ms=4.67407, encode_max_ms=9.55238, write_avg_ms=0.0874884, write_max_ms=0.912362, total_avg_ms=27.5241, total_max_ms=70.8185, reuse_last=0, encode_ok=90, write_ok=90
Added frame to streaming queue, queue size: 1
Sent frame 3800 to RTSP (MPP encoded, size=435 bytes)
[IMX415] total=3870, fps=29.1918, read_avg_ms=4.56165 ms, read_max_ms=26.0154 ms, dqbuf_avg_ms=0.0149112, dqbuf_max_ms=0.297218, cvt_avg_ms=4.35495, cvt_max_ms=25.7206, qbuf_avg_ms=0.184383, qbuf_max_ms=0.596477, person_interval=6, person_infer_count=15, person_reuse_count=75, person_infer_avg_ms=31.5971, person_infer_max_ms=40.3441, person_infer_last_ms=36.5069, helmet_interval=12, helmet_infer_count=8, helmet_reuse_count=82, helmet_infer_avg_ms=31.4566, helmet_infer_max_ms=36.0128, helmet_infer_last_ms=34.7516
[RTSP_WORKER] total=3870, fps=29.2112, wait_avg_ms=8.6275, wait_max_ms=28.3976, clone_avg_ms=1.23555, clone_max_ms=1.93369, draw_avg_ms=0.600938, draw_max_ms=1.13958, resize_avg_ms=11.9681, resize_max_ms=47.8395, last_clone_avg_ms=0.462897, last_clone_max_ms=0.85111, encode_avg_ms=4.52002, encode_max_ms=6.61371, write_avg_ms=0.0982345, write_max_ms=0.951738, total_avg_ms=27.5245, total_max_ms=75.6229, reuse_last=0, encode_ok=90, write_ok=90
Added frame to streaming queue, queue size: 1
Sent frame 3900 to RTSP (MPP encoded, size=470 bytes)
[IMX415] total=3960, fps=29.1307, read_avg_ms=4.47923 ms, read_max_ms=24.016 ms, dqbuf_avg_ms=0.0124676, dqbuf_max_ms=0.040835, cvt_avg_ms=4.26815, cvt_max_ms=23.7083, qbuf_avg_ms=0.190706, qbuf_max_ms=0.491765, person_interval=6, person_infer_count=15, person_reuse_count=75, person_infer_avg_ms=31.1135, person_infer_max_ms=40.4536, person_infer_last_ms=26.9073, helmet_interval=12, helmet_infer_count=7, helmet_reuse_count=83, helmet_infer_avg_ms=31.5623, helmet_infer_max_ms=36.5863, helmet_infer_last_ms=29.5692
[RTSP_WORKER] total=3960, fps=29.2502, wait_avg_ms=10.1488, wait_max_ms=34.8044, clone_avg_ms=1.2272, clone_max_ms=2.35149, draw_avg_ms=0.582297, draw_max_ms=1.16175, resize_avg_ms=10.9955, resize_max_ms=49.6662, last_clone_avg_ms=0.453422, last_clone_max_ms=0.798316, encode_avg_ms=4.7295, encode_max_ms=18.2489, write_avg_ms=0.0904681, write_max_ms=1.20345, total_avg_ms=28.239, total_max_ms=77.0745, reuse_last=0, encode_ok=90, write_ok=90
Added frame to streaming queue, queue size: 1
Sent frame 4000 to RTSP (MPP encoded, size=504 bytes)
[IMX415] total=4050, fps=29.0855, read_avg_ms=4.63307 ms, read_max_ms=21.3252 ms, dqbuf_avg_ms=0.0123606, dqbuf_max_ms=0.026251, cvt_avg_ms=4.41562, cvt_max_ms=21.114, qbuf_avg_ms=0.196308, qbuf_max_ms=0.471348, person_interval=6, person_infer_count=15, person_reuse_count=75, person_infer_avg_ms=30.0024, person_infer_max_ms=34.9182, person_infer_last_ms=25.9518, helmet_interval=12, helmet_infer_count=8, helmet_reuse_count=82, helmet_infer_avg_ms=33.94, helmet_infer_max_ms=43.6774, helmet_infer_last_ms=31.9826
[RTSP_WORKER] total=4050, fps=28.9868, wait_avg_ms=9.78846, wait_max_ms=30.4921, clone_avg_ms=1.26782, clone_max_ms=2.08052, draw_avg_ms=0.606952, draw_max_ms=1.07512, resize_avg_ms=11.7207, resize_max_ms=48.8111, last_clone_avg_ms=0.45525, last_clone_max_ms=0.912945, encode_avg_ms=4.64824, encode_max_ms=10.1047, write_avg_ms=0.0926103, write_max_ms=1.00366, total_avg_ms=28.5918, total_max_ms=80.0354, reuse_last=0, encode_ok=90, write_ok=90
Added frame to streaming queue, queue size: 1
Sent frame 4100 to RTSP (MPP encoded, size=542 bytes)
[IMX415] total=4140, fps=28.9745, read_avg_ms=4.15238 ms, read_max_ms=22.1587 ms, dqbuf_avg_ms=0.0136426, dqbuf_max_ms=0.068544, cvt_avg_ms=3.91887, cvt_max_ms=22.0304, qbuf_avg_ms=0.211293, qbuf_max_ms=0.46464, person_interval=6, person_infer_count=15, person_reuse_count=75, person_infer_avg_ms=33.4934, person_infer_max_ms=39.1905, person_infer_last_ms=29.4937, helmet_interval=12, helmet_infer_count=7, helmet_reuse_count=83, helmet_infer_avg_ms=33.4097, helmet_infer_max_ms=37.4348, helmet_infer_last_ms=37.4348
[RTSP_WORKER] total=4140, fps=28.9472, wait_avg_ms=10.8395, wait_max_ms=32.2518, clone_avg_ms=1.26365, clone_max_ms=3.13931, draw_avg_ms=0.5805, draw_max_ms=1.53801, resize_avg_ms=10.6059, resize_max_ms=49.8547, last_clone_avg_ms=0.469899, last_clone_max_ms=1.32508, encode_avg_ms=4.74118, encode_max_ms=8.18338, write_avg_ms=0.107456, write_max_ms=1.00132, total_avg_ms=28.6197, total_max_ms=82.2174, reuse_last=0, encode_ok=90, write_ok=90
Added frame to streaming queue, queue size: 1
Sent frame 4200 to RTSP (MPP encoded, size=445 bytes)
[IMX415] total=4230, fps=28.7847, read_avg_ms=5.2092 ms, read_max_ms=27.3072 ms, dqbuf_avg_ms=0.0128824, dqbuf_max_ms=0.047835, cvt_avg_ms=4.98741, cvt_max_ms=27.0201, qbuf_avg_ms=0.200855, qbuf_max_ms=0.493515, person_interval=6, person_infer_count=15, person_reuse_count=75, person_infer_avg_ms=32.9973, person_infer_max_ms=44.4867, person_infer_last_ms=28.1499, helmet_interval=12, helmet_infer_count=8, helmet_reuse_count=82, helmet_infer_avg_ms=32.3025, helmet_infer_max_ms=39.1974, helmet_infer_last_ms=32.2913
[RTSP_WORKER] total=4230, fps=28.8286, wait_avg_ms=8.71852, wait_max_ms=30.9888, clone_avg_ms=1.18134, clone_max_ms=3.03547, draw_avg_ms=0.533973, draw_max_ms=1.41754, resize_avg_ms=12.0038, resize_max_ms=53.4743, last_clone_avg_ms=0.443516, last_clone_max_ms=0.750774, encode_avg_ms=4.64891, encode_max_ms=11.7688, write_avg_ms=0.0752589, write_max_ms=0.359345, total_avg_ms=27.6174, total_max_ms=76.7106, reuse_last=0, encode_ok=90, write_ok=90
Added frame to streaming queue, queue size: 1
Sent frame 4300 to RTSP (MPP encoded, size=352 bytes)
[IMX415] total=4320, fps=29.0815, read_avg_ms=4.84712 ms, read_max_ms=23.446 ms, dqbuf_avg_ms=0.0134106, dqbuf_max_ms=0.034126, cvt_avg_ms=4.61994, cvt_max_ms=23.3451, qbuf_avg_ms=0.205423, qbuf_max_ms=0.611644, person_interval=6, person_infer_count=15, person_reuse_count=75, person_infer_avg_ms=33.2611, person_infer_max_ms=44.6789, person_infer_last_ms=31.0677, helmet_interval=12, helmet_infer_count=7, helmet_reuse_count=83, helmet_infer_avg_ms=29.709, helmet_infer_max_ms=35.8323, helmet_infer_last_ms=26.4682
[RTSP_WORKER] total=4320, fps=28.9442, wait_avg_ms=9.60903, wait_max_ms=31.442, clone_avg_ms=1.18274, clone_max_ms=3.33677, draw_avg_ms=0.533358, draw_max_ms=1.17983, resize_avg_ms=11.3688, resize_max_ms=45.4931, last_clone_avg_ms=0.438152, last_clone_max_ms=0.873277, encode_avg_ms=4.8419, encode_max_ms=14.785, write_avg_ms=0.0904227, write_max_ms=0.942405, total_avg_ms=28.0757, total_max_ms=72.7898, reuse_last=0, encode_ok=90, write_ok=90
Added frame to streaming queue, queue size: 1
Sent frame 4400 to RTSP (MPP encoded, size=430 bytes)
[IMX415] total=4410, fps=28.9593, read_avg_ms=3.98693 ms, read_max_ms=23.9677 ms, dqbuf_avg_ms=0.0123185, dqbuf_max_ms=0.026543, cvt_avg_ms=3.76396, cvt_max_ms=23.6413, qbuf_avg_ms=0.202356, qbuf_max_ms=0.428472, person_interval=6, person_infer_count=15, person_reuse_count=75, person_infer_avg_ms=32.4741, person_infer_max_ms=41.1049, person_infer_last_ms=34.798, helmet_interval=12, helmet_infer_count=8, helmet_reuse_count=82, helmet_infer_avg_ms=32.3538, helmet_infer_max_ms=34.6923, helmet_infer_last_ms=31.7555
[RTSP_WORKER] total=4410, fps=28.8758, wait_avg_ms=9.09539, wait_max_ms=30.9498, clone_avg_ms=1.20376, clone_max_ms=4.0648, draw_avg_ms=0.543975, draw_max_ms=1.20433, resize_avg_ms=11.6009, resize_max_ms=48.4963, last_clone_avg_ms=0.432333, last_clone_max_ms=0.863944, encode_avg_ms=4.6247, encode_max_ms=10.7614, write_avg_ms=0.0868805, write_max_ms=1.01387, total_avg_ms=27.5996, total_max_ms=77.0583, reuse_last=0, encode_ok=90, write_ok=90
[IMX415] total=4500, fps=29.4017, read_avg_ms=4.00838 ms, read_max_ms=17.6823 ms, dqbuf_avg_ms=0.0119522, dqbuf_max_ms=0.025959, cvt_avg_ms=3.79517, cvt_max_ms=17.5084, qbuf_avg_ms=0.193218, qbuf_max_ms=0.41593, person_interval=6, person_infer_count=15, person_reuse_count=75, person_infer_avg_ms=31.2303, person_infer_max_ms=36.0797, person_infer_last_ms=35.4147, helmet_interval=12, helmet_infer_count=7, helmet_reuse_count=83, helmet_infer_avg_ms=33.6091, helmet_infer_max_ms=37.6519, helmet_infer_last_ms=31.7785
Added frame to streaming queue, queue size: 1
Sent frame 4500 to RTSP (MPP encoded, size=354 bytes)
[RTSP_WORKER] total=4500, fps=29.3672, wait_avg_ms=8.54242, wait_max_ms=31.9548, clone_avg_ms=1.14047, clone_max_ms=2.02336, draw_avg_ms=0.551407, draw_max_ms=1.14745, resize_avg_ms=11.2691, resize_max_ms=44.9378, last_clone_avg_ms=0.441192, last_clone_max_ms=0.823693, encode_avg_ms=4.64928, encode_max_ms=9.78164, write_avg_ms=0.084625, write_max_ms=0.982656, total_avg_ms=26.6892, total_max_ms=72.2501, reuse_last=0, encode_ok=90, write_ok=90
[IMX415] total=4590, fps=29.0463, read_avg_ms=4.71044 ms, read_max_ms=26.5917 ms, dqbuf_avg_ms=0.0115276, dqbuf_max_ms=0.039376, cvt_avg_ms=4.4991, cvt_max_ms=26.3411, qbuf_avg_ms=0.191937, qbuf_max_ms=0.440431, person_interval=6, person_infer_count=15, person_reuse_count=75, person_infer_avg_ms=32.1711, person_infer_max_ms=38.7214, person_infer_last_ms=31.0004, helmet_interval=12, helmet_infer_count=8, helmet_reuse_count=82, helmet_infer_avg_ms=31.4056, helmet_infer_max_ms=41.9342, helmet_infer_last_ms=29.2508
[RTSP_WORKER] total=4590, fps=29.4036, wait_avg_ms=10.136, wait_max_ms=29.2461, clone_avg_ms=1.20043, clone_max_ms=2.12632, draw_avg_ms=0.584626, draw_max_ms=2.70413, resize_avg_ms=10.6171, resize_max_ms=49.4669, last_clone_avg_ms=0.447353, last_clone_max_ms=0.991989, encode_avg_ms=4.66137, encode_max_ms=8.39414, write_avg_ms=0.0934433, write_max_ms=0.914988, total_avg_ms=27.7515, total_max_ms=76.4743, reuse_last=0, encode_ok=90, write_ok=90
Added frame to streaming queue, queue size: 1
Sent frame 4600 to RTSP (MPP encoded, size=697 bytes)
[IMX415] total=4680, fps=29.018, read_avg_ms=3.84535 ms, read_max_ms=22.0637 ms, dqbuf_avg_ms=0.0115309, dqbuf_max_ms=0.023918, cvt_avg_ms=3.63868, cvt_max_ms=21.8765, qbuf_avg_ms=0.187091, qbuf_max_ms=0.448306, person_interval=6, person_infer_count=15, person_reuse_count=75, person_infer_avg_ms=33.7882, person_infer_max_ms=44.4464, person_infer_last_ms=34.6306, helmet_interval=12, helmet_infer_count=7, helmet_reuse_count=83, helmet_infer_avg_ms=31.852, helmet_infer_max_ms=34.6202, helmet_infer_last_ms=33.3718
[RTSP_WORKER] total=4680, fps=28.7946, wait_avg_ms=8.84065, wait_max_ms=25.4345, clone_avg_ms=1.17978, clone_max_ms=2.97976, draw_avg_ms=0.53462, draw_max_ms=1.13841, resize_avg_ms=11.5384, resize_max_ms=47.8935, last_clone_avg_ms=0.438856, last_clone_max_ms=0.97828, encode_avg_ms=4.64645, encode_max_ms=8.31876, write_avg_ms=0.10237, write_max_ms=1.01124, total_avg_ms=27.2922, total_max_ms=69.8854, reuse_last=0, encode_ok=90, write_ok=90
Added frame to streaming queue, queue size: 1
Sent frame 4700 to RTSP (MPP encoded, size=437 bytes)
[IMX415] total=4770, fps=29.2368, read_avg_ms=4.49547 ms, read_max_ms=24.6475 ms, dqbuf_avg_ms=0.0120657, dqbuf_max_ms=0.032085, cvt_avg_ms=4.28787, cvt_max_ms=24.3468, qbuf_avg_ms=0.188048, qbuf_max_ms=0.369553, person_interval=6, person_infer_count=15, person_reuse_count=75, person_infer_avg_ms=31.0165, person_infer_max_ms=37.4294, person_infer_last_ms=28.4975, helmet_interval=12, helmet_infer_count=8, helmet_reuse_count=82, helmet_infer_avg_ms=32.0182, helmet_infer_max_ms=37.0713, helmet_infer_last_ms=28.1684
[RTSP_WORKER] total=4770, fps=29.4718, wait_avg_ms=9.22625, wait_max_ms=25.0108, clone_avg_ms=1.27038, clone_max_ms=5.72401, draw_avg_ms=0.556578, draw_max_ms=1.14891, resize_avg_ms=10.4379, resize_max_ms=56.9203, last_clone_avg_ms=0.447126, last_clone_max_ms=1.02145, encode_avg_ms=4.4816, encode_max_ms=6.535, write_avg_ms=0.0765941, write_max_ms=0.644312, total_avg_ms=26.5078, total_max_ms=82.4708, reuse_last=0, encode_ok=90, write_ok=90
Added frame to streaming queue, queue size: 1
Sent frame 4800 to RTSP (MPP encoded, size=476 bytes)
[IMX415] total=4860, fps=28.9209, read_avg_ms=5.39351 ms, read_max_ms=23.9429 ms, dqbuf_avg_ms=0.0117707, dqbuf_max_ms=0.022459, cvt_avg_ms=5.19178, cvt_max_ms=23.835, qbuf_avg_ms=0.182366, qbuf_max_ms=0.395804, person_interval=6, person_infer_count=15, person_reuse_count=75, person_infer_avg_ms=32.0374, person_infer_max_ms=38.7084, person_infer_last_ms=38.7084, helmet_interval=12, helmet_infer_count=7, helmet_reuse_count=83, helmet_infer_avg_ms=31.9486, helmet_infer_max_ms=36.0801, helmet_infer_last_ms=36.0801
[RTSP_WORKER] total=4860, fps=28.5849, wait_avg_ms=9.83287, wait_max_ms=29.5269, clone_avg_ms=1.20505, clone_max_ms=3.01739, draw_avg_ms=0.577486, draw_max_ms=1.31996, resize_avg_ms=11.1497, resize_max_ms=50.6174, last_clone_avg_ms=0.453023, last_clone_max_ms=0.721023, encode_avg_ms=4.65085, encode_max_ms=7.00168, write_avg_ms=0.0780848, write_max_ms=0.48739, total_avg_ms=27.9583, total_max_ms=79.8624, reuse_last=0, encode_ok=90, write_ok=90