Streaming config:
  RTMP    : 0 (rtmp://192.168.137.1/live/livestream)
  RTSP    : 1 (rtsp://192.168.137.1:8554/mystream)
  GB28181 : 0 (/home/quark/My_Projects/IMX415optimizer/gb28181.conf)

StreamLoaderManager created
H.264 extradata from MPP, size: 37 bytes
Loading model id = 0
Loading model id = 1
Streaming started
VIDIOC_S_PARM failed, errno=25
IMX415 opened: /dev/video33, 1920x1080, format=0x3231564e, plane=1
rga_api version 1.10.1_[0]
loadLabelName /home/quark/My_Projects/IMX415optimizer/assets/models/coco_80_labels_list.txt
[IMX415] total=90, fps=27.1637, read_avg_ms=6.36394 ms, read_max_ms=203.38 ms, dqbuf_avg_ms=2.72203, dqbuf_max_ms=194.941, cvt_avg_ms=3.44026, cvt_max_ms=22.7941, qbuf_avg_ms=0.193336, qbuf_max_ms=0.740857, person_interval=6, person_infer_count=15, person_reuse_count=75, person_infer_avg_ms=31.9533, person_infer_max_ms=40.9218, person_infer_last_ms=36.285, helmet_interval=12, helmet_infer_count=8, helmet_reuse_count=82, helmet_infer_avg_ms=32.7763, helmet_infer_max_ms=37.8562, helmet_infer_last_ms=34.0172
[RTSP_WORKER] total=90, fps=26.8853, wait_avg_ms=10.1726, wait_max_ms=25.7861, clone_avg_ms=1.32628, clone_max_ms=4.97657, draw_avg_ms=0.588727, draw_max_ms=1.20287, resize_avg_ms=11.4067, resize_max_ms=48.4246, last_clone_avg_ms=0.486073, last_clone_max_ms=2.11757, encode_avg_ms=4.57645, encode_max_ms=8.14359, write_avg_ms=0.101458, write_max_ms=1.67743, total_avg_ms=28.6696, total_max_ms=74.7488, reuse_last=0, encode_ok=90, write_ok=90
Added frame to streaming queue, queue size: 1
Sent frame 100 to RTSP (MPP encoded, size=486 bytes)
[IMX415] total=180, fps=29.3066, read_avg_ms=4.15457 ms, read_max_ms=23.0559 ms, dqbuf_avg_ms=0.0126277, dqbuf_max_ms=0.036168, cvt_avg_ms=3.94918, cvt_max_ms=22.9366, qbuf_avg_ms=0.185032, qbuf_max_ms=0.625353, person_interval=6, person_infer_count=15, person_reuse_count=75, person_infer_avg_ms=31.736, person_infer_max_ms=36.1912, person_infer_last_ms=35.6245, helmet_interval=12, helmet_infer_count=7, helmet_reuse_count=83, helmet_infer_avg_ms=33.6165, helmet_infer_max_ms=38.3802, helmet_infer_last_ms=38.3802
[RTSP_WORKER] total=180, fps=29.1452, wait_avg_ms=9.52283, wait_max_ms=32.3945, clone_avg_ms=1.22129, clone_max_ms=3.02905, draw_avg_ms=0.569219, draw_max_ms=2.44249, resize_avg_ms=11.9791, resize_max_ms=47.7272, last_clone_avg_ms=0.46779, last_clone_max_ms=1.00949, encode_avg_ms=4.53478, encode_max_ms=6.98039, write_avg_ms=0.0768858, write_max_ms=0.612811, total_avg_ms=28.3828, total_max_ms=78.022, reuse_last=0, encode_ok=90, write_ok=90
Added frame to streaming queue, queue size: 1
Sent frame 200 to RTSP (MPP encoded, size=322 bytes)
[IMX415] total=270, fps=29.0581, read_avg_ms=4.04432 ms, read_max_ms=17.9844 ms, dqbuf_avg_ms=0.0123347, dqbuf_max_ms=0.028001, cvt_avg_ms=3.81906, cvt_max_ms=17.7627, qbuf_avg_ms=0.205071, qbuf_max_ms=0.632062, person_interval=6, person_infer_count=15, person_reuse_count=75, person_infer_avg_ms=31.6887, person_infer_max_ms=34.8549, person_infer_last_ms=31.2906, helmet_interval=12, helmet_infer_count=8, helmet_reuse_count=82, helmet_infer_avg_ms=33.3652, helmet_infer_max_ms=37.0692, helmet_infer_last_ms=32.0943
[RTSP_WORKER] total=270, fps=29.0854, wait_avg_ms=9.67386, wait_max_ms=32.967, clone_avg_ms=1.17493, clone_max_ms=2.27536, draw_avg_ms=0.536995, draw_max_ms=0.981364, resize_avg_ms=11.834, resize_max_ms=46.6012, last_clone_avg_ms=0.422845, last_clone_max_ms=0.734731, encode_avg_ms=4.6871, encode_max_ms=12.2448, write_avg_ms=0.0763834, write_max_ms=0.557684, total_avg_ms=28.4165, total_max_ms=80.0744, reuse_last=0, encode_ok=90, write_ok=90
Added frame to streaming queue, queue size: 1
Sent frame 300 to RTSP (MPP encoded, size=324 bytes)
[IMX415] total=360, fps=29.3481, read_avg_ms=4.69144 ms, read_max_ms=20.2123 ms, dqbuf_avg_ms=0.0122406, dqbuf_max_ms=0.0245, cvt_avg_ms=4.48162, cvt_max_ms=20.0408, qbuf_avg_ms=0.189655, qbuf_max_ms=0.429347, person_interval=6, person_infer_count=15, person_reuse_count=75, person_infer_avg_ms=30.8534, person_infer_max_ms=35.7752, person_infer_last_ms=30.2843, helmet_interval=12, helmet_infer_count=7, helmet_reuse_count=83, helmet_infer_avg_ms=33.0696, helmet_infer_max_ms=39.0077, helmet_infer_last_ms=32.712
[RTSP_WORKER] total=360, fps=29.0993, wait_avg_ms=8.97581, wait_max_ms=32.509, clone_avg_ms=1.23435, clone_max_ms=2.07061, draw_avg_ms=0.574619, draw_max_ms=1.17387, resize_avg_ms=11.0649, resize_max_ms=48.7532, last_clone_avg_ms=0.457422, last_clone_max_ms=0.748148, encode_avg_ms=4.58665, encode_max_ms=9.61801, write_avg_ms=0.0818799, write_max_ms=1.1037, total_avg_ms=26.9864, total_max_ms=74.7004, reuse_last=0, encode_ok=90, write_ok=90
Added frame to streaming queue, queue size: 1
Sent frame 400 to RTSP (MPP encoded, size=388 bytes)
[IMX415] total=450, fps=29.059, read_avg_ms=3.94097 ms, read_max_ms=18.9576 ms, dqbuf_avg_ms=0.0122018, dqbuf_max_ms=0.027126, cvt_avg_ms=3.72131, cvt_max_ms=18.7651, qbuf_avg_ms=0.199248, qbuf_max_ms=0.409805, person_interval=6, person_infer_count=15, person_reuse_count=75, person_infer_avg_ms=32.8574, person_infer_max_ms=39.7632, person_infer_last_ms=32.7967, helmet_interval=12, helmet_infer_count=8, helmet_reuse_count=82, helmet_infer_avg_ms=31.3852, helmet_infer_max_ms=44.322, helmet_infer_last_ms=31.297
[RTSP_WORKER] total=450, fps=29.3032, wait_avg_ms=8.71942, wait_max_ms=32.0662, clone_avg_ms=1.19133, clone_max_ms=2.46379, draw_avg_ms=0.533406, draw_max_ms=1.14424, resize_avg_ms=11.2594, resize_max_ms=45.8904, last_clone_avg_ms=0.440205, last_clone_max_ms=0.840902, encode_avg_ms=4.79203, encode_max_ms=22.6933, write_avg_ms=0.067685, write_max_ms=0.402804, total_avg_ms=27.0138, total_max_ms=72.4622, reuse_last=0, encode_ok=90, write_ok=90
Added frame to streaming queue, queue size: 2
Sent frame 500 to RTSP (MPP encoded, size=288 bytes)
[IMX415] total=540, fps=29.0366, read_avg_ms=5.25123 ms, read_max_ms=30.3285 ms, dqbuf_avg_ms=0.0118648, dqbuf_max_ms=0.023042, cvt_avg_ms=5.04799, cvt_max_ms=30.0304, qbuf_avg_ms=0.183892, qbuf_max_ms=0.412721, person_interval=6, person_infer_count=15, person_reuse_count=75, person_infer_avg_ms=32.3898, person_infer_max_ms=40.9788, person_infer_last_ms=39.8786, helmet_interval=12, helmet_infer_count=7, helmet_reuse_count=83, helmet_infer_avg_ms=32.7104, helmet_infer_max_ms=42.4931, helmet_infer_last_ms=28.969
[RTSP_WORKER] total=540, fps=29.0307, wait_avg_ms=9.61825, wait_max_ms=32.2608, clone_avg_ms=1.22608, clone_max_ms=3.45432, draw_avg_ms=0.511039, draw_max_ms=1.27521, resize_avg_ms=10.6838, resize_max_ms=42.36, last_clone_avg_ms=0.475982, last_clone_max_ms=0.828651, encode_avg_ms=4.69804, encode_max_ms=10.7794, write_avg_ms=0.0759622, write_max_ms=0.861902, total_avg_ms=27.3014, total_max_ms=68.7872, reuse_last=0, encode_ok=90, write_ok=90
Added frame to streaming queue, queue size: 1
Sent frame 600 to RTSP (MPP encoded, size=322 bytes)
[IMX415] total=630, fps=29.0149, read_avg_ms=5.16343 ms, read_max_ms=24.4148 ms, dqbuf_avg_ms=0.0121596, dqbuf_max_ms=0.021584, cvt_avg_ms=4.96651, cvt_max_ms=24.1012, qbuf_avg_ms=0.177488, qbuf_max_ms=0.439555, person_interval=6, person_infer_count=15, person_reuse_count=75, person_infer_avg_ms=30.7837, person_infer_max_ms=36.0039, person_infer_last_ms=34.1732, helmet_interval=12, helmet_infer_count=8, helmet_reuse_count=82, helmet_infer_avg_ms=31.9077, helmet_infer_max_ms=40.477, helmet_infer_last_ms=31.7401
[RTSP_WORKER] total=630, fps=29.0032, wait_avg_ms=8.76429, wait_max_ms=33.1031, clone_avg_ms=1.20407, clone_max_ms=2.11611, draw_avg_ms=0.538679, draw_max_ms=1.12324, resize_avg_ms=11.8444, resize_max_ms=47.2109, last_clone_avg_ms=0.450442, last_clone_max_ms=0.85111, encode_avg_ms=4.56954, encode_max_ms=7.15393, write_avg_ms=0.0686864, write_max_ms=0.37772, total_avg_ms=27.4508, total_max_ms=69.4484, reuse_last=0, encode_ok=90, write_ok=90
Added frame to streaming queue, queue size: 1
Sent frame 700 to RTSP (MPP encoded, size=358 bytes)
[IMX415] total=720, fps=28.9906, read_avg_ms=4.30863 ms, read_max_ms=26.184 ms, dqbuf_avg_ms=0.0123703, dqbuf_max_ms=0.02275, cvt_avg_ms=4.10333, cvt_max_ms=25.9682, qbuf_avg_ms=0.185374, qbuf_max_ms=0.411263, person_interval=6, person_infer_count=15, person_reuse_count=75, person_infer_avg_ms=34.1195, person_infer_max_ms=45.102, person_infer_last_ms=30.2802, helmet_interval=12, helmet_infer_count=7, helmet_reuse_count=83, helmet_infer_avg_ms=31.7348, helmet_infer_max_ms=35.4945, helmet_infer_last_ms=32.6162
[RTSP_WORKER] total=720, fps=28.7544, wait_avg_ms=10.4038, wait_max_ms=32.8735, clone_avg_ms=1.14857, clone_max_ms=2.58279, draw_avg_ms=0.490747, draw_max_ms=1.16787, resize_avg_ms=10.8471, resize_max_ms=46.6041, last_clone_avg_ms=0.43587, last_clone_max_ms=0.788692, encode_avg_ms=4.63293, encode_max_ms=8.42739, write_avg_ms=0.0636469, write_max_ms=0.359928, total_avg_ms=28.0332, total_max_ms=76.3796, reuse_last=0, encode_ok=90, write_ok=90
Added frame to streaming queue, queue size: 1
Sent frame 800 to RTSP (MPP encoded, size=409 bytes)
[IMX415] total=810, fps=29.0201, read_avg_ms=4.19323 ms, read_max_ms=17.6799 ms, dqbuf_avg_ms=0.013412, dqbuf_max_ms=0.044168, cvt_avg_ms=3.97112, cvt_max_ms=17.462, qbuf_avg_ms=0.200936, qbuf_max_ms=0.606685, person_interval=6, person_infer_count=15, person_reuse_count=75, person_infer_avg_ms=32.3301, person_infer_max_ms=36.0534, person_infer_last_ms=30.8889, helmet_interval=12, helmet_infer_count=8, helmet_reuse_count=82, helmet_infer_avg_ms=32.1333, helmet_infer_max_ms=36.0939, helmet_infer_last_ms=32.1952
[RTSP_WORKER] total=810, fps=29.2974, wait_avg_ms=9.48612, wait_max_ms=32.6129, clone_avg_ms=1.23512, clone_max_ms=2.48712, draw_avg_ms=0.547362, draw_max_ms=1.13958, resize_avg_ms=11.5278, resize_max_ms=45.3506, last_clone_avg_ms=0.442982, last_clone_max_ms=0.970239, encode_avg_ms=4.49426, encode_max_ms=6.92526, write_avg_ms=0.0757677, write_max_ms=0.87386, total_avg_ms=27.8203, total_max_ms=71.9216, reuse_last=0, encode_ok=90, write_ok=90
[IMX415] total=900, fps=29.2389, read_avg_ms=4.31138 ms, read_max_ms=23.9288 ms, dqbuf_avg_ms=0.0134722, dqbuf_max_ms=0.039084, cvt_avg_ms=4.09973, cvt_max_ms=23.6255, qbuf_avg_ms=0.190312, qbuf_max_ms=0.446848, person_interval=6, person_infer_count=15, person_reuse_count=75, person_infer_avg_ms=31.0164, person_infer_max_ms=36.2161, person_infer_last_ms=30.9892, helmet_interval=12, helmet_infer_count=7, helmet_reuse_count=83, helmet_infer_avg_ms=32.7207, helmet_infer_max_ms=35.0638, helmet_infer_last_ms=32.5729
Added frame to streaming queue, queue size: 1
Sent frame 900 to RTSP (MPP encoded, size=364 bytes)
[RTSP_WORKER] total=900, fps=29.3655, wait_avg_ms=9.42758, wait_max_ms=31.9817, clone_avg_ms=1.15254, clone_max_ms=2.77675, draw_avg_ms=0.533798, draw_max_ms=0.99899, resize_avg_ms=11.4898, resize_max_ms=50.5631, last_clone_avg_ms=0.4062, last_clone_max_ms=0.74669, encode_avg_ms=4.68665, encode_max_ms=10.4006, write_avg_ms=0.0731147, write_max_ms=0.973322, total_avg_ms=27.7803, total_max_ms=74.3471, reuse_last=0, encode_ok=90, write_ok=90
[IMX415] total=990, fps=29.318, read_avg_ms=4.85309 ms, read_max_ms=24.1526 ms, dqbuf_avg_ms=0.0118744, dqbuf_max_ms=0.023042, cvt_avg_ms=4.65564, cvt_max_ms=23.8312, qbuf_avg_ms=0.178222, qbuf_max_ms=0.405138, person_interval=6, person_infer_count=15, person_reuse_count=75, person_infer_avg_ms=31.2349, person_infer_max_ms=36.6377, person_infer_last_ms=30.5969, helmet_interval=12, helmet_infer_count=8, helmet_reuse_count=82, helmet_infer_avg_ms=32.14, helmet_infer_max_ms=35.7321, helmet_infer_last_ms=31.994
[RTSP_WORKER] total=990, fps=28.9669, wait_avg_ms=8.63659, wait_max_ms=25.1213, clone_avg_ms=1.13796, clone_max_ms=1.88102, draw_avg_ms=0.499004, draw_max_ms=1.17895, resize_avg_ms=11.1481, resize_max_ms=48.7634, last_clone_avg_ms=0.443236, last_clone_max_ms=1.04478, encode_avg_ms=4.45006, encode_max_ms=6.19695, write_avg_ms=0.0707815, write_max_ms=0.589019, total_avg_ms=26.3958, total_max_ms=77.7825, reuse_last=0, encode_ok=90, write_ok=90
Added frame to streaming queue, queue size: 1
Sent frame 1000 to RTSP (MPP encoded, size=297 bytes)
[IMX415] total=1080, fps=29.2268, read_avg_ms=4.40097 ms, read_max_ms=31.1523 ms, dqbuf_avg_ms=0.0125291, dqbuf_max_ms=0.084003, cvt_avg_ms=4.20531, cvt_max_ms=30.8265, qbuf_avg_ms=0.175232, qbuf_max_ms=0.312676, person_interval=6, person_infer_count=15, person_reuse_count=75, person_infer_avg_ms=30.174, person_infer_max_ms=36.7823, person_infer_last_ms=33.8494, helmet_interval=12, helmet_infer_count=7, helmet_reuse_count=83, helmet_infer_avg_ms=33.7177, helmet_infer_max_ms=37.1578, helmet_infer_last_ms=35.7845
[RTSP_WORKER] total=1080, fps=29.3225, wait_avg_ms=9.48553, wait_max_ms=32.6218, clone_avg_ms=1.19365, clone_max_ms=2.94622, draw_avg_ms=0.531949, draw_max_ms=1.05499, resize_avg_ms=11.1813, resize_max_ms=48.177, last_clone_avg_ms=0.438537, last_clone_max_ms=0.74144, encode_avg_ms=4.51771, encode_max_ms=7.04689, write_avg_ms=0.077482, write_max_ms=0.995198, total_avg_ms=27.4368, total_max_ms=77.5113, reuse_last=0, encode_ok=90, write_ok=90
Added frame to streaming queue, queue size: 1
Sent frame 1100 to RTSP (MPP encoded, size=378 bytes)
[IMX415] total=1170, fps=29.2871, read_avg_ms=4.41548 ms, read_max_ms=24.1992 ms, dqbuf_avg_ms=0.0132745, dqbuf_max_ms=0.028584, cvt_avg_ms=4.20311, cvt_max_ms=23.8842, qbuf_avg_ms=0.191293, qbuf_max_ms=0.653646, person_interval=6, person_infer_count=15, person_reuse_count=75, person_infer_avg_ms=31.2713, person_infer_max_ms=35.4326, person_infer_last_ms=25.1635, helmet_interval=12, helmet_infer_count=8, helmet_reuse_count=82, helmet_infer_avg_ms=32.5639, helmet_infer_max_ms=38.9532, helmet_infer_last_ms=34.2183
[RTSP_WORKER] total=1170, fps=29.4971, wait_avg_ms=9.08466, wait_max_ms=32.5844, clone_avg_ms=1.22151, clone_max_ms=3.12764, draw_avg_ms=0.545524, draw_max_ms=2.45329, resize_avg_ms=10.922, resize_max_ms=56.3926, last_clone_avg_ms=0.434295, last_clone_max_ms=0.794816, encode_avg_ms=4.53367, encode_max_ms=7.80379, write_avg_ms=0.0764742, write_max_ms=0.820484, total_avg_ms=26.8284, total_max_ms=87.8908, reuse_last=0, encode_ok=90, write_ok=90
Added frame to streaming queue, queue size: 1
Sent frame 1200 to RTSP (MPP encoded, size=480 bytes)
[IMX415] total=1260, fps=29.1813, read_avg_ms=3.26729 ms, read_max_ms=15.2791 ms, dqbuf_avg_ms=0.0126555, dqbuf_max_ms=0.035584, cvt_avg_ms=3.05788, cvt_max_ms=15.107, qbuf_avg_ms=0.189022, qbuf_max_ms=0.503432, person_interval=6, person_infer_count=15, person_reuse_count=75, person_infer_avg_ms=32.0452, person_infer_max_ms=38.9935, person_infer_last_ms=31.6827, helmet_interval=12, helmet_infer_count=7, helmet_reuse_count=83, helmet_infer_avg_ms=34.8247, helmet_infer_max_ms=39.6795, helmet_infer_last_ms=33.7922
[RTSP_WORKER] total=1260, fps=29.0055, wait_avg_ms=10.1071, wait_max_ms=32.0091, clone_avg_ms=1.16497, clone_max_ms=3.37032, draw_avg_ms=0.543033, draw_max_ms=1.72614, resize_avg_ms=11.4988, resize_max_ms=48.5142, last_clone_avg_ms=0.456979, last_clone_max_ms=0.73094, encode_avg_ms=4.68872, encode_max_ms=10.7561, write_avg_ms=0.0663262, write_max_ms=0.329885, total_avg_ms=28.5364, total_max_ms=77.0211, reuse_last=0, encode_ok=90, write_ok=90
Added frame to streaming queue, queue size: 1
Sent frame 1300 to RTSP (MPP encoded, size=324 bytes)
[IMX415] total=1350, fps=29.28, read_avg_ms=5.34371 ms, read_max_ms=26.7352 ms, dqbuf_avg_ms=0.0119328, dqbuf_max_ms=0.027418, cvt_avg_ms=5.13501, cvt_max_ms=26.566, qbuf_avg_ms=0.189074, qbuf_max_ms=0.454431, person_interval=6, person_infer_count=15, person_reuse_count=75, person_infer_avg_ms=31.1212, person_infer_max_ms=43.5739, person_infer_last_ms=22.9172, helmet_interval=12, helmet_infer_count=8, helmet_reuse_count=82, helmet_infer_avg_ms=30.4803, helmet_infer_max_ms=34.1478, helmet_infer_last_ms=32.5789
[RTSP_WORKER] total=1350, fps=29.422, wait_avg_ms=8.85563, wait_max_ms=29.2126, clone_avg_ms=1.15495, clone_max_ms=3.02264, draw_avg_ms=0.510812, draw_max_ms=1.349, resize_avg_ms=11.423, resize_max_ms=47.8467, last_clone_avg_ms=0.421588, last_clone_max_ms=0.764191, encode_avg_ms=4.47384, encode_max_ms=8.78157, write_avg_ms=0.0720179, write_max_ms=0.822818, total_avg_ms=26.9222, total_max_ms=71.4275, reuse_last=0, encode_ok=90, write_ok=90
Added frame to streaming queue, queue size: 1
Sent frame 1400 to RTSP (MPP encoded, size=303 bytes)
[IMX415] total=1440, fps=29.0206, read_avg_ms=3.70606 ms, read_max_ms=21.5809 ms, dqbuf_avg_ms=0.012419, dqbuf_max_ms=0.030918, cvt_avg_ms=3.49539, cvt_max_ms=21.4127, qbuf_avg_ms=0.189915, qbuf_max_ms=0.440722, person_interval=6, person_infer_count=15, person_reuse_count=75, person_infer_avg_ms=31.752, person_infer_max_ms=40.5474, person_infer_last_ms=30.9129, helmet_interval=12, helmet_infer_count=7, helmet_reuse_count=83, helmet_infer_avg_ms=34.382, helmet_infer_max_ms=41.5521, helmet_infer_last_ms=31.5135
[RTSP_WORKER] total=1440, fps=29.0838, wait_avg_ms=9.33797, wait_max_ms=28.3929, clone_avg_ms=1.29699, clone_max_ms=3.23177, draw_avg_ms=0.579538, draw_max_ms=1.44088, resize_avg_ms=9.82412, resize_max_ms=40.1705, last_clone_avg_ms=0.475867, last_clone_max_ms=1.02699, encode_avg_ms=4.65229, encode_max_ms=6.6335, write_avg_ms=0.0742153, write_max_ms=0.531142, total_avg_ms=26.2524, total_max_ms=60.9085, reuse_last=0, encode_ok=90, write_ok=90
Added frame to streaming queue, queue size: 1
Sent frame 1500 to RTSP (MPP encoded, size=373 bytes)
[IMX415] total=1530, fps=29.1437, read_avg_ms=4.10657 ms, read_max_ms=24.5277 ms, dqbuf_avg_ms=0.0130541, dqbuf_max_ms=0.030626, cvt_avg_ms=3.89165, cvt_max_ms=24.0112, qbuf_avg_ms=0.193958, qbuf_max_ms=0.483307, person_interval=6, person_infer_count=15, person_reuse_count=75, person_infer_avg_ms=32.3098, person_infer_max_ms=42.2504, person_infer_last_ms=42.2504, helmet_interval=12, helmet_infer_count=8, helmet_reuse_count=82, helmet_infer_avg_ms=33.3382, helmet_infer_max_ms=38.4465, helmet_infer_last_ms=34.0314
[RTSP_WORKER] total=1530, fps=28.9394, wait_avg_ms=8.93287, wait_max_ms=32.7947, clone_avg_ms=1.14638, clone_max_ms=2.00265, draw_avg_ms=0.490001, draw_max_ms=0.978864, resize_avg_ms=11.7184, resize_max_ms=46.4439, last_clone_avg_ms=0.444725, last_clone_max_ms=0.75019, encode_avg_ms=4.6087, encode_max_ms=7.52261, write_avg_ms=0.069811, write_max_ms=0.608728, total_avg_ms=27.4212, total_max_ms=75.2902, reuse_last=0, encode_ok=90, write_ok=90
Added frame to streaming queue, queue size: 1
Sent frame 1600 to RTSP (MPP encoded, size=392 bytes)
[IMX415] total=1620, fps=28.8701, read_avg_ms=4.14289 ms, read_max_ms=19.613 ms, dqbuf_avg_ms=0.0122309, dqbuf_max_ms=0.028585, cvt_avg_ms=3.92891, cvt_max_ms=19.4433, qbuf_avg_ms=0.193888, qbuf_max_ms=0.447431, person_interval=6, person_infer_count=15, person_reuse_count=75, person_infer_avg_ms=32.1348, person_infer_max_ms=38.976, person_infer_last_ms=28.6815, helmet_interval=12, helmet_infer_count=7, helmet_reuse_count=83, helmet_infer_avg_ms=34.9496, helmet_infer_max_ms=41.8634, helmet_infer_last_ms=40.0775
[RTSP_WORKER] total=1620, fps=29.0858, wait_avg_ms=8.36589, wait_max_ms=32.4956, clone_avg_ms=1.27263, clone_max_ms=6.44604, draw_avg_ms=0.538717, draw_max_ms=1.10808, resize_avg_ms=11.4717, resize_max_ms=49.5941, last_clone_avg_ms=0.451813, last_clone_max_ms=0.805317, encode_avg_ms=4.77781, encode_max_ms=9.98594, write_avg_ms=0.0728745, write_max_ms=0.419429, total_avg_ms=26.9623, total_max_ms=72.4851, reuse_last=0, encode_ok=90, write_ok=90
Added frame to streaming queue, queue size: 1
Sent frame 1700 to RTSP (MPP encoded, size=535 bytes)
[IMX415] total=1710, fps=29.3916, read_avg_ms=4.67094 ms, read_max_ms=20.9745 ms, dqbuf_avg_ms=0.0133166, dqbuf_max_ms=0.070002, cvt_avg_ms=4.45611, cvt_max_ms=20.7645, qbuf_avg_ms=0.193804, qbuf_max_ms=0.417096, person_interval=6, person_infer_count=15, person_reuse_count=75, person_infer_avg_ms=29.7037, person_infer_max_ms=34.3319, person_infer_last_ms=22.5215, helmet_interval=12, helmet_infer_count=8, helmet_reuse_count=82, helmet_infer_avg_ms=33.0701, helmet_infer_max_ms=36.2253, helmet_infer_last_ms=32.4957
[RTSP_WORKER] total=1710, fps=29.3955, wait_avg_ms=9.76765, wait_max_ms=28.0691, clone_avg_ms=1.1955, clone_max_ms=4.57027, draw_avg_ms=0.528278, draw_max_ms=0.986739, resize_avg_ms=10.7947, resize_max_ms=48.6444, last_clone_avg_ms=0.449009, last_clone_max_ms=0.910612, encode_avg_ms=4.56774, encode_max_ms=8.42352, write_avg_ms=0.0692502, write_max_ms=0.33426, total_avg_ms=27.3828, total_max_ms=72.0816, reuse_last=0, encode_ok=90, write_ok=90
[IMX415] total=1800, fps=28.9308, read_avg_ms=3.43918 ms, read_max_ms=23.4927 ms, dqbuf_avg_ms=0.0123476, dqbuf_max_ms=0.025959, cvt_avg_ms=3.2302, cvt_max_ms=23.1923, qbuf_avg_ms=0.188839, qbuf_max_ms=0.416513, person_interval=6, person_infer_count=15, person_reuse_count=75, person_infer_avg_ms=32.1966, person_infer_max_ms=39.2062, person_infer_last_ms=28.4366, helmet_interval=12, helmet_infer_count=7, helmet_reuse_count=83, helmet_infer_avg_ms=34.5171, helmet_infer_max_ms=37.0367, helmet_infer_last_ms=37.0367
Added frame to streaming queue, queue size: 1
Sent frame 1800 to RTSP (MPP encoded, size=9471 bytes)
[RTSP_WORKER] total=1800, fps=28.8318, wait_avg_ms=8.86872, wait_max_ms=25.7113, clone_avg_ms=1.32162, clone_max_ms=3.5564, draw_avg_ms=0.618118, draw_max_ms=1.48026, resize_avg_ms=11.4643, resize_max_ms=55.6106, last_clone_avg_ms=0.485357, last_clone_max_ms=1.41725, encode_avg_ms=4.69243, encode_max_ms=8.33989, write_avg_ms=0.127339, write_max_ms=1.14424, total_avg_ms=27.5901, total_max_ms=79.5583, reuse_last=0, encode_ok=90, write_ok=90
[IMX415] total=1890, fps=28.9441, read_avg_ms=4.65507 ms, read_max_ms=27.697 ms, dqbuf_avg_ms=0.0124027, dqbuf_max_ms=0.032667, cvt_avg_ms=4.4513, cvt_max_ms=27.5074, qbuf_avg_ms=0.183604, qbuf_max_ms=0.415054, person_interval=6, person_infer_count=15, person_reuse_count=75, person_infer_avg_ms=32.163, person_infer_max_ms=39.5218, person_infer_last_ms=30.3683, helmet_interval=12, helmet_infer_count=8, helmet_reuse_count=82, helmet_infer_avg_ms=31.3525, helmet_infer_max_ms=35.1909, helmet_infer_last_ms=32.6566
[RTSP_WORKER] total=1890, fps=28.9282, wait_avg_ms=9.60635, wait_max_ms=30.8094, clone_avg_ms=1.20613, clone_max_ms=4.68431, draw_avg_ms=0.535823, draw_max_ms=1.55901, resize_avg_ms=10.5108, resize_max_ms=43.1286, last_clone_avg_ms=0.461031, last_clone_max_ms=1.43359, encode_avg_ms=4.67025, encode_max_ms=8.30518, write_avg_ms=0.107026, write_max_ms=1.04478, total_avg_ms=27.1085, total_max_ms=69.3714, reuse_last=0, encode_ok=90, write_ok=90
Added frame to streaming queue, queue size: 1
Sent frame 1900 to RTSP (MPP encoded, size=8357 bytes)
[IMX415] total=1980, fps=29.0622, read_avg_ms=4.36031 ms, read_max_ms=23.3038 ms, dqbuf_avg_ms=0.011654, dqbuf_max_ms=0.021584, cvt_avg_ms=4.1683, cvt_max_ms=23.1655, qbuf_avg_ms=0.17259, qbuf_max_ms=0.314426, person_interval=6, person_infer_count=15, person_reuse_count=75, person_infer_avg_ms=31.3899, person_infer_max_ms=40.4292, person_infer_last_ms=27.0569, helmet_interval=12, helmet_infer_count=7, helmet_reuse_count=83, helmet_infer_avg_ms=32.8149, helmet_infer_max_ms=36.4879, helmet_infer_last_ms=30.039
[RTSP_WORKER] total=1980, fps=29.0955, wait_avg_ms=10.4352, wait_max_ms=31.881, clone_avg_ms=1.20835, clone_max_ms=2.69909, draw_avg_ms=0.56617, draw_max_ms=1.20304, resize_avg_ms=11.0203, resize_max_ms=44.2755, last_clone_avg_ms=0.454309, last_clone_max_ms=0.99549, encode_avg_ms=4.57835, encode_max_ms=6.97309, write_avg_ms=0.0892453, write_max_ms=0.713148, total_avg_ms=28.3629, total_max_ms=73.146, reuse_last=0, encode_ok=90, write_ok=90
Added frame to streaming queue, queue size: 1
Sent frame 2000 to RTSP (MPP encoded, size=301 bytes)
[IMX415] total=2070, fps=29.1784, read_avg_ms=4.66324 ms, read_max_ms=24.2142 ms, dqbuf_avg_ms=0.0116443, dqbuf_max_ms=0.021292, cvt_avg_ms=4.4583, cvt_max_ms=23.9076, qbuf_avg_ms=0.185675, qbuf_max_ms=0.498474, person_interval=6, person_infer_count=15, person_reuse_count=75, person_infer_avg_ms=31.3516, person_infer_max_ms=35.8689, person_infer_last_ms=32.5922, helmet_interval=12, helmet_infer_count=8, helmet_reuse_count=82, helmet_infer_avg_ms=30.4777, helmet_infer_max_ms=33.31, helmet_infer_last_ms=32.5333
[RTSP_WORKER] total=2070, fps=29.2535, wait_avg_ms=10.6074, wait_max_ms=31.0413, clone_avg_ms=1.15451, clone_max_ms=1.99477, draw_avg_ms=0.573688, draw_max_ms=1.1737, resize_avg_ms=10.3761, resize_max_ms=42.9307, last_clone_avg_ms=0.451969, last_clone_max_ms=1.04333, encode_avg_ms=4.6326, encode_max_ms=8.34543, write_avg_ms=0.082998, write_max_ms=0.705273, total_avg_ms=27.8904, total_max_ms=71.1104, reuse_last=0, encode_ok=90, write_ok=90
Added frame to streaming queue, queue size: 1
Sent frame 2100 to RTSP (MPP encoded, size=5354 bytes)
[IMX415] total=2160, fps=28.8546, read_avg_ms=4.33226 ms, read_max_ms=19.3684 ms, dqbuf_avg_ms=0.011855, dqbuf_max_ms=0.024501, cvt_avg_ms=4.12484, cvt_max_ms=19.2783, qbuf_avg_ms=0.187972, qbuf_max_ms=0.453848, person_interval=6, person_infer_count=15, person_reuse_count=75, person_infer_avg_ms=30.6072, person_infer_max_ms=37.4818, person_infer_last_ms=31.1968, helmet_interval=12, helmet_infer_count=7, helmet_reuse_count=83, helmet_infer_avg_ms=32.2409, helmet_infer_max_ms=36.6244, helmet_infer_last_ms=32.3062
[RTSP_WORKER] total=2160, fps=28.7492, wait_avg_ms=10.0674, wait_max_ms=28.7408, clone_avg_ms=1.21811, clone_max_ms=2.62596, draw_avg_ms=0.56657, draw_max_ms=1.17837, resize_avg_ms=11.1161, resize_max_ms=54.0593, last_clone_avg_ms=0.450403, last_clone_max_ms=0.99899, encode_avg_ms=4.55652, encode_max_ms=7.02806, write_avg_ms=0.150948, write_max_ms=0.412429, total_avg_ms=28.1371, total_max_ms=84.4619, reuse_last=0, encode_ok=90, write_ok=90
Added frame to streaming queue, queue size: 1
Sent frame 2200 to RTSP (MPP encoded, size=6356 bytes)
[IMX415] total=2250, fps=29.2182, read_avg_ms=3.79213 ms, read_max_ms=23.1715 ms, dqbuf_avg_ms=0.0128499, dqbuf_max_ms=0.04696, cvt_avg_ms=3.57577, cvt_max_ms=22.8743, qbuf_avg_ms=0.195785, qbuf_max_ms=0.420889, person_interval=6, person_infer_count=15, person_reuse_count=75, person_infer_avg_ms=33.0827, person_infer_max_ms=39.5332, person_infer_last_ms=29.1229, helmet_interval=12, helmet_infer_count=8, helmet_reuse_count=82, helmet_infer_avg_ms=33.1969, helmet_infer_max_ms=36.5732, helmet_infer_last_ms=31.6434
[RTSP_WORKER] total=2250, fps=29.308, wait_avg_ms=9.45033, wait_max_ms=31.8344, clone_avg_ms=1.1915, clone_max_ms=2.45766, draw_avg_ms=0.550334, draw_max_ms=1.18945, resize_avg_ms=11.2769, resize_max_ms=44.5334, last_clone_avg_ms=0.428714, last_clone_max_ms=0.912945, encode_avg_ms=4.77348, encode_max_ms=14.7005, write_avg_ms=0.132505, write_max_ms=0.546601, total_avg_ms=27.8145, total_max_ms=74.7435, reuse_last=0, encode_ok=90, write_ok=90
Added frame to streaming queue, queue size: 1
Sent frame 2300 to RTSP (MPP encoded, size=3425 bytes)
[IMX415] total=2340, fps=29.2622, read_avg_ms=5.43582 ms, read_max_ms=25.1398 ms, dqbuf_avg_ms=0.0123411, dqbuf_max_ms=0.022459, cvt_avg_ms=5.23215, cvt_max_ms=24.9351, qbuf_avg_ms=0.181322, qbuf_max_ms=0.430514, person_interval=6, person_infer_count=15, person_reuse_count=75, person_infer_avg_ms=31.6505, person_infer_max_ms=36.1913, person_infer_last_ms=35.1856, helmet_interval=12, helmet_infer_count=7, helmet_reuse_count=83, helmet_infer_avg_ms=31.7822, helmet_infer_max_ms=36.5672, helmet_infer_last_ms=31.3173
[RTSP_WORKER] total=2340, fps=29.0928, wait_avg_ms=8.68889, wait_max_ms=32.7994, clone_avg_ms=1.14378, clone_max_ms=1.79293, draw_avg_ms=0.541135, draw_max_ms=1.1807, resize_avg_ms=11.8731, resize_max_ms=54.6553, last_clone_avg_ms=0.439445, last_clone_max_ms=0.719273, encode_avg_ms=4.48014, encode_max_ms=5.58268, write_avg_ms=0.118106, write_max_ms=0.950863, total_avg_ms=27.2962, total_max_ms=68.6538, reuse_last=0, encode_ok=90, write_ok=90
Added frame to streaming queue, queue size: 1
Sent frame 2400 to RTSP (MPP encoded, size=3061 bytes)
[IMX415] total=2430, fps=28.7367, read_avg_ms=4.41196 ms, read_max_ms=24.1811 ms, dqbuf_avg_ms=0.0119328, dqbuf_max_ms=0.031501, cvt_avg_ms=4.19634, cvt_max_ms=23.8579, qbuf_avg_ms=0.195821, qbuf_max_ms=0.406013, person_interval=6, person_infer_count=15, person_reuse_count=75, person_infer_avg_ms=32.8611, person_infer_max_ms=37.681, person_infer_last_ms=30.1535, helmet_interval=12, helmet_infer_count=8, helmet_reuse_count=82, helmet_infer_avg_ms=35.5777, helmet_infer_max_ms=47.5459, helmet_infer_last_ms=36.8592
[RTSP_WORKER] total=2430, fps=28.8198, wait_avg_ms=9.18679, wait_max_ms=27.8628, clone_avg_ms=1.26047, clone_max_ms=4.27159, draw_avg_ms=0.580915, draw_max_ms=1.63659, resize_avg_ms=11.3213, resize_max_ms=48.6763, last_clone_avg_ms=0.464603, last_clone_max_ms=1.42134, encode_avg_ms=4.69627, encode_max_ms=9.11458, write_avg_ms=0.110108, write_max_ms=0.68223, total_avg_ms=27.6313, total_max_ms=78.5868, reuse_last=0, encode_ok=90, write_ok=90
Added frame to streaming queue, queue size: 1
Sent frame 2500 to RTSP (MPP encoded, size=10359 bytes)
[IMX415] total=2520, fps=29.1773, read_avg_ms=3.79995 ms, read_max_ms=18.6638 ms, dqbuf_avg_ms=0.0121596, dqbuf_max_ms=0.02421, cvt_avg_ms=3.57932, cvt_max_ms=18.4701, qbuf_avg_ms=0.200358, qbuf_max_ms=0.543684, person_interval=6, person_infer_count=15, person_reuse_count=75, person_infer_avg_ms=33.8729, person_infer_max_ms=38.3615, person_infer_last_ms=35.7022, helmet_interval=12, helmet_infer_count=7, helmet_reuse_count=83, helmet_infer_avg_ms=33.5711, helmet_infer_max_ms=40.7643, helmet_infer_last_ms=34.8901
[RTSP_WORKER] total=2520, fps=29.1645, wait_avg_ms=9.58154, wait_max_ms=33.077, clone_avg_ms=1.20609, clone_max_ms=2.76859, draw_avg_ms=0.553406, draw_max_ms=1.22737, resize_avg_ms=11.4874, resize_max_ms=49.9724, last_clone_avg_ms=0.457802, last_clone_max_ms=0.804734, encode_avg_ms=4.56371, encode_max_ms=6.80276, write_avg_ms=0.123468, write_max_ms=0.715773, total_avg_ms=27.9845, total_max_ms=75.975, reuse_last=0, encode_ok=90, write_ok=90
Added frame to streaming queue, queue size: 1
Sent frame 2600 to RTSP (MPP encoded, size=1332 bytes)
[IMX415] total=2610, fps=29.3791, read_avg_ms=4.76421 ms, read_max_ms=25.3124 ms, dqbuf_avg_ms=0.0134041, dqbuf_max_ms=0.046669, cvt_avg_ms=4.5543, cvt_max_ms=25.189, qbuf_avg_ms=0.188492, qbuf_max_ms=0.430514, person_interval=6, person_infer_count=15, person_reuse_count=75, person_infer_avg_ms=30.7523, person_infer_max_ms=38.4561, person_infer_last_ms=29.5294, helmet_interval=12, helmet_infer_count=8, helmet_reuse_count=82, helmet_infer_avg_ms=34.3498, helmet_infer_max_ms=40.1923, helmet_infer_last_ms=39.342
[RTSP_WORKER] total=2610, fps=29.3706, wait_avg_ms=10.137, wait_max_ms=32.3861, clone_avg_ms=1.09597, clone_max_ms=1.97319, draw_avg_ms=0.513982, draw_max_ms=1.06374, resize_avg_ms=11.2631, resize_max_ms=43.678, last_clone_avg_ms=0.405367, last_clone_max_ms=0.697106, encode_avg_ms=4.5561, encode_max_ms=8.45289, write_avg_ms=0.122741, write_max_ms=1.06783, total_avg_ms=28.1048, total_max_ms=63.7939, reuse_last=0, encode_ok=90, write_ok=90
[IMX415] total=2700, fps=29.1675, read_avg_ms=3.45833 ms, read_max_ms=23.9381 ms, dqbuf_avg_ms=0.0123541, dqbuf_max_ms=0.033251, cvt_avg_ms=3.24622, cvt_max_ms=23.6272, qbuf_avg_ms=0.192108, qbuf_max_ms=0.427014, person_interval=6, person_infer_count=15, person_reuse_count=75, person_infer_avg_ms=32.9416, person_infer_max_ms=37.7626, person_infer_last_ms=37.7626, helmet_interval=12, helmet_infer_count=7, helmet_reuse_count=83, helmet_infer_avg_ms=32.4393, helmet_infer_max_ms=36.2415, helmet_infer_last_ms=33.3016
Added frame to streaming queue, queue size: 1
Sent frame 2700 to RTSP (MPP encoded, size=5366 bytes)
[RTSP_WORKER] total=2700, fps=29.1849, wait_avg_ms=9.62973, wait_max_ms=31.5692, clone_avg_ms=1.17929, clone_max_ms=3.29069, draw_avg_ms=0.526743, draw_max_ms=1.45721, resize_avg_ms=11.7923, resize_max_ms=54.3599, last_clone_avg_ms=0.419215, last_clone_max_ms=0.717439, encode_avg_ms=4.64847, encode_max_ms=9.37592, write_avg_ms=0.074844, write_max_ms=0.354678, total_avg_ms=28.2802, total_max_ms=80.6259, reuse_last=0, encode_ok=90, write_ok=90
[IMX415] total=2790, fps=29.0604, read_avg_ms=4.58654 ms, read_max_ms=24.4149 ms, dqbuf_avg_ms=0.0133903, dqbuf_max_ms=0.028292, cvt_avg_ms=4.36553, cvt_max_ms=24.1069, qbuf_avg_ms=0.199771, qbuf_max_ms=0.487973, person_interval=6, person_infer_count=15, person_reuse_count=75, person_infer_avg_ms=33.5476, person_infer_max_ms=37.4564, person_infer_last_ms=37.152, helmet_interval=12, helmet_infer_count=8, helmet_reuse_count=82, helmet_infer_avg_ms=32.7046, helmet_infer_max_ms=38.4023, helmet_infer_last_ms=28.7587
[RTSP_WORKER] total=2790, fps=29.0169, wait_avg_ms=7.89867, wait_max_ms=32.4554, clone_avg_ms=1.21398, clone_max_ms=2.23511, draw_avg_ms=0.613183, draw_max_ms=1.04828, resize_avg_ms=12.0817, resize_max_ms=31.5809, last_clone_avg_ms=0.443456, last_clone_max_ms=0.728023, encode_avg_ms=4.68879, encode_max_ms=10.4451, write_avg_ms=0.09274, write_max_ms=0.972739, total_avg_ms=27.0437, total_max_ms=67.2856, reuse_last=0, encode_ok=90, write_ok=90
Added frame to streaming queue, queue size: 1
Sent frame 2800 to RTSP (MPP encoded, size=733 bytes)
[IMX415] total=2880, fps=29.3573, read_avg_ms=4.87773 ms, read_max_ms=24.1004 ms, dqbuf_avg_ms=0.0129213, dqbuf_max_ms=0.044918, cvt_avg_ms=4.66002, cvt_max_ms=23.7697, qbuf_avg_ms=0.196583, qbuf_max_ms=0.418555, person_interval=6, person_infer_count=15, person_reuse_count=75, person_infer_avg_ms=31.0615, person_infer_max_ms=36.4494, person_infer_last_ms=36.4494, helmet_interval=12, helmet_infer_count=7, helmet_reuse_count=83, helmet_infer_avg_ms=31.562, helmet_infer_max_ms=33.7446, helmet_infer_last_ms=30.5335
[RTSP_WORKER] total=2880, fps=29.3886, wait_avg_ms=9.18519, wait_max_ms=29.2375, clone_avg_ms=1.12615, clone_max_ms=3.02147, draw_avg_ms=0.521162, draw_max_ms=1.44496, resize_avg_ms=11.0838, resize_max_ms=42.9407, last_clone_avg_ms=0.4213, last_clone_max_ms=0.93978, encode_avg_ms=4.59769, encode_max_ms=8.052, write_avg_ms=0.0694999, write_max_ms=0.347386, total_avg_ms=27.0149, total_max_ms=65.6966, reuse_last=0, encode_ok=90, write_ok=90
Added frame to streaming queue, queue size: 1
Sent frame 2900 to RTSP (MPP encoded, size=980 bytes)
[IMX415] total=2970, fps=29.3429, read_avg_ms=4.58799 ms, read_max_ms=26.0406 ms, dqbuf_avg_ms=0.0125374, dqbuf_max_ms=0.023625, cvt_avg_ms=4.37314, cvt_max_ms=25.8539, qbuf_avg_ms=0.19465, qbuf_max_ms=0.452389, person_interval=6, person_infer_count=15, person_reuse_count=75, person_infer_avg_ms=31.2903, person_infer_max_ms=37.6588, person_infer_last_ms=29.3462, helmet_interval=12, helmet_infer_count=8, helmet_reuse_count=82, helmet_infer_avg_ms=32.6294, helmet_infer_max_ms=36.777, helmet_infer_last_ms=33.3647
[RTSP_WORKER] total=2970, fps=29.4638, wait_avg_ms=8.70205, wait_max_ms=29.1048, clone_avg_ms=1.20342, clone_max_ms=3.26998, draw_avg_ms=0.575609, draw_max_ms=1.1877, resize_avg_ms=11.2469, resize_max_ms=42.1521, last_clone_avg_ms=0.422463, last_clone_max_ms=0.804442, encode_avg_ms=4.59331, encode_max_ms=9.34121, write_avg_ms=0.0874366, write_max_ms=1.16058, total_avg_ms=26.8417, total_max_ms=71.7317, reuse_last=0, encode_ok=90, write_ok=90
Added frame to streaming queue, queue size: 1
Sent frame 3000 to RTSP (MPP encoded, size=457 bytes)
[IMX415] total=3060, fps=29.1153, read_avg_ms=4.19993 ms, read_max_ms=21.1356 ms, dqbuf_avg_ms=0.0126458, dqbuf_max_ms=0.030917, cvt_avg_ms=3.99687, cvt_max_ms=20.9711, qbuf_avg_ms=0.18279, qbuf_max_ms=0.314718, person_interval=6, person_infer_count=15, person_reuse_count=75, person_infer_avg_ms=31.3383, person_infer_max_ms=34.1017, person_infer_last_ms=32.4009, helmet_interval=12, helmet_infer_count=7, helmet_reuse_count=83, helmet_infer_avg_ms=30.746, helmet_infer_max_ms=34.4291, helmet_infer_last_ms=32.1284
[RTSP_WORKER] total=3060, fps=29.0232, wait_avg_ms=9.62416, wait_max_ms=30.8722, clone_avg_ms=1.19951, clone_max_ms=3.2096, draw_avg_ms=0.541851, draw_max_ms=1.16145, resize_avg_ms=10.6291, resize_max_ms=48.7275, last_clone_avg_ms=0.446917, last_clone_max_ms=0.84011, encode_avg_ms=4.5375, encode_max_ms=6.1707, write_avg_ms=0.0753981, write_max_ms=0.592394, total_avg_ms=27.0651, total_max_ms=74.1098, reuse_last=0, encode_ok=90, write_ok=90
Added frame to streaming queue, queue size: 1
Sent frame 3100 to RTSP (MPP encoded, size=441 bytes)
[IMX415] total=3150, fps=29.31, read_avg_ms=5.31493 ms, read_max_ms=23.0329 ms, dqbuf_avg_ms=0.0123768, dqbuf_max_ms=0.026251, cvt_avg_ms=5.10602, cvt_max_ms=22.8159, qbuf_avg_ms=0.183567, qbuf_max_ms=0.32026, person_interval=6, person_infer_count=15, person_reuse_count=75, person_infer_avg_ms=31.2301, person_infer_max_ms=39.5695, person_infer_last_ms=31.2919, helmet_interval=12, helmet_infer_count=8, helmet_reuse_count=82, helmet_infer_avg_ms=31.8611, helmet_infer_max_ms=39.4634, helmet_infer_last_ms=34.2267
[RTSP_WORKER] total=3150, fps=29.155, wait_avg_ms=9.31917, wait_max_ms=31.7235, clone_avg_ms=1.22331, clone_max_ms=3.01476, draw_avg_ms=0.593314, draw_max_ms=1.43825, resize_avg_ms=10.0588, resize_max_ms=48.812, last_clone_avg_ms=0.481242, last_clone_max_ms=0.859861, encode_avg_ms=4.72259, encode_max_ms=8.82436, write_avg_ms=0.0746594, write_max_ms=0.600853, total_avg_ms=26.4843, total_max_ms=74.5356, reuse_last=0, encode_ok=90, write_ok=90
Added frame to streaming queue, queue size: 2
Sent frame 3200 to RTSP (MPP encoded, size=468 bytes)
[IMX415] total=3240, fps=29.1989, read_avg_ms=4.83947 ms, read_max_ms=28.311 ms, dqbuf_avg_ms=0.0127397, dqbuf_max_ms=0.037918, cvt_avg_ms=4.63214, cvt_max_ms=28.0648, qbuf_avg_ms=0.186705, qbuf_max_ms=0.47514, person_interval=6, person_infer_count=15, person_reuse_count=75, person_infer_avg_ms=30.3659, person_infer_max_ms=36.6372, person_infer_last_ms=31.7913, helmet_interval=12, helmet_infer_count=7, helmet_reuse_count=83, helmet_infer_avg_ms=31.4811, helmet_infer_max_ms=35.9359, helmet_infer_last_ms=33.3067
[RTSP_WORKER] total=3240, fps=29.4529, wait_avg_ms=9.67583, wait_max_ms=24.6016, clone_avg_ms=1.17751, clone_max_ms=3.14689, draw_avg_ms=0.530808, draw_max_ms=1.39917, resize_avg_ms=10.8822, resize_max_ms=49.4093, last_clone_avg_ms=0.443725, last_clone_max_ms=0.738523, encode_avg_ms=4.50537, encode_max_ms=7.32252, write_avg_ms=0.0729935, write_max_ms=0.500515, total_avg_ms=27.2993, total_max_ms=76.9572, reuse_last=0, encode_ok=90, write_ok=90
Added frame to streaming queue, queue size: 1
Sent frame 3300 to RTSP (MPP encoded, size=1482 bytes)
[IMX415] total=3330, fps=28.9424, read_avg_ms=4.68702 ms, read_max_ms=20.8524 ms, dqbuf_avg_ms=0.0242902, dqbuf_max_ms=1.09758, cvt_avg_ms=4.4604, cvt_max_ms=20.6856, qbuf_avg_ms=0.194571, qbuf_max_ms=0.426138, person_interval=6, person_infer_count=15, person_reuse_count=75, person_infer_avg_ms=30.9945, person_infer_max_ms=38.7531, person_infer_last_ms=28.7063, helmet_interval=12, helmet_infer_count=8, helmet_reuse_count=82, helmet_infer_avg_ms=34.1656, helmet_infer_max_ms=43.1171, helmet_infer_last_ms=34.5953
[RTSP_WORKER] total=3330, fps=28.8133, wait_avg_ms=9.1102, wait_max_ms=32.391, clone_avg_ms=1.19448, clone_max_ms=2.98384, draw_avg_ms=0.602858, draw_max_ms=1.47763, resize_avg_ms=11.5351, resize_max_ms=63.5039, last_clone_avg_ms=0.454836, last_clone_max_ms=0.993739, encode_avg_ms=4.63857, encode_max_ms=8.92091, write_avg_ms=0.112567, write_max_ms=0.518017, total_avg_ms=27.6603, total_max_ms=85.7768, reuse_last=0, encode_ok=90, write_ok=90
Added frame to streaming queue, queue size: 1
Sent frame 3400 to RTSP (MPP encoded, size=558 bytes)
[IMX415] total=3420, fps=29.1254, read_avg_ms=3.39003 ms, read_max_ms=18.2909 ms, dqbuf_avg_ms=0.0121629, dqbuf_max_ms=0.028293, cvt_avg_ms=3.18283, cvt_max_ms=18.1459, qbuf_avg_ms=0.187441, qbuf_max_ms=0.401346, person_interval=6, person_infer_count=15, person_reuse_count=75, person_infer_avg_ms=30.4868, person_infer_max_ms=36.1764, person_infer_last_ms=36.1764, helmet_interval=12, helmet_infer_count=7, helmet_reuse_count=83, helmet_infer_avg_ms=36.416, helmet_infer_max_ms=43.589, helmet_infer_last_ms=33.4878
[RTSP_WORKER] total=3420, fps=28.8767, wait_avg_ms=10.3075, wait_max_ms=32.8697, clone_avg_ms=1.16048, clone_max_ms=2.09832, draw_avg_ms=0.558838, draw_max_ms=2.93193, resize_avg_ms=11.1204, resize_max_ms=46.9873, last_clone_avg_ms=0.453737, last_clone_max_ms=0.936571, encode_avg_ms=4.59915, encode_max_ms=10.8387, write_avg_ms=0.0701489, write_max_ms=0.586561, total_avg_ms=28.2813, total_max_ms=74.9916, reuse_last=0, encode_ok=90, write_ok=90
Added frame to streaming queue, queue size: 1
Sent frame 3500 to RTSP (MPP encoded, size=413 bytes)
[IMX415] total=3510, fps=28.6989, read_avg_ms=4.66603 ms, read_max_ms=19.4929 ms, dqbuf_avg_ms=0.011868, dqbuf_max_ms=0.036751, cvt_avg_ms=4.46169, cvt_max_ms=19.3675, qbuf_avg_ms=0.184848, qbuf_max_ms=0.79365, person_interval=6, person_infer_count=15, person_reuse_count=75, person_infer_avg_ms=33.4922, person_infer_max_ms=44.893, person_infer_last_ms=36.5054, helmet_interval=12, helmet_infer_count=8, helmet_reuse_count=82, helmet_infer_avg_ms=33.2341, helmet_infer_max_ms=37.1606, helmet_infer_last_ms=35.2997
[RTSP_WORKER] total=3510, fps=28.9451, wait_avg_ms=8.78834, wait_max_ms=31.7553, clone_avg_ms=1.32185, clone_max_ms=6.19374, draw_avg_ms=0.613567, draw_max_ms=1.11741, resize_avg_ms=12.3974, resize_max_ms=54.6372, last_clone_avg_ms=0.480766, last_clone_max_ms=1.1602, encode_avg_ms=4.55163, encode_max_ms=7.59057, write_avg_ms=0.0919816, write_max_ms=0.581602, total_avg_ms=28.2576, total_max_ms=84.2136, reuse_last=0, encode_ok=90, write_ok=90
[IMX415] total=3600, fps=29.214, read_avg_ms=4.865 ms, read_max_ms=23.7538 ms, dqbuf_avg_ms=0.0113786, dqbuf_max_ms=0.028584, cvt_avg_ms=4.66629, cvt_max_ms=23.4507, qbuf_avg_ms=0.179955, qbuf_max_ms=0.628853, person_interval=6, person_infer_count=15, person_reuse_count=75, person_infer_avg_ms=30.5672, person_infer_max_ms=39.4302, person_infer_last_ms=25.8579, helmet_interval=12, helmet_infer_count=7, helmet_reuse_count=83, helmet_infer_avg_ms=33.6595, helmet_infer_max_ms=42.6147, helmet_infer_last_ms=39.6759
Added frame to streaming queue, queue size: 1
Sent frame 3600 to RTSP (MPP encoded, size=480 bytes)
[RTSP_WORKER] total=3600, fps=29.3381, wait_avg_ms=9.44624, wait_max_ms=29.7701, clone_avg_ms=1.11949, clone_max_ms=2.98238, draw_avg_ms=0.534118, draw_max_ms=1.50634, resize_avg_ms=11.0424, resize_max_ms=47.3103, last_clone_avg_ms=0.422478, last_clone_max_ms=0.701481, encode_avg_ms=4.75848, encode_max_ms=22.32, write_avg_ms=0.0743903, write_max_ms=0.992282, total_avg_ms=27.4077, total_max_ms=73.6399, reuse_last=0, encode_ok=90, write_ok=90
[IMX415] total=3690, fps=28.9196, read_avg_ms=4.64867 ms, read_max_ms=24.3441 ms, dqbuf_avg_ms=0.012931, dqbuf_max_ms=0.033251, cvt_avg_ms=4.4317, cvt_max_ms=24.0414, qbuf_avg_ms=0.195681, qbuf_max_ms=0.42118, person_interval=6, person_infer_count=15, person_reuse_count=75, person_infer_avg_ms=32.0964, person_infer_max_ms=39.05, person_infer_last_ms=33.3956, helmet_interval=12, helmet_infer_count=8, helmet_reuse_count=82, helmet_infer_avg_ms=35.4151, helmet_infer_max_ms=38.455, helmet_infer_last_ms=34.6025
[RTSP_WORKER] total=3690, fps=28.8717, wait_avg_ms=9.16277, wait_max_ms=26.9908, clone_avg_ms=1.2117, clone_max_ms=2.44599, draw_avg_ms=0.554431, draw_max_ms=1.209, resize_avg_ms=11.1349, resize_max_ms=47.5334, last_clone_avg_ms=0.470143, last_clone_max_ms=0.892236, encode_avg_ms=4.65012, encode_max_ms=8.29701, write_avg_ms=0.0692892, write_max_ms=0.535225, total_avg_ms=27.2644, total_max_ms=77.5703, reuse_last=0, encode_ok=90, write_ok=90
Added frame to streaming queue, queue size: 1
Sent frame 3700 to RTSP (MPP encoded, size=403 bytes)
[IMX415] total=3780, fps=29.2911, read_avg_ms=4.19524 ms, read_max_ms=21.2174 ms, dqbuf_avg_ms=0.0123819, dqbuf_max_ms=0.030334, cvt_avg_ms=3.99911, cvt_max_ms=21.0488, qbuf_avg_ms=0.176233, qbuf_max_ms=0.345635, person_interval=6, person_infer_count=15, person_reuse_count=75, person_infer_avg_ms=32.003, person_infer_max_ms=37.8995, person_infer_last_ms=31.6065, helmet_interval=12, helmet_infer_count=7, helmet_reuse_count=83, helmet_infer_avg_ms=32.5943, helmet_infer_max_ms=34.9848, helmet_infer_last_ms=32.4525
[RTSP_WORKER] total=3780, fps=28.9672, wait_avg_ms=9.07594, wait_max_ms=31.1455, clone_avg_ms=1.16322, clone_max_ms=2.44395, draw_avg_ms=0.522265, draw_max_ms=1.10837, resize_avg_ms=11.4337, resize_max_ms=51.471, last_clone_avg_ms=0.411886, last_clone_max_ms=0.700897, encode_avg_ms=4.42122, encode_max_ms=7.4494, write_avg_ms=0.067847, write_max_ms=0.712272, total_avg_ms=27.106, total_max_ms=74.2351, reuse_last=0, encode_ok=90, write_ok=90
Added frame to streaming queue, queue size: 1
Sent frame 3800 to RTSP (MPP encoded, size=386 bytes)
[IMX415] total=3870, fps=29.0164, read_avg_ms=3.85393 ms, read_max_ms=17.5753 ms, dqbuf_avg_ms=0.0119101, dqbuf_max_ms=0.021292, cvt_avg_ms=3.64721, cvt_max_ms=17.402, qbuf_avg_ms=0.187176, qbuf_max_ms=0.412721, person_interval=6, person_infer_count=15, person_reuse_count=75, person_infer_avg_ms=32.0739, person_infer_max_ms=37.3093, person_infer_last_ms=31.8354, helmet_interval=12, helmet_infer_count=8, helmet_reuse_count=82, helmet_infer_avg_ms=32.7408, helmet_infer_max_ms=37.3008, helmet_infer_last_ms=31.3122
[RTSP_WORKER] total=3870, fps=29.2441, wait_avg_ms=9.22137, wait_max_ms=29.9717, clone_avg_ms=1.25006, clone_max_ms=4.02788, draw_avg_ms=0.583369, draw_max_ms=1.53684, resize_avg_ms=11.4076, resize_max_ms=51.1364, last_clone_avg_ms=0.453051, last_clone_max_ms=0.782566, encode_avg_ms=4.46633, encode_max_ms=6.62512, write_avg_ms=0.0701318, write_max_ms=0.862777, total_avg_ms=27.4627, total_max_ms=77.965, reuse_last=0, encode_ok=90, write_ok=90
Added frame to streaming queue, queue size: 1
Sent frame 3900 to RTSP (MPP encoded, size=376 bytes)
[IMX415] total=3960, fps=29.3417, read_avg_ms=4.21715 ms, read_max_ms=26.3242 ms, dqbuf_avg_ms=0.0124318, dqbuf_max_ms=0.033543, cvt_avg_ms=4.00504, cvt_max_ms=26.1157, qbuf_avg_ms=0.191726, qbuf_max_ms=0.445098, person_interval=6, person_infer_count=15, person_reuse_count=75, person_infer_avg_ms=31.9757, person_infer_max_ms=39.903, person_infer_last_ms=30.5332, helmet_interval=12, helmet_infer_count=7, helmet_reuse_count=83, helmet_infer_avg_ms=31.457, helmet_infer_max_ms=34.6445, helmet_infer_last_ms=34.474
[RTSP_WORKER] total=3960, fps=29.175, wait_avg_ms=10.0314, wait_max_ms=30.0358, clone_avg_ms=1.14785, clone_max_ms=2.32932, draw_avg_ms=0.536515, draw_max_ms=1.19541, resize_avg_ms=11.112, resize_max_ms=45.9506, last_clone_avg_ms=0.443507, last_clone_max_ms=0.774107, encode_avg_ms=4.59726, encode_max_ms=8.85528, write_avg_ms=0.0672539, write_max_ms=0.432264, total_avg_ms=27.9463, total_max_ms=75.3931, reuse_last=0, encode_ok=90, write_ok=90
Added frame to streaming queue, queue size: 1
Sent frame 4000 to RTSP (MPP encoded, size=1124 bytes)
[IMX415] total=4050, fps=28.9215, read_avg_ms=3.41598 ms, read_max_ms=22.3482 ms, dqbuf_avg_ms=0.0120656, dqbuf_max_ms=0.024792, cvt_avg_ms=3.2036, cvt_max_ms=22.037, qbuf_avg_ms=0.192896, qbuf_max_ms=0.42643, person_interval=6, person_infer_count=15, person_reuse_count=75, person_infer_avg_ms=33.299, person_infer_max_ms=37.7279, person_infer_last_ms=35.1541, helmet_interval=12, helmet_infer_count=8, helmet_reuse_count=82, helmet_infer_avg_ms=33.9639, helmet_infer_max_ms=37.264, helmet_infer_last_ms=36.2586
[RTSP_WORKER] total=4050, fps=29.1717, wait_avg_ms=8.53889, wait_max_ms=31.6182, clone_avg_ms=1.1868, clone_max_ms=3.54036, draw_avg_ms=0.535015, draw_max_ms=1.15824, resize_avg_ms=11.392, resize_max_ms=31.3444, last_clone_avg_ms=0.423913, last_clone_max_ms=0.762149, encode_avg_ms=4.61919, encode_max_ms=8.75523, write_avg_ms=0.0757871, write_max_ms=0.381221, total_avg_ms=26.782, total_max_ms=63.1409, reuse_last=0, encode_ok=90, write_ok=90
Added frame to streaming queue, queue size: 1
Sent frame 4100 to RTSP (MPP encoded, size=747 bytes)
[IMX415] total=4140, fps=28.8648, read_avg_ms=3.99962 ms, read_max_ms=25.3898 ms, dqbuf_avg_ms=0.0123865, dqbuf_max_ms=0.028001, cvt_avg_ms=3.77916, cvt_max_ms=25.2034, qbuf_avg_ms=0.200395, qbuf_max_ms=0.440431, person_interval=6, person_infer_count=15, person_reuse_count=75, person_infer_avg_ms=31.723, person_infer_max_ms=40.4503, person_infer_last_ms=30.8327, helmet_interval=12, helmet_infer_count=7, helmet_reuse_count=83, helmet_infer_avg_ms=37.1621, helmet_infer_max_ms=42.6676, helmet_infer_last_ms=34.68
[RTSP_WORKER] total=4140, fps=28.8767, wait_avg_ms=10.4523, wait_max_ms=31.9193, clone_avg_ms=1.17675, clone_max_ms=3.12647, draw_avg_ms=0.540182, draw_max_ms=1.52284, resize_avg_ms=10.537, resize_max_ms=50.7814, last_clone_avg_ms=0.441987, last_clone_max_ms=0.921113, encode_avg_ms=4.72474, encode_max_ms=15.8787, write_avg_ms=0.0783137, write_max_ms=0.596185, total_avg_ms=27.9617, total_max_ms=86.1981, reuse_last=0, encode_ok=90, write_ok=90
Added frame to streaming queue, queue size: 1
Sent frame 4200 to RTSP (MPP encoded, size=429 bytes)
[IMX415] total=4230, fps=28.7645, read_avg_ms=4.61977 ms, read_max_ms=30.0429 ms, dqbuf_avg_ms=0.0134981, dqbuf_max_ms=0.038792, cvt_avg_ms=4.41171, cvt_max_ms=29.8498, qbuf_avg_ms=0.187033, qbuf_max_ms=0.423805, person_interval=6, person_infer_count=15, person_reuse_count=75, person_infer_avg_ms=31.7962, person_infer_max_ms=45.8962, person_infer_last_ms=32.2329, helmet_interval=12, helmet_infer_count=8, helmet_reuse_count=82, helmet_infer_avg_ms=33.9573, helmet_infer_max_ms=39.9023, helmet_infer_last_ms=26.0249
[RTSP_WORKER] total=4230, fps=28.676, wait_avg_ms=8.51708, wait_max_ms=31.3353, clone_avg_ms=1.15403, clone_max_ms=2.06069, draw_avg_ms=0.543968, draw_max_ms=1.10391, resize_avg_ms=11.5835, resize_max_ms=49.5093, last_clone_avg_ms=0.457243, last_clone_max_ms=1.08095, encode_avg_ms=4.78637, encode_max_ms=11.538, write_avg_ms=0.0803062, write_max_ms=0.906821, total_avg_ms=27.1333, total_max_ms=84.4909, reuse_last=0, encode_ok=90, write_ok=90
Added frame to streaming queue, queue size: 1
Sent frame 4300 to RTSP (MPP encoded, size=436 bytes)
[IMX415] total=4320, fps=29.0796, read_avg_ms=3.98357 ms, read_max_ms=18.2294 ms, dqbuf_avg_ms=0.0117449, dqbuf_max_ms=0.035293, cvt_avg_ms=3.77478, cvt_max_ms=17.9331, qbuf_avg_ms=0.188987, qbuf_max_ms=0.398429, person_interval=6, person_infer_count=15, person_reuse_count=75, person_infer_avg_ms=32.1758, person_infer_max_ms=40.7106, person_infer_last_ms=31.1143, helmet_interval=12, helmet_infer_count=7, helmet_reuse_count=83, helmet_infer_avg_ms=34.2509, helmet_infer_max_ms=36.904, helmet_infer_last_ms=33.481
[RTSP_WORKER] total=4320, fps=28.9995, wait_avg_ms=9.39185, wait_max_ms=29.531, clone_avg_ms=1.22487, clone_max_ms=2.45649, draw_avg_ms=0.604391, draw_max_ms=1.1667, resize_avg_ms=10.6022, resize_max_ms=50.237, last_clone_avg_ms=0.467364, last_clone_max_ms=0.910321, encode_avg_ms=4.66683, encode_max_ms=9.30038, write_avg_ms=0.0685763, write_max_ms=0.47339, total_avg_ms=27.037, total_max_ms=79.8636, reuse_last=0, encode_ok=90, write_ok=90
Added frame to streaming queue, queue size: 1
Sent frame 4400 to RTSP (MPP encoded, size=840 bytes)
[IMX415] total=4410, fps=29.2461, read_avg_ms=4.47907 ms, read_max_ms=30.1882 ms, dqbuf_avg_ms=0.0123605, dqbuf_max_ms=0.031792, cvt_avg_ms=4.27062, cvt_max_ms=29.8866, qbuf_avg_ms=0.188624, qbuf_max_ms=0.422055, person_interval=6, person_infer_count=15, person_reuse_count=75, person_infer_avg_ms=30.9054, person_infer_max_ms=37.2452, person_infer_last_ms=30.3984, helmet_interval=12, helmet_infer_count=8, helmet_reuse_count=82, helmet_infer_avg_ms=32.4389, helmet_infer_max_ms=38.127, helmet_infer_last_ms=38.127
[RTSP_WORKER] total=4410, fps=29.4372, wait_avg_ms=8.97592, wait_max_ms=27.7492, clone_avg_ms=1.14369, clone_max_ms=1.92302, draw_avg_ms=0.540016, draw_max_ms=1.19616, resize_avg_ms=10.3082, resize_max_ms=44.9117, last_clone_avg_ms=0.452168, last_clone_max_ms=0.759524, encode_avg_ms=4.60575, encode_max_ms=9.71135, write_avg_ms=0.0834323, write_max_ms=0.904195, total_avg_ms=26.1198, total_max_ms=70.4123, reuse_last=0, encode_ok=90, write_ok=90
[IMX415] total=4500, fps=28.9501, read_avg_ms=4.33171 ms, read_max_ms=22.1327 ms, dqbuf_avg_ms=0.01203, dqbuf_max_ms=0.025376, cvt_avg_ms=4.13237, cvt_max_ms=21.8666, qbuf_avg_ms=0.17992, qbuf_max_ms=0.448598, person_interval=6, person_infer_count=15, person_reuse_count=75, person_infer_avg_ms=32.7301, person_infer_max_ms=40.0822, person_infer_last_ms=34.6144, helmet_interval=12, helmet_infer_count=7, helmet_reuse_count=83, helmet_infer_avg_ms=34.4638, helmet_infer_max_ms=38.0633, helmet_infer_last_ms=33.6625
Added frame to streaming queue, queue size: 1
Sent frame 4500 to RTSP (MPP encoded, size=401 bytes)
[RTSP_WORKER] total=4500, fps=28.9051, wait_avg_ms=9.66597, wait_max_ms=30.5707, clone_avg_ms=1.25069, clone_max_ms=4.4501, draw_avg_ms=0.613267, draw_max_ms=1.50592, resize_avg_ms=11.0976, resize_max_ms=43.7749, last_clone_avg_ms=0.474738, last_clone_max_ms=0.865402, encode_avg_ms=4.68897, encode_max_ms=9.35113, write_avg_ms=0.0692179, write_max_ms=0.32201, total_avg_ms=27.8721, total_max_ms=70.302, reuse_last=0, encode_ok=90, write_ok=90
[IMX415] total=4590, fps=29.3697, read_avg_ms=4.40192 ms, read_max_ms=21.9951 ms, dqbuf_avg_ms=0.0125864, dqbuf_max_ms=0.041418, cvt_avg_ms=4.17766, cvt_max_ms=21.7836, qbuf_avg_ms=0.203384, qbuf_max_ms=0.507516, person_interval=6, person_infer_count=15, person_reuse_count=75, person_infer_avg_ms=32.5565, person_infer_max_ms=38.0866, person_infer_last_ms=27.37, helmet_interval=12, helmet_infer_count=8, helmet_reuse_count=82, helmet_infer_avg_ms=32.0081, helmet_infer_max_ms=36.3846, helmet_infer_last_ms=28.042
[RTSP_WORKER] total=4590, fps=29.4817, wait_avg_ms=8.66491, wait_max_ms=27.5004, clone_avg_ms=1.24634, clone_max_ms=3.29681, draw_avg_ms=0.584372, draw_max_ms=1.44175, resize_avg_ms=10.8247, resize_max_ms=53.3093, last_clone_avg_ms=0.470687, last_clone_max_ms=1.32508, encode_avg_ms=4.64125, encode_max_ms=8.01175, write_avg_ms=0.0796145, write_max_ms=0.84936, total_avg_ms=26.5232, total_max_ms=80.0526, reuse_last=0, encode_ok=90, write_ok=90
Added frame to streaming queue, queue size: 1
Sent frame 4600 to RTSP (MPP encoded, size=506 bytes)
[IMX415] total=4680, fps=29.229, read_avg_ms=4.3979 ms, read_max_ms=22.9908 ms, dqbuf_avg_ms=0.0119328, dqbuf_max_ms=0.081961, cvt_avg_ms=4.19798, cvt_max_ms=22.779, qbuf_avg_ms=0.180641, qbuf_max_ms=0.429347, person_interval=6, person_infer_count=15, person_reuse_count=75, person_infer_avg_ms=31.0407, person_infer_max_ms=40.1326, person_infer_last_ms=23.7262, helmet_interval=12, helmet_infer_count=7, helmet_reuse_count=83, helmet_infer_avg_ms=32.9732, helmet_infer_max_ms=37.3764, helmet_infer_last_ms=31.5297
[RTSP_WORKER] total=4680, fps=29.2147, wait_avg_ms=9.94005, wait_max_ms=25.9471, clone_avg_ms=1.29306, clone_max_ms=2.93776, draw_avg_ms=0.60673, draw_max_ms=1.21104, resize_avg_ms=10.4281, resize_max_ms=51.8126, last_clone_avg_ms=0.468667, last_clone_max_ms=0.835068, encode_avg_ms=4.65916, encode_max_ms=7.4879, write_avg_ms=0.147613, write_max_ms=1.12179, total_avg_ms=27.5551, total_max_ms=70.0235, reuse_last=0, encode_ok=90, write_ok=90
Added frame to streaming queue, queue size: 1
Sent frame 4700 to RTSP (MPP encoded, size=9914 bytes)
[IMX415] total=4770, fps=28.9091, read_avg_ms=4.6569 ms, read_max_ms=23.7496 ms, dqbuf_avg_ms=0.0132939, dqbuf_max_ms=0.058627, cvt_avg_ms=4.44468, cvt_max_ms=23.5323, qbuf_avg_ms=0.191038, qbuf_max_ms=0.434889, person_interval=6, person_infer_count=15, person_reuse_count=75, person_infer_avg_ms=31.0758, person_infer_max_ms=35.6681, person_infer_last_ms=31.0067, helmet_interval=12, helmet_infer_count=8, helmet_reuse_count=82, helmet_infer_avg_ms=31.8455, helmet_infer_max_ms=34.7607, helmet_infer_last_ms=26.9581
[RTSP_WORKER] total=4770, fps=28.7692, wait_avg_ms=9.40674, wait_max_ms=31.4163, clone_avg_ms=1.23605, clone_max_ms=2.16423, draw_avg_ms=0.594332, draw_max_ms=1.369, resize_avg_ms=10.5492, resize_max_ms=43.1587, last_clone_avg_ms=0.455954, last_clone_max_ms=1.07803, encode_avg_ms=4.6213, encode_max_ms=8.14551, write_avg_ms=0.126817, write_max_ms=0.876486, total_avg_ms=27.0015, total_max_ms=61.6408, reuse_last=0, encode_ok=90, write_ok=90
Added frame to streaming queue, queue size: 1
Sent frame 4800 to RTSP (MPP encoded, size=14588 bytes)
[IMX415] total=4860, fps=29.0973, read_avg_ms=4.19353 ms, read_max_ms=19.901 ms, dqbuf_avg_ms=0.012513, dqbuf_max_ms=0.025959, cvt_avg_ms=3.98145, cvt_max_ms=19.7306, qbuf_avg_ms=0.191627, qbuf_max_ms=0.410388, person_interval=6, person_infer_count=15, person_reuse_count=75, person_infer_avg_ms=32.8716, person_infer_max_ms=38.0346, person_infer_last_ms=34.2718, helmet_interval=12, helmet_infer_count=7, helmet_reuse_count=83, helmet_infer_avg_ms=29.9093, helmet_infer_max_ms=35.5429, helmet_infer_last_ms=35.5429
[RTSP_WORKER] total=4860, fps=29.025, wait_avg_ms=9.07937, wait_max_ms=25.641, clone_avg_ms=1.18323, clone_max_ms=2.39903, draw_avg_ms=0.501617, draw_max_ms=1.17749, resize_avg_ms=11.7189, resize_max_ms=50.2757, last_clone_avg_ms=0.461533, last_clone_max_ms=0.786358, encode_avg_ms=4.68033, encode_max_ms=7.20964, write_avg_ms=0.138763, write_max_ms=1.00278, total_avg_ms=27.7754, total_max_ms=77.5392, reuse_last=0, encode_ok=90, write_ok=90
Added frame to streaming queue, queue size: 1
Sent frame 4900 to RTSP (MPP encoded, size=3618 bytes)
[IMX415] total=4950, fps=29.0708, read_avg_ms=3.98032 ms, read_max_ms=21.4498 ms, dqbuf_avg_ms=0.0122212, dqbuf_max_ms=0.023917, cvt_avg_ms=3.76986, cvt_max_ms=21.211, qbuf_avg_ms=0.190545, qbuf_max_ms=0.411846, person_interval=6, person_infer_count=15, person_reuse_count=75, person_infer_avg_ms=31.1734, person_infer_max_ms=39.1381, person_infer_last_ms=31.135, helmet_interval=12, helmet_infer_count=8, helmet_reuse_count=82, helmet_infer_avg_ms=34.3779, helmet_infer_max_ms=39.7945, helmet_infer_last_ms=29.7909
[RTSP_WORKER] total=4950, fps=29.243, wait_avg_ms=8.61659, wait_max_ms=27.6466, clone_avg_ms=1.22778, clone_max_ms=3.33794, draw_avg_ms=0.543655, draw_max_ms=1.55638, resize_avg_ms=11.6081, resize_max_ms=47.7662, last_clone_avg_ms=0.440523, last_clone_max_ms=0.754857, encode_avg_ms=4.58362, encode_max_ms=8.64461, write_avg_ms=0.119057, write_max_ms=0.83286, total_avg_ms=27.1503, total_max_ms=76.6517, reuse_last=0, encode_ok=90, write_ok=90
Added frame to streaming queue, queue size: 1
Sent frame 5000 to RTSP (MPP encoded, size=390 bytes)
[IMX415] total=5040, fps=29.2516, read_avg_ms=4.12706 ms, read_max_ms=24.0433 ms, dqbuf_avg_ms=0.0124481, dqbuf_max_ms=0.023334, cvt_avg_ms=3.90814, cvt_max_ms=23.7405, qbuf_avg_ms=0.198892, qbuf_max_ms=0.434597, person_interval=6, person_infer_count=15, person_reuse_count=75, person_infer_avg_ms=31.2189, person_infer_max_ms=38.7613, person_infer_last_ms=34.8095, helmet_interval=12, helmet_infer_count=7, helmet_reuse_count=83, helmet_infer_avg_ms=35.9961, helmet_infer_max_ms=39.8857, helmet_infer_last_ms=37.2778
[RTSP_WORKER] total=5040, fps=29.0513, wait_avg_ms=8.48927, wait_max_ms=27.1406, clone_avg_ms=1.15362, clone_max_ms=3.66578, draw_avg_ms=0.539963, draw_max_ms=1.62084, resize_avg_ms=11.1133, resize_max_ms=50.1143, last_clone_avg_ms=0.419536, last_clone_max_ms=1.34842, encode_avg_ms=4.51416, encode_max_ms=7.86475, write_avg_ms=0.0690332, write_max_ms=0.984406, total_avg_ms=26.3085, total_max_ms=71.1911, reuse_last=0, encode_ok=90, write_ok=90
Added frame to streaming queue, queue size: 1
Sent frame 5100 to RTSP (MPP encoded, size=463 bytes)
[IMX415] total=5130, fps=29.1859, read_avg_ms=4.04947 ms, read_max_ms=23.2425 ms, dqbuf_avg_ms=0.012568, dqbuf_max_ms=0.039668, cvt_avg_ms=3.83184, cvt_max_ms=22.9444, qbuf_avg_ms=0.196128, qbuf_max_ms=0.662687, person_interval=6, person_infer_count=15, person_reuse_count=75, person_infer_avg_ms=33.0866, person_infer_max_ms=41.968, person_infer_last_ms=30.2177, helmet_interval=12, helmet_infer_count=8, helmet_reuse_count=82, helmet_infer_avg_ms=32.1707, helmet_infer_max_ms=39.726, helmet_infer_last_ms=31.0271
[RTSP_WORKER] total=5130, fps=29.2331, wait_avg_ms=9.19191, wait_max_ms=26.5057, clone_avg_ms=1.18884, clone_max_ms=3.13231, draw_avg_ms=0.578335, draw_max_ms=1.49863, resize_avg_ms=10.8982, resize_max_ms=46.7939, last_clone_avg_ms=0.453363, last_clone_max_ms=0.797733, encode_avg_ms=4.6846, encode_max_ms=11.9074, write_avg_ms=0.0777057, write_max_ms=0.945321, total_avg_ms=27.0845, total_max_ms=78.9131, reuse_last=0, encode_ok=90, write_ok=90
Added frame to streaming queue, queue size: 1
Sent frame 5200 to RTSP (MPP encoded, size=343 bytes)
[IMX415] total=5220, fps=29.038, read_avg_ms=4.52237 ms, read_max_ms=23.2668 ms, dqbuf_avg_ms=0.0115568, dqbuf_max_ms=0.022167, cvt_avg_ms=4.32042, cvt_max_ms=22.9684, qbuf_avg_ms=0.182783, qbuf_max_ms=0.427013, person_interval=6, person_infer_count=15, person_reuse_count=75, person_infer_avg_ms=30.0861, person_infer_max_ms=35.4585, person_infer_last_ms=31.0276, helmet_interval=12, helmet_infer_count=7, helmet_reuse_count=83, helmet_infer_avg_ms=32.6731, helmet_infer_max_ms=44.0401, helmet_infer_last_ms=44.0401
[RTSP_WORKER] total=5220, fps=28.9658, wait_avg_ms=10.2637, wait_max_ms=28.0568, clone_avg_ms=1.25182, clone_max_ms=3.09322, draw_avg_ms=0.613986, draw_max_ms=1.5733, resize_avg_ms=10.5011, resize_max_ms=52.3013, last_clone_avg_ms=0.458541, last_clone_max_ms=1.36709, encode_avg_ms=4.61365, encode_max_ms=7.09035, write_avg_ms=0.0726694, write_max_ms=0.613102, total_avg_ms=27.7866, total_max_ms=80.6125, reuse_last=0, encode_ok=90, write_ok=90
Added frame to streaming queue, queue size: 1
Sent frame 5300 to RTSP (MPP encoded, size=327 bytes)
[IMX415] total=5310, fps=28.9718, read_avg_ms=4.26641 ms, read_max_ms=23.1713 ms, dqbuf_avg_ms=0.0124578, dqbuf_max_ms=0.048126, cvt_avg_ms=4.05362, cvt_max_ms=22.8674, qbuf_avg_ms=0.192614, qbuf_max_ms=0.609895, person_interval=6, person_infer_count=15, person_reuse_count=75, person_infer_avg_ms=31.9359, person_infer_max_ms=35.776, person_infer_last_ms=28.3932, helmet_interval=12, helmet_infer_count=8, helmet_reuse_count=82, helmet_infer_avg_ms=32.2917, helmet_infer_max_ms=37.5732, helmet_infer_last_ms=24.8991
[RTSP_WORKER] total=5310, fps=29.2384, wait_avg_ms=9.37263, wait_max_ms=31.0582, clone_avg_ms=1.14948, clone_max_ms=3.04014, draw_avg_ms=0.536233, draw_max_ms=1.62668, resize_avg_ms=11.401, resize_max_ms=53.0968, last_clone_avg_ms=0.416427, last_clone_max_ms=0.742024, encode_avg_ms=4.50084, encode_max_ms=8.06163, write_avg_ms=0.0679003, write_max_ms=0.388804, total_avg_ms=27.4549, total_max_ms=77.7716, reuse_last=0, encode_ok=90, write_ok=90